                                      1 ;--------------------------------------------------------
                                      2 ; File Created by SDCC : free open source ANSI-C Compiler
                                      3 ; Version 4.2.0 #13081 (MINGW64)
                                      4 ;--------------------------------------------------------
                                      5 	.module soccerlg_s7_b3
                                      6 	.optsdcc -mz80
                                      7 	
                                      8 ;--------------------------------------------------------
                                      9 ; Public variables in this module
                                     10 ;--------------------------------------------------------
                                     11 	.globl _Keyboard_IsKeyPressed
                                     12 	.globl _Joystick_Read
                                     13 	.globl _g_SLTSL
                                     14 	.globl _g_GRPACY
                                     15 	.globl _g_GRPACX
                                     16 	.globl _g_LOGOPR
                                     17 	.globl _g_CMASK
                                     18 	.globl _g_CLOC
                                     19 	.globl _g_FNKSTR
                                     20 	.globl _g_ATRBYT
                                     21 	.globl _g_BDRCLR
                                     22 	.globl _g_BAKCLR
                                     23 	.globl _g_FORCLR
                                     24 	.globl _g_CSRX
                                     25 	.globl _g_CSRY
                                     26 	.globl _g_CLIKSW
                                     27 	.globl _g_MLTPAT
                                     28 	.globl _g_MLTATR
                                     29 	.globl _g_MLTCGP
                                     30 	.globl _g_MLTCOL
                                     31 	.globl _g_MLTNAM
                                     32 	.globl _g_GRPPAT
                                     33 	.globl _g_GRPATR
                                     34 	.globl _g_GRPCGP
                                     35 	.globl _g_GRPCOL
                                     36 	.globl _g_GRPNAM
                                     37 	.globl _g_T32PAT
                                     38 	.globl _g_T32ATR
                                     39 	.globl _g_T32CGP
                                     40 	.globl _g_T32COL
                                     41 	.globl _g_T32NAM
                                     42 	.globl _g_TXTPAT
                                     43 	.globl _g_TXTATR
                                     44 	.globl _g_TXTCGP
                                     45 	.globl _g_TXTCOL
                                     46 	.globl _g_TXTNAM
                                     47 	.globl _g_CLMLST
                                     48 	.globl _g_CRTCNT
                                     49 	.globl _g_LINLEN
                                     50 	.globl _g_LINL32
                                     51 	.globl _g_LINL40
                                     52 	.globl _g_BDOS
                                     53 	.globl _g_MASTER
                                     54 	.globl _g_RAMAD3
                                     55 	.globl _g_RAMAD2
                                     56 	.globl _g_RAMAD1
                                     57 	.globl _g_RAMAD0
                                     58 	.globl _g_BREAKV
                                     59 	.globl _g_DISKVE
                                     60 	.globl _g_KANJTABLE
                                     61 	.globl _g_STRSRC
                                     62 	.globl _g_SUBRID
                                     63 	.globl _g_CHAR_16
                                     64 	.globl _g_MSXMID
                                     65 	.globl _g_MSXVER
                                     66 	.globl _g_ROMVersion
                                     67 	.globl _g_BASRVN
                                     68 	.globl _g_VDP_DW
                                     69 	.globl _g_VDP_DR
                                     70 	.globl _g_CGTABL
                                     71 	.globl _g_SVFFFD
                                     72 	.globl _g_RG27SAV
                                     73 	.globl _g_RG26SAV
                                     74 	.globl _g_RG25SAV
                                     75 	.globl _g_SVFFF8
                                     76 	.globl _g_MINROM
                                     77 	.globl _g_RG23SAV
                                     78 	.globl _g_RG22SAV
                                     79 	.globl _g_RG21SAV
                                     80 	.globl _g_RG20SAV
                                     81 	.globl _g_RG19SAV
                                     82 	.globl _g_RG18SAV
                                     83 	.globl _g_RG17SAV
                                     84 	.globl _g_RG16SAV
                                     85 	.globl _g_RG15SAV
                                     86 	.globl _g_RG14SAV
                                     87 	.globl _g_RG13SAV
                                     88 	.globl _g_RG12SAV
                                     89 	.globl _g_RG11SAV
                                     90 	.globl _g_RG10SAV
                                     91 	.globl _g_RG09SAV
                                     92 	.globl _g_RG08SAV
                                     93 	.globl _g_PROCNM
                                     94 	.globl _g_SLTWRK
                                     95 	.globl _g_SLTATR
                                     96 	.globl _g_SLTTBL
                                     97 	.globl _g_EXPTBL
                                     98 	.globl _g_MNROM
                                     99 	.globl _g_DRWANG
                                    100 	.globl _g_DRWSCL
                                    101 	.globl _g_DRWFLG
                                    102 	.globl _g_GYPOS
                                    103 	.globl _g_GXPOS
                                    104 	.globl _g_BRDATR
                                    105 	.globl _g_CASPRV
                                    106 	.globl _g_OLDSCR
                                    107 	.globl _g_SCRMOD
                                    108 	.globl _g_FLBMEM
                                    109 	.globl _g_KANAMD
                                    110 	.globl _g_KANAST
                                    111 	.globl _g_CAPST
                                    112 	.globl _g_CSTYLE
                                    113 	.globl _g_CSRSW
                                    114 	.globl _g_INSFLG
                                    115 	.globl _g_ESCCNT
                                    116 	.globl _g_GRPHED
                                    117 	.globl _g_WINWID
                                    118 	.globl _g_LOWLIM
                                    119 	.globl _g_INTCNT
                                    120 	.globl _g_INTVAL
                                    121 	.globl _g_JIFFY
                                    122 	.globl _g_PADX
                                    123 	.globl _g_PADY
                                    124 	.globl _g_INTFLG
                                    125 	.globl _g_RTYCNT
                                    126 	.globl _g_TRPTBL
                                    127 	.globl _g_HIMEM
                                    128 	.globl _g_BOTTOM
                                    129 	.globl _g_PATWRK
                                    130 	.globl _g_LINWRK
                                    131 	.globl _g_KEYBUF
                                    132 	.globl _g_NEWKEY
                                    133 	.globl _g_OLDKEY
                                    134 	.globl _g_CLIKFL
                                    135 	.globl _g_ONGSBF
                                    136 	.globl _g_FNKFLG
                                    137 	.globl _g_FNKSWI
                                    138 	.globl _g_CODSAV
                                    139 	.globl _g_FSTPOS
                                    140 	.globl _g_LINTTB
                                    141 	.globl _g_BASROM
                                    142 	.globl _g_ENSTOP
                                    143 	.globl _g_VCBC
                                    144 	.globl _g_VCBB
                                    145 	.globl _g_VCBA
                                    146 	.globl _g_PLYCNT
                                    147 	.globl _g_MUSICF
                                    148 	.globl _g_QUEUEN
                                    149 	.globl _g_MCLPTR
                                    150 	.globl _g_MCLLEN
                                    151 	.globl _g_SAVVOL
                                    152 	.globl _g_VOICEN
                                    153 	.globl _g_SAVSP
                                    154 	.globl _g_PRSCNT
                                    155 	.globl _g_LSTMOD
                                    156 	.globl _g_LSTCOM
                                    157 	.globl _g_COMMSK
                                    158 	.globl _g_ESTBLS
                                    159 	.globl _g_FLAGS
                                    160 	.globl _g_ERRORS
                                    161 	.globl _g_DATCNT
                                    162 	.globl _g_DEVNUM
                                    163 	.globl _g_OLDINT
                                    164 	.globl _g_OLDSTT
                                    165 	.globl _g_MEXBIh
                                    166 	.globl _g_RSIQLN
                                    167 	.globl _g_RSFCB
                                    168 	.globl _g_TOCNT
                                    169 	.globl _g_RSTMP
                                    170 	.globl _g_YSAVE
                                    171 	.globl _g_XSAVE
                                    172 	.globl _g_NORUSE
                                    173 	.globl _g_MODE
                                    174 	.globl _g_ROMA
                                    175 	.globl _g_CHRCNT
                                    176 	.globl _g_EXBRSA
                                    177 	.globl _g_AVCSAV
                                    178 	.globl _g_ACPAGE
                                    179 	.globl _g_DPPAGE
                                    180 	.globl _g_RS2IQ
                                    181 	.globl _g_VOICCQ
                                    182 	.globl _g_VOICBQ
                                    183 	.globl _g_VOICAQ
                                    184 	.globl _g_QUEBAK
                                    185 	.globl _g_QUETAB
                                    186 	.globl _g_ASPCT2
                                    187 	.globl _g_ASPCT1
                                    188 	.globl _g_HEADER
                                    189 	.globl _g_HIGH
                                    190 	.globl _g_LOW
                                    191 	.globl _g_CS240
                                    192 	.globl _g_CS120
                                    193 	.globl _g_GETPNT
                                    194 	.globl _g_PUTPNT
                                    195 	.globl _g_REPCNT
                                    196 	.globl _g_SCNCNT
                                    197 	.globl _g_FRCNEW
                                    198 	.globl _g_QUEUES
                                    199 	.globl _g_MINUPD
                                    200 	.globl _g_MAXUPD
                                    201 	.globl _g_TRGFLG
                                    202 	.globl _g_STATFL
                                    203 	.globl _g_RG7SAV
                                    204 	.globl _g_RG6SAV
                                    205 	.globl _g_RG5SAV
                                    206 	.globl _g_RG4SAV
                                    207 	.globl _g_RG3SAV
                                    208 	.globl _g_RG2SAV
                                    209 	.globl _g_RG1SAV
                                    210 	.globl _g_RG0SAV
                                    211 	.globl _g_CNSDFG
                                    212 	.globl _g_USRTAB
                                    213 	.globl _g_CLPRIM
                                    214 	.globl _g_WRPRIM
                                    215 	.globl _g_RDPRIM
                                    216 	.globl _IsTeamJoystickTriggerPressed
                                    217 	.globl _GetJoystickDirection
                                    218 	.globl _UpdateAllInputs
                                    219 ;--------------------------------------------------------
                                    220 ; special function registers
                                    221 ;--------------------------------------------------------
                         000000A8   222 _g_PortPrimarySlot	=	0x00a8
                         000000A9   223 _g_PortReadKeyboard	=	0x00a9
                         000000AA   224 _g_PortAccessKeyboard	=	0x00aa
                         000000AB   225 _g_PortControl	=	0x00ab
                         00000098   226 _g_VDP_DataPort	=	0x0098
                         00000099   227 _g_VDP_RegPort	=	0x0099
                         00000099   228 _g_VDP_AddrPort	=	0x0099
                         00000099   229 _g_VDP_StatPort	=	0x0099
                         0000009A   230 _g_VDP_PalPort	=	0x009a
                         0000009B   231 _g_VDP_IRegPort	=	0x009b
                         000000A0   232 _g_PSG_RegPort	=	0x00a0
                         000000A1   233 _g_PSG_DataPort	=	0x00a1
                         000000A2   234 _g_PSG_StatPort	=	0x00a2
                         00000010   235 _g_PSG_Ext_RegPort	=	0x0010
                         00000011   236 _g_PSG_Ext_DataPort	=	0x0011
                         00000012   237 _g_PSG_Ext_StatPort	=	0x0012
                         0000007C   238 _g_MSXMusic_IndexPort	=	0x007c
                         0000007D   239 _g_MSXMusic_DataPort	=	0x007d
                         000000C0   240 _g_MSXAudio_IndexPort	=	0x00c0
                         000000C1   241 _g_MSXAudio_DataPort	=	0x00c1
                         000000C2   242 _g_MSXAudio_IndexPort2	=	0x00c2
                         000000C3   243 _g_MSXAudio_DataPort2	=	0x00c3
                         000000B4   244 _g_RTC_AddrPort	=	0x00b4
                         000000B5   245 _g_RTC_DataPort	=	0x00b5
                                    246 ;--------------------------------------------------------
                                    247 ; ram data
                                    248 ;--------------------------------------------------------
                                    249 	.area _DATA
                         0000F3AE   250 _g_LINL40	=	0xf3ae
                         0000F3AF   251 _g_LINL32	=	0xf3af
                         0000F3B0   252 _g_LINLEN	=	0xf3b0
                         0000F3B1   253 _g_CRTCNT	=	0xf3b1
                         0000F3B2   254 _g_CLMLST	=	0xf3b2
                         0000F3B3   255 _g_TXTNAM	=	0xf3b3
                         0000F3B5   256 _g_TXTCOL	=	0xf3b5
                         0000F3B7   257 _g_TXTCGP	=	0xf3b7
                         0000F3B9   258 _g_TXTATR	=	0xf3b9
                         0000F3BB   259 _g_TXTPAT	=	0xf3bb
                         0000F3BD   260 _g_T32NAM	=	0xf3bd
                         0000F3BF   261 _g_T32COL	=	0xf3bf
                         0000F3C1   262 _g_T32CGP	=	0xf3c1
                         0000F3C3   263 _g_T32ATR	=	0xf3c3
                         0000F3C5   264 _g_T32PAT	=	0xf3c5
                         0000F3C7   265 _g_GRPNAM	=	0xf3c7
                         0000F3C9   266 _g_GRPCOL	=	0xf3c9
                         0000F3CB   267 _g_GRPCGP	=	0xf3cb
                         0000F3CD   268 _g_GRPATR	=	0xf3cd
                         0000F3CF   269 _g_GRPPAT	=	0xf3cf
                         0000F3D1   270 _g_MLTNAM	=	0xf3d1
                         0000F3D3   271 _g_MLTCOL	=	0xf3d3
                         0000F3D5   272 _g_MLTCGP	=	0xf3d5
                         0000F3D7   273 _g_MLTATR	=	0xf3d7
                         0000F3D9   274 _g_MLTPAT	=	0xf3d9
                         0000F3DB   275 _g_CLIKSW	=	0xf3db
                         0000F3DC   276 _g_CSRY	=	0xf3dc
                         0000F3DD   277 _g_CSRX	=	0xf3dd
                         0000F3E9   278 _g_FORCLR	=	0xf3e9
                         0000F3EA   279 _g_BAKCLR	=	0xf3ea
                         0000F3EB   280 _g_BDRCLR	=	0xf3eb
                         0000F3F2   281 _g_ATRBYT	=	0xf3f2
                         0000F87F   282 _g_FNKSTR	=	0xf87f
                         0000F92A   283 _g_CLOC	=	0xf92a
                         0000F92C   284 _g_CMASK	=	0xf92c
                         0000FB02   285 _g_LOGOPR	=	0xfb02
                         0000FCB7   286 _g_GRPACX	=	0xfcb7
                         0000FCB9   287 _g_GRPACY	=	0xfcb9
                         0000FFFF   288 _g_SLTSL	=	0xffff
    00000000                        289 _UpdateAllInputs_s_prev_trigger_state_65536_787:
    00000000                        290 	.ds 2
                                    291 ;--------------------------------------------------------
                                    292 ; ram data
                                    293 ;--------------------------------------------------------
                                    294 	.area _INITIALIZED
                                    295 ;--------------------------------------------------------
                                    296 ; absolute external ram data
                                    297 ;--------------------------------------------------------
                                    298 	.area _DABS (ABS)
                                    299 ;--------------------------------------------------------
                                    300 ; global & static initialisations
                                    301 ;--------------------------------------------------------
                                    302 	.area _HOME
                                    303 	.area _GSINIT
                                    304 	.area _GSFINAL
                                    305 	.area _GSINIT
                                    306 ;E:\Dropbox\FAUSTO\SVILUPPI\MSX\CODE\C\MSXgl\projects\soccerlgMSX2/soccerlg_s7_b3.c:114: static bool s_prev_trigger_state[2] = {FALSE, FALSE};
    00000000 01r00r00         [10]  307 	ld	bc, #_UpdateAllInputs_s_prev_trigger_state_65536_787+0
    00000003 AF               [ 4]  308 	xor	a, a
    00000004 02               [ 7]  309 	ld	(bc), a
    00000005 03               [ 6]  310 	inc	bc
    00000006 AF               [ 4]  311 	xor	a, a
    00000007 02               [ 7]  312 	ld	(bc), a
                                    313 ;--------------------------------------------------------
                                    314 ; Home
                                    315 ;--------------------------------------------------------
                                    316 	.area _HOME
                                    317 	.area _HOME
                                    318 ;--------------------------------------------------------
                                    319 ; code
                                    320 ;--------------------------------------------------------
                                    321 	.area _SEG7
                                    322 ;E:\Dropbox\FAUSTO\SVILUPPI\MSX\CODE\C\MSXgl\projects\soccerlgMSX2/soccerlg_s7_b3.c:20: bool IsTeamJoystickTriggerPressed(u8 player){		
                                    323 ;	---------------------------------
                                    324 ; Function IsTeamJoystickTriggerPressed
                                    325 ; ---------------------------------
    00000000                        326 _IsTeamJoystickTriggerPressed::
                                    327 ;E:\Dropbox\FAUSTO\SVILUPPI\MSX\CODE\C\MSXgl\projects\soccerlgMSX2/soccerlg_s7_b3.c:21: if (player == 0) { // Player 1 (Joystick 1 + Tastiera)
    00000000 B7               [ 4]  328 	or	a, a
    00000001 20 17            [12]  329 	jr	NZ, 00108$
                                    330 ;E:\Dropbox\FAUSTO\SVILUPPI\MSX\CODE\C\MSXgl\projects\soccerlgMSX2/soccerlg_s7_b3.c:22: u8 joyStat = Joystick_Read(JOY_PORT_1);
    00000003 2E 0F            [ 7]  331 	ld	l, #0x0f
                                    332 ;	spillPairReg hl
                                    333 ;	spillPairReg hl
    00000005 CDr00r00         [17]  334 	call	_Joystick_Read
                                    335 ;E:\Dropbox\FAUSTO\SVILUPPI\MSX\CODE\C\MSXgl\projects\soccerlgMSX2/soccerlg_s7_b3.c:23: if (IS_JOY_PRESSED(joyStat, JOY_INPUT_TRIGGER_A))
    00000008 CB 65            [ 8]  336 	bit	4, l
    0000000A 20 03            [12]  337 	jr	NZ, 00102$
                                    338 ;E:\Dropbox\FAUSTO\SVILUPPI\MSX\CODE\C\MSXgl\projects\soccerlgMSX2/soccerlg_s7_b3.c:25: return true;
    0000000C 3E 01            [ 7]  339 	ld	a, #0x01
    0000000E C9               [10]  340 	ret
    0000000F                        341 00102$:
                                    342 ;E:\Dropbox\FAUSTO\SVILUPPI\MSX\CODE\C\MSXgl\projects\soccerlgMSX2/soccerlg_s7_b3.c:27: if(Keyboard_IsKeyPressed(KEY_SPACE))
    0000000F 3E 08            [ 7]  343 	ld	a, #0x08
    00000011 CDr00r00         [17]  344 	call	_Keyboard_IsKeyPressed
    00000014 B7               [ 4]  345 	or	a, a
    00000015 28 0D            [12]  346 	jr	Z, 00109$
                                    347 ;E:\Dropbox\FAUSTO\SVILUPPI\MSX\CODE\C\MSXgl\projects\soccerlgMSX2/soccerlg_s7_b3.c:29: return true;
    00000017 3E 01            [ 7]  348 	ld	a, #0x01
    00000019 C9               [10]  349 	ret
    0000001A                        350 00108$:
                                    351 ;E:\Dropbox\FAUSTO\SVILUPPI\MSX\CODE\C\MSXgl\projects\soccerlgMSX2/soccerlg_s7_b3.c:32: u8 joyStat = Joystick_Read(JOY_PORT_2);
    0000001A 2E 4F            [ 7]  352 	ld	l, #0x4f
                                    353 ;	spillPairReg hl
                                    354 ;	spillPairReg hl
    0000001C CDr00r00         [17]  355 	call	_Joystick_Read
                                    356 ;E:\Dropbox\FAUSTO\SVILUPPI\MSX\CODE\C\MSXgl\projects\soccerlgMSX2/soccerlg_s7_b3.c:33: if (IS_JOY_PRESSED(joyStat, JOY_INPUT_TRIGGER_A))
    0000001F CB 65            [ 8]  357 	bit	4, l
                                    358 ;E:\Dropbox\FAUSTO\SVILUPPI\MSX\CODE\C\MSXgl\projects\soccerlgMSX2/soccerlg_s7_b3.c:35: return true;
                                    359 ;E:\Dropbox\FAUSTO\SVILUPPI\MSX\CODE\C\MSXgl\projects\soccerlgMSX2/soccerlg_s7_b3.c:38: return FALSE;
    00000021 3E 01            [ 7]  360 	ld	a, #0x01
    00000023 C8               [11]  361 	ret	Z
    00000024                        362 00109$:
    00000024 AF               [ 4]  363 	xor	a, a
                                    364 ;E:\Dropbox\FAUSTO\SVILUPPI\MSX\CODE\C\MSXgl\projects\soccerlgMSX2/soccerlg_s7_b3.c:39: }
    00000025 C9               [10]  365 	ret
                         0000F380   366 _g_RDPRIM	=	0xf380
                         0000F385   367 _g_WRPRIM	=	0xf385
                         0000F38C   368 _g_CLPRIM	=	0xf38c
                         0000F39A   369 _g_USRTAB	=	0xf39a
                         0000F3DE   370 _g_CNSDFG	=	0xf3de
                         0000F3DF   371 _g_RG0SAV	=	0xf3df
                         0000F3E0   372 _g_RG1SAV	=	0xf3e0
                         0000F3E1   373 _g_RG2SAV	=	0xf3e1
                         0000F3E2   374 _g_RG3SAV	=	0xf3e2
                         0000F3E3   375 _g_RG4SAV	=	0xf3e3
                         0000F3E4   376 _g_RG5SAV	=	0xf3e4
                         0000F3E5   377 _g_RG6SAV	=	0xf3e5
                         0000F3E6   378 _g_RG7SAV	=	0xf3e6
                         0000F3E7   379 _g_STATFL	=	0xf3e7
                         0000F3E8   380 _g_TRGFLG	=	0xf3e8
                         0000F3EC   381 _g_MAXUPD	=	0xf3ec
                         0000F3EF   382 _g_MINUPD	=	0xf3ef
                         0000F3F3   383 _g_QUEUES	=	0xf3f3
                         0000F3F5   384 _g_FRCNEW	=	0xf3f5
                         0000F3F6   385 _g_SCNCNT	=	0xf3f6
                         0000F3F7   386 _g_REPCNT	=	0xf3f7
                         0000F3F8   387 _g_PUTPNT	=	0xf3f8
                         0000F3FA   388 _g_GETPNT	=	0xf3fa
                         0000F3FC   389 _g_CS120	=	0xf3fc
                         0000F401   390 _g_CS240	=	0xf401
                         0000F406   391 _g_LOW	=	0xf406
                         0000F408   392 _g_HIGH	=	0xf408
                         0000F40A   393 _g_HEADER	=	0xf40a
                         0000F40B   394 _g_ASPCT1	=	0xf40b
                         0000F40D   395 _g_ASPCT2	=	0xf40d
                         0000F959   396 _g_QUETAB	=	0xf959
                         0000F971   397 _g_QUEBAK	=	0xf971
                         0000F975   398 _g_VOICAQ	=	0xf975
                         0000F9F5   399 _g_VOICBQ	=	0xf9f5
                         0000FA75   400 _g_VOICCQ	=	0xfa75
                         0000FAF5   401 _g_RS2IQ	=	0xfaf5
                         0000FAF5   402 _g_DPPAGE	=	0xfaf5
                         0000FAF6   403 _g_ACPAGE	=	0xfaf6
                         0000FAF7   404 _g_AVCSAV	=	0xfaf7
                         0000FAF8   405 _g_EXBRSA	=	0xfaf8
                         0000FAF9   406 _g_CHRCNT	=	0xfaf9
                         0000FAFA   407 _g_ROMA	=	0xfafa
                         0000FAFC   408 _g_MODE	=	0xfafc
                         0000FAFD   409 _g_NORUSE	=	0xfafd
                         0000FAFE   410 _g_XSAVE	=	0xfafe
                         0000FB00   411 _g_YSAVE	=	0xfb00
                         0000FB03   412 _g_RSTMP	=	0xfb03
                         0000FB03   413 _g_TOCNT	=	0xfb03
                         0000FB04   414 _g_RSFCB	=	0xfb04
                         0000FB06   415 _g_RSIQLN	=	0xfb06
                         0000FB07   416 _g_MEXBIh	=	0xfb07
                         0000FB0C   417 _g_OLDSTT	=	0xfb0c
                         0000FB0C   418 _g_OLDINT	=	0xfb0c
                         0000FB16   419 _g_DEVNUM	=	0xfb16
                         0000FB17   420 _g_DATCNT	=	0xfb17
                         0000FB1A   421 _g_ERRORS	=	0xfb1a
                         0000FB1B   422 _g_FLAGS	=	0xfb1b
                         0000FB1C   423 _g_ESTBLS	=	0xfb1c
                         0000FB1D   424 _g_COMMSK	=	0xfb1d
                         0000FB1E   425 _g_LSTCOM	=	0xfb1e
                         0000FB1F   426 _g_LSTMOD	=	0xfb1f
                         0000FB35   427 _g_PRSCNT	=	0xfb35
                         0000FB36   428 _g_SAVSP	=	0xfb36
                         0000FB38   429 _g_VOICEN	=	0xfb38
                         0000FB39   430 _g_SAVVOL	=	0xfb39
                         0000FB3B   431 _g_MCLLEN	=	0xfb3b
                         0000FB3C   432 _g_MCLPTR	=	0xfb3c
                         0000FB3E   433 _g_QUEUEN	=	0xfb3e
                         0000FB3F   434 _g_MUSICF	=	0xfb3f
                         0000FB40   435 _g_PLYCNT	=	0xfb40
                         0000FB41   436 _g_VCBA	=	0xfb41
                         0000FB66   437 _g_VCBB	=	0xfb66
                         0000FB8B   438 _g_VCBC	=	0xfb8b
                         0000FBB0   439 _g_ENSTOP	=	0xfbb0
                         0000FBB1   440 _g_BASROM	=	0xfbb1
                         0000FBB2   441 _g_LINTTB	=	0xfbb2
                         0000FBCA   442 _g_FSTPOS	=	0xfbca
                         0000FBCC   443 _g_CODSAV	=	0xfbcc
                         0000FBCD   444 _g_FNKSWI	=	0xfbcd
                         0000FBCE   445 _g_FNKFLG	=	0xfbce
                         0000FBD8   446 _g_ONGSBF	=	0xfbd8
                         0000FBD9   447 _g_CLIKFL	=	0xfbd9
                         0000FBDA   448 _g_OLDKEY	=	0xfbda
                         0000FBE5   449 _g_NEWKEY	=	0xfbe5
                         0000FBF0   450 _g_KEYBUF	=	0xfbf0
                         0000FC18   451 _g_LINWRK	=	0xfc18
                         0000FC40   452 _g_PATWRK	=	0xfc40
                         0000FC48   453 _g_BOTTOM	=	0xfc48
                         0000FC4A   454 _g_HIMEM	=	0xfc4a
                         0000FC4C   455 _g_TRPTBL	=	0xfc4c
                         0000FC9A   456 _g_RTYCNT	=	0xfc9a
                         0000FC9B   457 _g_INTFLG	=	0xfc9b
                         0000FC9C   458 _g_PADY	=	0xfc9c
                         0000FC9D   459 _g_PADX	=	0xfc9d
                         0000FC9E   460 _g_JIFFY	=	0xfc9e
                         0000FCA0   461 _g_INTVAL	=	0xfca0
                         0000FCA2   462 _g_INTCNT	=	0xfca2
                         0000FCA4   463 _g_LOWLIM	=	0xfca4
                         0000FCA5   464 _g_WINWID	=	0xfca5
                         0000FCA6   465 _g_GRPHED	=	0xfca6
                         0000FCA7   466 _g_ESCCNT	=	0xfca7
                         0000FCA8   467 _g_INSFLG	=	0xfca8
                         0000FCA9   468 _g_CSRSW	=	0xfca9
                         0000FCAA   469 _g_CSTYLE	=	0xfcaa
                         0000FCAB   470 _g_CAPST	=	0xfcab
                         0000FCAC   471 _g_KANAST	=	0xfcac
                         0000FCAD   472 _g_KANAMD	=	0xfcad
                         0000FCAE   473 _g_FLBMEM	=	0xfcae
                         0000FCAF   474 _g_SCRMOD	=	0xfcaf
                         0000FCB0   475 _g_OLDSCR	=	0xfcb0
                         0000FCB1   476 _g_CASPRV	=	0xfcb1
                         0000FCB2   477 _g_BRDATR	=	0xfcb2
                         0000FCB3   478 _g_GXPOS	=	0xfcb3
                         0000FCB5   479 _g_GYPOS	=	0xfcb5
                         0000FCBB   480 _g_DRWFLG	=	0xfcbb
                         0000FCBC   481 _g_DRWSCL	=	0xfcbc
                         0000FCBD   482 _g_DRWANG	=	0xfcbd
                         0000FCC1   483 _g_MNROM	=	0xfcc1
                         0000FCC1   484 _g_EXPTBL	=	0xfcc1
                         0000FCC5   485 _g_SLTTBL	=	0xfcc5
                         0000FCC9   486 _g_SLTATR	=	0xfcc9
                         0000FD09   487 _g_SLTWRK	=	0xfd09
                         0000FD89   488 _g_PROCNM	=	0xfd89
                         0000FFE7   489 _g_RG08SAV	=	0xffe7
                         0000FFE8   490 _g_RG09SAV	=	0xffe8
                         0000FFE9   491 _g_RG10SAV	=	0xffe9
                         0000FFEA   492 _g_RG11SAV	=	0xffea
                         0000FFEB   493 _g_RG12SAV	=	0xffeb
                         0000FFEC   494 _g_RG13SAV	=	0xffec
                         0000FFED   495 _g_RG14SAV	=	0xffed
                         0000FFEE   496 _g_RG15SAV	=	0xffee
                         0000FFEF   497 _g_RG16SAV	=	0xffef
                         0000FFF0   498 _g_RG17SAV	=	0xfff0
                         0000FFF1   499 _g_RG18SAV	=	0xfff1
                         0000FFF2   500 _g_RG19SAV	=	0xfff2
                         0000FFF3   501 _g_RG20SAV	=	0xfff3
                         0000FFF4   502 _g_RG21SAV	=	0xfff4
                         0000FFF5   503 _g_RG22SAV	=	0xfff5
                         0000FFF6   504 _g_RG23SAV	=	0xfff6
                         0000FFF7   505 _g_MINROM	=	0xfff7
                         0000FFF8   506 _g_SVFFF8	=	0xfff8
                         0000FFFA   507 _g_RG25SAV	=	0xfffa
                         0000FFFB   508 _g_RG26SAV	=	0xfffb
                         0000FFFC   509 _g_RG27SAV	=	0xfffc
                         0000FFFD   510 _g_SVFFFD	=	0xfffd
                         00000004   511 _g_CGTABL	=	0x0004
                         00000006   512 _g_VDP_DR	=	0x0006
                         00000007   513 _g_VDP_DW	=	0x0007
                         0000002B   514 _g_BASRVN	=	0x002b
                         0000002B   515 _g_ROMVersion	=	0x002b
                         0000002D   516 _g_MSXVER	=	0x002d
                         0000002E   517 _g_MSXMID	=	0x002e
                         00000034   518 _g_CHAR_16	=	0x0034
                         00000000   519 _g_SUBRID	=	0x0000
                         00000002   520 _g_STRSRC	=	0x0002
                         0000F30F   521 _g_KANJTABLE	=	0xf30f
                         0000F323   522 _g_DISKVE	=	0xf323
                         0000F325   523 _g_BREAKV	=	0xf325
                         0000F341   524 _g_RAMAD0	=	0xf341
                         0000F342   525 _g_RAMAD1	=	0xf342
                         0000F343   526 _g_RAMAD2	=	0xf343
                         0000F344   527 _g_RAMAD3	=	0xf344
                         0000F348   528 _g_MASTER	=	0xf348
                         0000F37D   529 _g_BDOS	=	0xf37d
                                    530 ;E:\Dropbox\FAUSTO\SVILUPPI\MSX\CODE\C\MSXgl\projects\soccerlgMSX2/soccerlg_s7_b3.c:42: u8 GetJoystickDirection(u8 player){
                                    531 ;	---------------------------------
                                    532 ; Function GetJoystickDirection
                                    533 ; ---------------------------------
    00000026                        534 _GetJoystickDirection::
                                    535 ;E:\Dropbox\FAUSTO\SVILUPPI\MSX\CODE\C\MSXgl\projects\soccerlgMSX2/soccerlg_s7_b3.c:43: u8 port = (player == 0) ? JOY_PORT_1 : JOY_PORT_2;
    00000026 4F               [ 4]  536 	ld	c, a
    00000027 B7               [ 4]  537 	or	a, a
    00000028 20 06            [12]  538 	jr	NZ, 00140$
    0000002A 21 0F 00         [10]  539 	ld	hl, #0x000f
    0000002D C3r33r00         [10]  540 	jp	00141$
    00000030                        541 00140$:
    00000030 21 4F 00         [10]  542 	ld	hl, #0x004f
    00000033                        543 00141$:
                                    544 ;E:/Dropbox/FAUSTO/SVILUPPI/MSX/CODE/C/MSXgl/engine/src/input.h:182: u8 in = ~Joystick_Read(port);
    00000033 CDr00r00         [17]  545 	call	_Joystick_Read
    00000036 7D               [ 4]  546 	ld	a, l
    00000037 2F               [ 4]  547 	cpl
                                    548 ;E:\Dropbox\FAUSTO\SVILUPPI\MSX\CODE\C\MSXgl\projects\soccerlgMSX2/soccerlg_s7_b3.c:44: u8 dir = Joystick_GetDirection(port);
    00000038 E6 0F            [ 7]  549 	and	a, #0x0f
    0000003A 57               [ 4]  550 	ld	d, a
    0000003B 5A               [ 4]  551 	ld	e, d
                                    552 ;E:\Dropbox\FAUSTO\SVILUPPI\MSX\CODE\C\MSXgl\projects\soccerlgMSX2/soccerlg_s7_b3.c:45: u8 retValue=DIRECTION_NONE;
    0000003C 06 00            [ 7]  553 	ld	b, #0x00
                                    554 ;E:\Dropbox\FAUSTO\SVILUPPI\MSX\CODE\C\MSXgl\projects\soccerlgMSX2/soccerlg_s7_b3.c:46: switch (dir){
    0000003E 3E 0A            [ 7]  555 	ld	a, #0x0a
    00000040 92               [ 4]  556 	sub	a, d
    00000041 38 4F            [12]  557 	jr	C, 00109$
    00000043 16 00            [ 7]  558 	ld	d, #0x00
    00000045 21r4Cr00         [10]  559 	ld	hl, #00242$
    00000048 19               [11]  560 	add	hl, de
    00000049 19               [11]  561 	add	hl, de
    0000004A 19               [11]  562 	add	hl, de
    0000004B E9               [ 4]  563 	jp	(hl)
    0000004C                        564 00242$:
    0000004C C3r92r00         [10]  565 	jp	00109$
    0000004F C3r6Dr00         [10]  566 	jp	00101$
    00000052 C3r72r00         [10]  567 	jp	00102$
    00000055 C3r92r00         [10]  568 	jp	00109$
    00000058 C3r77r00         [10]  569 	jp	00103$
    0000005B C3r86r00         [10]  570 	jp	00106$
    0000005E C3r90r00         [10]  571 	jp	00108$
    00000061 C3r92r00         [10]  572 	jp	00109$
    00000064 C3r7Cr00         [10]  573 	jp	00104$
    00000067 C3r81r00         [10]  574 	jp	00105$
    0000006A C3r8Br00         [10]  575 	jp	00107$
                                    576 ;E:\Dropbox\FAUSTO\SVILUPPI\MSX\CODE\C\MSXgl\projects\soccerlgMSX2/soccerlg_s7_b3.c:47: case JOY_INPUT_DIR_UP:
    0000006D                        577 00101$:
                                    578 ;E:\Dropbox\FAUSTO\SVILUPPI\MSX\CODE\C\MSXgl\projects\soccerlgMSX2/soccerlg_s7_b3.c:48: retValue=DIRECTION_UP;
    0000006D 06 01            [ 7]  579 	ld	b, #0x01
                                    580 ;E:\Dropbox\FAUSTO\SVILUPPI\MSX\CODE\C\MSXgl\projects\soccerlgMSX2/soccerlg_s7_b3.c:49: break;
    0000006F C3r92r00         [10]  581 	jp	00109$
                                    582 ;E:\Dropbox\FAUSTO\SVILUPPI\MSX\CODE\C\MSXgl\projects\soccerlgMSX2/soccerlg_s7_b3.c:50: case JOY_INPUT_DIR_DOWN:
    00000072                        583 00102$:
                                    584 ;E:\Dropbox\FAUSTO\SVILUPPI\MSX\CODE\C\MSXgl\projects\soccerlgMSX2/soccerlg_s7_b3.c:51: retValue=DIRECTION_DOWN;
    00000072 06 05            [ 7]  585 	ld	b, #0x05
                                    586 ;E:\Dropbox\FAUSTO\SVILUPPI\MSX\CODE\C\MSXgl\projects\soccerlgMSX2/soccerlg_s7_b3.c:52: break;
    00000074 C3r92r00         [10]  587 	jp	00109$
                                    588 ;E:\Dropbox\FAUSTO\SVILUPPI\MSX\CODE\C\MSXgl\projects\soccerlgMSX2/soccerlg_s7_b3.c:53: case JOY_INPUT_DIR_LEFT:
    00000077                        589 00103$:
                                    590 ;E:\Dropbox\FAUSTO\SVILUPPI\MSX\CODE\C\MSXgl\projects\soccerlgMSX2/soccerlg_s7_b3.c:54: retValue=DIRECTION_LEFT;
    00000077 06 07            [ 7]  591 	ld	b, #0x07
                                    592 ;E:\Dropbox\FAUSTO\SVILUPPI\MSX\CODE\C\MSXgl\projects\soccerlgMSX2/soccerlg_s7_b3.c:55: break;
    00000079 C3r92r00         [10]  593 	jp	00109$
                                    594 ;E:\Dropbox\FAUSTO\SVILUPPI\MSX\CODE\C\MSXgl\projects\soccerlgMSX2/soccerlg_s7_b3.c:56: case JOY_INPUT_DIR_RIGHT:
    0000007C                        595 00104$:
                                    596 ;E:\Dropbox\FAUSTO\SVILUPPI\MSX\CODE\C\MSXgl\projects\soccerlgMSX2/soccerlg_s7_b3.c:57: retValue=DIRECTION_RIGHT;
    0000007C 06 03            [ 7]  597 	ld	b, #0x03
                                    598 ;E:\Dropbox\FAUSTO\SVILUPPI\MSX\CODE\C\MSXgl\projects\soccerlgMSX2/soccerlg_s7_b3.c:58: break;
    0000007E C3r92r00         [10]  599 	jp	00109$
                                    600 ;E:\Dropbox\FAUSTO\SVILUPPI\MSX\CODE\C\MSXgl\projects\soccerlgMSX2/soccerlg_s7_b3.c:59: case JOY_INPUT_DIR_UP_RIGHT:
    00000081                        601 00105$:
                                    602 ;E:\Dropbox\FAUSTO\SVILUPPI\MSX\CODE\C\MSXgl\projects\soccerlgMSX2/soccerlg_s7_b3.c:60: retValue=DIRECTION_UP_RIGHT;
    00000081 06 02            [ 7]  603 	ld	b, #0x02
                                    604 ;E:\Dropbox\FAUSTO\SVILUPPI\MSX\CODE\C\MSXgl\projects\soccerlgMSX2/soccerlg_s7_b3.c:61: break;
    00000083 C3r92r00         [10]  605 	jp	00109$
                                    606 ;E:\Dropbox\FAUSTO\SVILUPPI\MSX\CODE\C\MSXgl\projects\soccerlgMSX2/soccerlg_s7_b3.c:62: case JOY_INPUT_DIR_UP_LEFT:
    00000086                        607 00106$:
                                    608 ;E:\Dropbox\FAUSTO\SVILUPPI\MSX\CODE\C\MSXgl\projects\soccerlgMSX2/soccerlg_s7_b3.c:63: retValue=DIRECTION_UP_LEFT;
    00000086 06 08            [ 7]  609 	ld	b, #0x08
                                    610 ;E:\Dropbox\FAUSTO\SVILUPPI\MSX\CODE\C\MSXgl\projects\soccerlgMSX2/soccerlg_s7_b3.c:64: break;
    00000088 C3r92r00         [10]  611 	jp	00109$
                                    612 ;E:\Dropbox\FAUSTO\SVILUPPI\MSX\CODE\C\MSXgl\projects\soccerlgMSX2/soccerlg_s7_b3.c:65: case JOY_INPUT_DIR_DOWN_RIGHT:
    0000008B                        613 00107$:
                                    614 ;E:\Dropbox\FAUSTO\SVILUPPI\MSX\CODE\C\MSXgl\projects\soccerlgMSX2/soccerlg_s7_b3.c:66: retValue=DIRECTION_DOWN_RIGHT;
    0000008B 06 04            [ 7]  615 	ld	b, #0x04
                                    616 ;E:\Dropbox\FAUSTO\SVILUPPI\MSX\CODE\C\MSXgl\projects\soccerlgMSX2/soccerlg_s7_b3.c:67: break;
    0000008D C3r92r00         [10]  617 	jp	00109$
                                    618 ;E:\Dropbox\FAUSTO\SVILUPPI\MSX\CODE\C\MSXgl\projects\soccerlgMSX2/soccerlg_s7_b3.c:68: case JOY_INPUT_DIR_DOWN_LEFT:
    00000090                        619 00108$:
                                    620 ;E:\Dropbox\FAUSTO\SVILUPPI\MSX\CODE\C\MSXgl\projects\soccerlgMSX2/soccerlg_s7_b3.c:69: retValue=DIRECTION_DOWN_LEFT;
    00000090 06 06            [ 7]  621 	ld	b, #0x06
                                    622 ;E:\Dropbox\FAUSTO\SVILUPPI\MSX\CODE\C\MSXgl\projects\soccerlgMSX2/soccerlg_s7_b3.c:71: }
    00000092                        623 00109$:
                                    624 ;E:\Dropbox\FAUSTO\SVILUPPI\MSX\CODE\C\MSXgl\projects\soccerlgMSX2/soccerlg_s7_b3.c:72: if(retValue==DIRECTION_NONE && player == 0){
    00000092 78               [ 4]  625 	ld	a, b
    00000093 B7               [ 4]  626 	or	a,a
    00000094 C2r33r01         [10]  627 	jp	NZ,00135$
    00000097 B1               [ 4]  628 	or	a,c
    00000098 C2r33r01         [10]  629 	jp	NZ, 00135$
                                    630 ;E:\Dropbox\FAUSTO\SVILUPPI\MSX\CODE\C\MSXgl\projects\soccerlgMSX2/soccerlg_s7_b3.c:73: if(Keyboard_IsKeyPressed(KEY_LEFT) && Keyboard_IsKeyPressed(KEY_UP))
    0000009B C5               [11]  631 	push	bc
    0000009C 3E 48            [ 7]  632 	ld	a, #0x48
    0000009E CDr00r00         [17]  633 	call	_Keyboard_IsKeyPressed
    000000A1 C1               [10]  634 	pop	bc
    000000A2 B7               [ 4]  635 	or	a, a
    000000A3 28 0C            [12]  636 	jr	Z, 00111$
    000000A5 C5               [11]  637 	push	bc
    000000A6 3E 58            [ 7]  638 	ld	a, #0x58
    000000A8 CDr00r00         [17]  639 	call	_Keyboard_IsKeyPressed
    000000AB C1               [10]  640 	pop	bc
    000000AC B7               [ 4]  641 	or	a, a
    000000AD 28 02            [12]  642 	jr	Z, 00111$
                                    643 ;E:\Dropbox\FAUSTO\SVILUPPI\MSX\CODE\C\MSXgl\projects\soccerlgMSX2/soccerlg_s7_b3.c:75: retValue=DIRECTION_UP_LEFT;
    000000AF 06 08            [ 7]  644 	ld	b, #0x08
    000000B1                        645 00111$:
                                    646 ;E:\Dropbox\FAUSTO\SVILUPPI\MSX\CODE\C\MSXgl\projects\soccerlgMSX2/soccerlg_s7_b3.c:77: if(Keyboard_IsKeyPressed(KEY_LEFT) && Keyboard_IsKeyPressed(KEY_DOWN))
    000000B1 C5               [11]  647 	push	bc
    000000B2 3E 48            [ 7]  648 	ld	a, #0x48
    000000B4 CDr00r00         [17]  649 	call	_Keyboard_IsKeyPressed
    000000B7 C1               [10]  650 	pop	bc
    000000B8 B7               [ 4]  651 	or	a, a
    000000B9 28 0C            [12]  652 	jr	Z, 00114$
    000000BB C5               [11]  653 	push	bc
    000000BC 3E 68            [ 7]  654 	ld	a, #0x68
    000000BE CDr00r00         [17]  655 	call	_Keyboard_IsKeyPressed
    000000C1 C1               [10]  656 	pop	bc
    000000C2 B7               [ 4]  657 	or	a, a
    000000C3 28 02            [12]  658 	jr	Z, 00114$
                                    659 ;E:\Dropbox\FAUSTO\SVILUPPI\MSX\CODE\C\MSXgl\projects\soccerlgMSX2/soccerlg_s7_b3.c:79: retValue=DIRECTION_DOWN_LEFT;
    000000C5 06 06            [ 7]  660 	ld	b, #0x06
    000000C7                        661 00114$:
                                    662 ;E:\Dropbox\FAUSTO\SVILUPPI\MSX\CODE\C\MSXgl\projects\soccerlgMSX2/soccerlg_s7_b3.c:81: if(Keyboard_IsKeyPressed(KEY_RIGHT) && Keyboard_IsKeyPressed(KEY_DOWN))
    000000C7 C5               [11]  663 	push	bc
    000000C8 3E 78            [ 7]  664 	ld	a, #0x78
    000000CA CDr00r00         [17]  665 	call	_Keyboard_IsKeyPressed
    000000CD C1               [10]  666 	pop	bc
    000000CE B7               [ 4]  667 	or	a, a
    000000CF 28 0C            [12]  668 	jr	Z, 00117$
    000000D1 C5               [11]  669 	push	bc
    000000D2 3E 68            [ 7]  670 	ld	a, #0x68
    000000D4 CDr00r00         [17]  671 	call	_Keyboard_IsKeyPressed
    000000D7 C1               [10]  672 	pop	bc
    000000D8 B7               [ 4]  673 	or	a, a
    000000D9 28 02            [12]  674 	jr	Z, 00117$
                                    675 ;E:\Dropbox\FAUSTO\SVILUPPI\MSX\CODE\C\MSXgl\projects\soccerlgMSX2/soccerlg_s7_b3.c:83: retValue=DIRECTION_DOWN_RIGHT;
    000000DB 06 04            [ 7]  676 	ld	b, #0x04
    000000DD                        677 00117$:
                                    678 ;E:\Dropbox\FAUSTO\SVILUPPI\MSX\CODE\C\MSXgl\projects\soccerlgMSX2/soccerlg_s7_b3.c:85: if(Keyboard_IsKeyPressed(KEY_RIGHT) && Keyboard_IsKeyPressed(KEY_UP))
    000000DD C5               [11]  679 	push	bc
    000000DE 3E 78            [ 7]  680 	ld	a, #0x78
    000000E0 CDr00r00         [17]  681 	call	_Keyboard_IsKeyPressed
    000000E3 C1               [10]  682 	pop	bc
    000000E4 B7               [ 4]  683 	or	a, a
    000000E5 28 0C            [12]  684 	jr	Z, 00120$
    000000E7 C5               [11]  685 	push	bc
    000000E8 3E 58            [ 7]  686 	ld	a, #0x58
    000000EA CDr00r00         [17]  687 	call	_Keyboard_IsKeyPressed
    000000ED C1               [10]  688 	pop	bc
    000000EE B7               [ 4]  689 	or	a, a
    000000EF 28 02            [12]  690 	jr	Z, 00120$
                                    691 ;E:\Dropbox\FAUSTO\SVILUPPI\MSX\CODE\C\MSXgl\projects\soccerlgMSX2/soccerlg_s7_b3.c:87: retValue=DIRECTION_UP_RIGHT;
    000000F1 06 02            [ 7]  692 	ld	b, #0x02
    000000F3                        693 00120$:
                                    694 ;E:\Dropbox\FAUSTO\SVILUPPI\MSX\CODE\C\MSXgl\projects\soccerlgMSX2/soccerlg_s7_b3.c:89: if(retValue==DIRECTION_NONE && Keyboard_IsKeyPressed(KEY_LEFT))
    000000F3 78               [ 4]  695 	ld	a, b
    000000F4 B7               [ 4]  696 	or	a, a
    000000F5 20 0C            [12]  697 	jr	NZ, 00123$
    000000F7 C5               [11]  698 	push	bc
    000000F8 3E 48            [ 7]  699 	ld	a, #0x48
    000000FA CDr00r00         [17]  700 	call	_Keyboard_IsKeyPressed
    000000FD C1               [10]  701 	pop	bc
    000000FE B7               [ 4]  702 	or	a, a
    000000FF 28 02            [12]  703 	jr	Z, 00123$
                                    704 ;E:\Dropbox\FAUSTO\SVILUPPI\MSX\CODE\C\MSXgl\projects\soccerlgMSX2/soccerlg_s7_b3.c:91: retValue=DIRECTION_LEFT;
    00000101 06 07            [ 7]  705 	ld	b, #0x07
    00000103                        706 00123$:
                                    707 ;E:\Dropbox\FAUSTO\SVILUPPI\MSX\CODE\C\MSXgl\projects\soccerlgMSX2/soccerlg_s7_b3.c:93: if(retValue==DIRECTION_NONE && Keyboard_IsKeyPressed(KEY_RIGHT))
    00000103 78               [ 4]  708 	ld	a, b
    00000104 B7               [ 4]  709 	or	a, a
    00000105 20 0C            [12]  710 	jr	NZ, 00126$
    00000107 C5               [11]  711 	push	bc
    00000108 3E 78            [ 7]  712 	ld	a, #0x78
    0000010A CDr00r00         [17]  713 	call	_Keyboard_IsKeyPressed
    0000010D C1               [10]  714 	pop	bc
    0000010E B7               [ 4]  715 	or	a, a
    0000010F 28 02            [12]  716 	jr	Z, 00126$
                                    717 ;E:\Dropbox\FAUSTO\SVILUPPI\MSX\CODE\C\MSXgl\projects\soccerlgMSX2/soccerlg_s7_b3.c:95: retValue=DIRECTION_RIGHT;
    00000111 06 03            [ 7]  718 	ld	b, #0x03
    00000113                        719 00126$:
                                    720 ;E:\Dropbox\FAUSTO\SVILUPPI\MSX\CODE\C\MSXgl\projects\soccerlgMSX2/soccerlg_s7_b3.c:97: if(retValue==DIRECTION_NONE && Keyboard_IsKeyPressed(KEY_UP))
    00000113 78               [ 4]  721 	ld	a, b
    00000114 B7               [ 4]  722 	or	a, a
    00000115 20 0C            [12]  723 	jr	NZ, 00129$
    00000117 C5               [11]  724 	push	bc
    00000118 3E 58            [ 7]  725 	ld	a, #0x58
    0000011A CDr00r00         [17]  726 	call	_Keyboard_IsKeyPressed
    0000011D C1               [10]  727 	pop	bc
    0000011E B7               [ 4]  728 	or	a, a
    0000011F 28 02            [12]  729 	jr	Z, 00129$
                                    730 ;E:\Dropbox\FAUSTO\SVILUPPI\MSX\CODE\C\MSXgl\projects\soccerlgMSX2/soccerlg_s7_b3.c:99: retValue=DIRECTION_UP;
    00000121 06 01            [ 7]  731 	ld	b, #0x01
    00000123                        732 00129$:
                                    733 ;E:\Dropbox\FAUSTO\SVILUPPI\MSX\CODE\C\MSXgl\projects\soccerlgMSX2/soccerlg_s7_b3.c:101: if(retValue==DIRECTION_NONE && Keyboard_IsKeyPressed(KEY_DOWN))
    00000123 78               [ 4]  734 	ld	a, b
    00000124 B7               [ 4]  735 	or	a, a
    00000125 20 0C            [12]  736 	jr	NZ, 00135$
    00000127 C5               [11]  737 	push	bc
    00000128 3E 68            [ 7]  738 	ld	a, #0x68
    0000012A CDr00r00         [17]  739 	call	_Keyboard_IsKeyPressed
    0000012D C1               [10]  740 	pop	bc
    0000012E B7               [ 4]  741 	or	a, a
    0000012F 28 02            [12]  742 	jr	Z, 00135$
                                    743 ;E:\Dropbox\FAUSTO\SVILUPPI\MSX\CODE\C\MSXgl\projects\soccerlgMSX2/soccerlg_s7_b3.c:103: retValue=DIRECTION_DOWN;
    00000131 06 05            [ 7]  744 	ld	b, #0x05
    00000133                        745 00135$:
                                    746 ;E:\Dropbox\FAUSTO\SVILUPPI\MSX\CODE\C\MSXgl\projects\soccerlgMSX2/soccerlg_s7_b3.c:106: return retValue;
    00000133 78               [ 4]  747 	ld	a, b
                                    748 ;E:\Dropbox\FAUSTO\SVILUPPI\MSX\CODE\C\MSXgl\projects\soccerlgMSX2/soccerlg_s7_b3.c:107: }
    00000134 C9               [10]  749 	ret
                                    750 ;E:\Dropbox\FAUSTO\SVILUPPI\MSX\CODE\C\MSXgl\projects\soccerlgMSX2/soccerlg_s7_b3.c:110: void UpdateAllInputs()
                                    751 ;	---------------------------------
                                    752 ; Function UpdateAllInputs
                                    753 ; ---------------------------------
    00000135                        754 _UpdateAllInputs::
    00000135 DD E5            [15]  755 	push	ix
    00000137 DD 21 00 00      [14]  756 	ld	ix,#0
    0000013B DD 39            [15]  757 	add	ix,sp
    0000013D 3B               [ 6]  758 	dec	sp
                                    759 ;E:\Dropbox\FAUSTO\SVILUPPI\MSX\CODE\C\MSXgl\projects\soccerlgMSX2/soccerlg_s7_b3.c:118: g_player_input[1].direction = GetJoystickDirection(0);
    0000013E AF               [ 4]  760 	xor	a, a
    0000013F CDr26r00         [17]  761 	call	_GetJoystickDirection
    00000142 32r03r00         [13]  762 	ld	(#(_g_player_input + 3)),a
                                    763 ;E:\Dropbox\FAUSTO\SVILUPPI\MSX\CODE\C\MSXgl\projects\soccerlgMSX2/soccerlg_s7_b3.c:119: bool p1_trigger_down = IsTeamJoystickTriggerPressed(0);
    00000145 AF               [ 4]  764 	xor	a, a
    00000146 CDr00r00         [17]  765 	call	_IsTeamJoystickTriggerPressed
    00000149 5F               [ 4]  766 	ld	e, a
                                    767 ;E:\Dropbox\FAUSTO\SVILUPPI\MSX\CODE\C\MSXgl\projects\soccerlgMSX2/soccerlg_s7_b3.c:120: g_player_input[1].trigger_pressed = p1_trigger_down && !s_prev_trigger_state[1];
    0000014A 01r04r00         [10]  768 	ld	bc, #_g_player_input + 4
    0000014D 7B               [ 4]  769 	ld	a, e
    0000014E B7               [ 4]  770 	or	a, a
    0000014F 28 06            [12]  771 	jr	Z, 00106$
    00000151 3Ar01r00         [13]  772 	ld	a, (#(_UpdateAllInputs_s_prev_trigger_state_65536_787 + 1) + 0)
    00000154 B7               [ 4]  773 	or	a, a
    00000155 28 04            [12]  774 	jr	Z, 00107$
    00000157                        775 00106$:
    00000157 AF               [ 4]  776 	xor	a, a
    00000158 C3r5Dr01         [10]  777 	jp	00108$
    0000015B                        778 00107$:
    0000015B 3E 01            [ 7]  779 	ld	a, #0x01
    0000015D                        780 00108$:
    0000015D 02               [ 7]  781 	ld	(bc), a
                                    782 ;E:\Dropbox\FAUSTO\SVILUPPI\MSX\CODE\C\MSXgl\projects\soccerlgMSX2/soccerlg_s7_b3.c:121: g_player_input[1].trigger_down = p1_trigger_down;
    0000015E 21r05r00         [10]  783 	ld	hl, #(_g_player_input + 5)
    00000161 73               [ 7]  784 	ld	(hl), e
                                    785 ;E:\Dropbox\FAUSTO\SVILUPPI\MSX\CODE\C\MSXgl\projects\soccerlgMSX2/soccerlg_s7_b3.c:122: s_prev_trigger_state[1] = p1_trigger_down;
    00000162 01r00r00         [10]  786 	ld	bc, #_UpdateAllInputs_s_prev_trigger_state_65536_787+0
    00000165 21r01r00         [10]  787 	ld	hl, #(_UpdateAllInputs_s_prev_trigger_state_65536_787 + 1)
    00000168 73               [ 7]  788 	ld	(hl), e
                                    789 ;E:\Dropbox\FAUSTO\SVILUPPI\MSX\CODE\C\MSXgl\projects\soccerlgMSX2/soccerlg_s7_b3.c:130: g_player_input[0].trigger_pressed = p2_trigger_down && !s_prev_trigger_state[0];
                                    790 ;E:\Dropbox\FAUSTO\SVILUPPI\MSX\CODE\C\MSXgl\projects\soccerlgMSX2/soccerlg_s7_b3.c:131: g_player_input[0].trigger_down = p2_trigger_down;
                                    791 ;E:\Dropbox\FAUSTO\SVILUPPI\MSX\CODE\C\MSXgl\projects\soccerlgMSX2/soccerlg_s7_b3.c:125: if (GameMode == GAMEMODE_P1_VS_P2)
    00000169 3Ar00r00         [13]  792 	ld	a, (_GameMode+0)
    0000016C 3D               [ 4]  793 	dec	a
    0000016D 20 32            [12]  794 	jr	NZ, 00102$
                                    795 ;E:\Dropbox\FAUSTO\SVILUPPI\MSX\CODE\C\MSXgl\projects\soccerlgMSX2/soccerlg_s7_b3.c:128: g_player_input[0].direction = GetJoystickDirection(1);
    0000016F C5               [11]  796 	push	bc
    00000170 3E 01            [ 7]  797 	ld	a, #0x01
    00000172 CDr26r00         [17]  798 	call	_GetJoystickDirection
    00000175 C1               [10]  799 	pop	bc
    00000176 32r00r00         [13]  800 	ld	(#_g_player_input),a
                                    801 ;E:\Dropbox\FAUSTO\SVILUPPI\MSX\CODE\C\MSXgl\projects\soccerlgMSX2/soccerlg_s7_b3.c:129: bool p2_trigger_down = IsTeamJoystickTriggerPressed(1);
    00000179 C5               [11]  802 	push	bc
    0000017A 3E 01            [ 7]  803 	ld	a, #0x01
    0000017C CDr00r00         [17]  804 	call	_IsTeamJoystickTriggerPressed
    0000017F C1               [10]  805 	pop	bc
                                    806 ;E:\Dropbox\FAUSTO\SVILUPPI\MSX\CODE\C\MSXgl\projects\soccerlgMSX2/soccerlg_s7_b3.c:130: g_player_input[0].trigger_pressed = p2_trigger_down && !s_prev_trigger_state[0];
    00000180 DD 77 FF         [19]  807 	ld	-1 (ix), a
    00000183 B7               [ 4]  808 	or	a, a
    00000184 28 04            [12]  809 	jr	Z, 00109$
    00000186 0A               [ 7]  810 	ld	a, (bc)
    00000187 B7               [ 4]  811 	or	a, a
    00000188 28 04            [12]  812 	jr	Z, 00110$
    0000018A                        813 00109$:
    0000018A AF               [ 4]  814 	xor	a, a
    0000018B C3r90r01         [10]  815 	jp	00111$
    0000018E                        816 00110$:
    0000018E 3E 01            [ 7]  817 	ld	a, #0x01
    00000190                        818 00111$:
    00000190 32r01r00         [13]  819 	ld	(#(_g_player_input + 1)),a
                                    820 ;E:\Dropbox\FAUSTO\SVILUPPI\MSX\CODE\C\MSXgl\projects\soccerlgMSX2/soccerlg_s7_b3.c:131: g_player_input[0].trigger_down = p2_trigger_down;
    00000193 21r02r00         [10]  821 	ld	hl, #(_g_player_input + 2)
    00000196 DD 7E FF         [19]  822 	ld	a, -1 (ix)
    00000199 77               [ 7]  823 	ld	(hl), a
                                    824 ;E:\Dropbox\FAUSTO\SVILUPPI\MSX\CODE\C\MSXgl\projects\soccerlgMSX2/soccerlg_s7_b3.c:132: s_prev_trigger_state[0] = p2_trigger_down;
    0000019A DD 7E FF         [19]  825 	ld	a, -1 (ix)
    0000019D 02               [ 7]  826 	ld	(bc), a
    0000019E C3rB2r01         [10]  827 	jp	00104$
    000001A1                        828 00102$:
                                    829 ;E:\Dropbox\FAUSTO\SVILUPPI\MSX\CODE\C\MSXgl\projects\soccerlgMSX2/soccerlg_s7_b3.c:136: g_player_input[0].direction = DIRECTION_NONE;
    000001A1 21r00r00         [10]  830 	ld	hl, #_g_player_input
    000001A4 36 00            [10]  831 	ld	(hl), #0x00
                                    832 ;E:\Dropbox\FAUSTO\SVILUPPI\MSX\CODE\C\MSXgl\projects\soccerlgMSX2/soccerlg_s7_b3.c:137: g_player_input[0].trigger_down = FALSE;
    000001A6 21r02r00         [10]  833 	ld	hl, #(_g_player_input + 2)
    000001A9 36 00            [10]  834 	ld	(hl), #0x00
                                    835 ;E:\Dropbox\FAUSTO\SVILUPPI\MSX\CODE\C\MSXgl\projects\soccerlgMSX2/soccerlg_s7_b3.c:138: g_player_input[0].trigger_pressed = FALSE;
    000001AB 21r01r00         [10]  836 	ld	hl, #(_g_player_input + 1)
    000001AE 36 00            [10]  837 	ld	(hl), #0x00
                                    838 ;E:\Dropbox\FAUSTO\SVILUPPI\MSX\CODE\C\MSXgl\projects\soccerlgMSX2/soccerlg_s7_b3.c:139: s_prev_trigger_state[0] = FALSE; // Ensure state is clean
    000001B0 AF               [ 4]  839 	xor	a, a
    000001B1 02               [ 7]  840 	ld	(bc), a
    000001B2                        841 00104$:
                                    842 ;E:\Dropbox\FAUSTO\SVILUPPI\MSX\CODE\C\MSXgl\projects\soccerlgMSX2/soccerlg_s7_b3.c:141: }
    000001B2 33               [ 6]  843 	inc	sp
    000001B3 DD E1            [14]  844 	pop	ix
    000001B5 C9               [10]  845 	ret
                                    846 	.area _SEG7
                                    847 	.area _INITIALIZER
                                    848 	.area _CABS (ABS)
