                                      1 ;--------------------------------------------------------
                                      2 ; File Created by SDCC : free open source ANSI-C Compiler
                                      3 ; Version 4.2.0 #13081 (MINGW64)
                                      4 ;--------------------------------------------------------
                                      5 	.module soccerlg_s20_b3
                                      6 	.optsdcc -mz80
                                      7 	
                                      8 ;--------------------------------------------------------
                                      9 ; Public variables in this module
                                     10 ;--------------------------------------------------------
                                     11 	.globl _g_SLTSL
                                     12 	.globl _g_GRPACY
                                     13 	.globl _g_GRPACX
                                     14 	.globl _g_LOGOPR
                                     15 	.globl _g_CMASK
                                     16 	.globl _g_CLOC
                                     17 	.globl _g_FNKSTR
                                     18 	.globl _g_ATRBYT
                                     19 	.globl _g_BDRCLR
                                     20 	.globl _g_BAKCLR
                                     21 	.globl _g_FORCLR
                                     22 	.globl _g_CSRX
                                     23 	.globl _g_CSRY
                                     24 	.globl _g_CLIKSW
                                     25 	.globl _g_MLTPAT
                                     26 	.globl _g_MLTATR
                                     27 	.globl _g_MLTCGP
                                     28 	.globl _g_MLTCOL
                                     29 	.globl _g_MLTNAM
                                     30 	.globl _g_GRPPAT
                                     31 	.globl _g_GRPATR
                                     32 	.globl _g_GRPCGP
                                     33 	.globl _g_GRPCOL
                                     34 	.globl _g_GRPNAM
                                     35 	.globl _g_T32PAT
                                     36 	.globl _g_T32ATR
                                     37 	.globl _g_T32CGP
                                     38 	.globl _g_T32COL
                                     39 	.globl _g_T32NAM
                                     40 	.globl _g_TXTPAT
                                     41 	.globl _g_TXTATR
                                     42 	.globl _g_TXTCGP
                                     43 	.globl _g_TXTCOL
                                     44 	.globl _g_TXTNAM
                                     45 	.globl _g_CLMLST
                                     46 	.globl _g_CRTCNT
                                     47 	.globl _g_LINLEN
                                     48 	.globl _g_LINL32
                                     49 	.globl _g_LINL40
                                     50 	.globl _g_BDOS
                                     51 	.globl _g_MASTER
                                     52 	.globl _g_RAMAD3
                                     53 	.globl _g_RAMAD2
                                     54 	.globl _g_RAMAD1
                                     55 	.globl _g_RAMAD0
                                     56 	.globl _g_BREAKV
                                     57 	.globl _g_DISKVE
                                     58 	.globl _g_KANJTABLE
                                     59 	.globl _g_STRSRC
                                     60 	.globl _g_SUBRID
                                     61 	.globl _g_CHAR_16
                                     62 	.globl _g_MSXMID
                                     63 	.globl _g_MSXVER
                                     64 	.globl _g_ROMVersion
                                     65 	.globl _g_BASRVN
                                     66 	.globl _g_VDP_DW
                                     67 	.globl _g_VDP_DR
                                     68 	.globl _g_CGTABL
                                     69 	.globl _g_SVFFFD
                                     70 	.globl _g_RG27SAV
                                     71 	.globl _g_RG26SAV
                                     72 	.globl _g_RG25SAV
                                     73 	.globl _g_SVFFF8
                                     74 	.globl _g_MINROM
                                     75 	.globl _g_RG23SAV
                                     76 	.globl _g_RG22SAV
                                     77 	.globl _g_RG21SAV
                                     78 	.globl _g_RG20SAV
                                     79 	.globl _g_RG19SAV
                                     80 	.globl _g_RG18SAV
                                     81 	.globl _g_RG17SAV
                                     82 	.globl _g_RG16SAV
                                     83 	.globl _g_RG15SAV
                                     84 	.globl _g_RG14SAV
                                     85 	.globl _g_RG13SAV
                                     86 	.globl _g_RG12SAV
                                     87 	.globl _g_RG11SAV
                                     88 	.globl _g_RG10SAV
                                     89 	.globl _g_RG09SAV
                                     90 	.globl _g_RG08SAV
                                     91 	.globl _g_PROCNM
                                     92 	.globl _g_SLTWRK
                                     93 	.globl _g_SLTATR
                                     94 	.globl _g_SLTTBL
                                     95 	.globl _g_EXPTBL
                                     96 	.globl _g_MNROM
                                     97 	.globl _g_DRWANG
                                     98 	.globl _g_DRWSCL
                                     99 	.globl _g_DRWFLG
                                    100 	.globl _g_GYPOS
                                    101 	.globl _g_GXPOS
                                    102 	.globl _g_BRDATR
                                    103 	.globl _g_CASPRV
                                    104 	.globl _g_OLDSCR
                                    105 	.globl _g_SCRMOD
                                    106 	.globl _g_FLBMEM
                                    107 	.globl _g_KANAMD
                                    108 	.globl _g_KANAST
                                    109 	.globl _g_CAPST
                                    110 	.globl _g_CSTYLE
                                    111 	.globl _g_CSRSW
                                    112 	.globl _g_INSFLG
                                    113 	.globl _g_ESCCNT
                                    114 	.globl _g_GRPHED
                                    115 	.globl _g_WINWID
                                    116 	.globl _g_LOWLIM
                                    117 	.globl _g_INTCNT
                                    118 	.globl _g_INTVAL
                                    119 	.globl _g_JIFFY
                                    120 	.globl _g_PADX
                                    121 	.globl _g_PADY
                                    122 	.globl _g_INTFLG
                                    123 	.globl _g_RTYCNT
                                    124 	.globl _g_TRPTBL
                                    125 	.globl _g_HIMEM
                                    126 	.globl _g_BOTTOM
                                    127 	.globl _g_PATWRK
                                    128 	.globl _g_LINWRK
                                    129 	.globl _g_KEYBUF
                                    130 	.globl _g_NEWKEY
                                    131 	.globl _g_OLDKEY
                                    132 	.globl _g_CLIKFL
                                    133 	.globl _g_ONGSBF
                                    134 	.globl _g_FNKFLG
                                    135 	.globl _g_FNKSWI
                                    136 	.globl _g_CODSAV
                                    137 	.globl _g_FSTPOS
                                    138 	.globl _g_LINTTB
                                    139 	.globl _g_BASROM
                                    140 	.globl _g_ENSTOP
                                    141 	.globl _g_VCBC
                                    142 	.globl _g_VCBB
                                    143 	.globl _g_VCBA
                                    144 	.globl _g_PLYCNT
                                    145 	.globl _g_MUSICF
                                    146 	.globl _g_QUEUEN
                                    147 	.globl _g_MCLPTR
                                    148 	.globl _g_MCLLEN
                                    149 	.globl _g_SAVVOL
                                    150 	.globl _g_VOICEN
                                    151 	.globl _g_SAVSP
                                    152 	.globl _g_PRSCNT
                                    153 	.globl _g_LSTMOD
                                    154 	.globl _g_LSTCOM
                                    155 	.globl _g_COMMSK
                                    156 	.globl _g_ESTBLS
                                    157 	.globl _g_FLAGS
                                    158 	.globl _g_ERRORS
                                    159 	.globl _g_DATCNT
                                    160 	.globl _g_DEVNUM
                                    161 	.globl _g_OLDINT
                                    162 	.globl _g_OLDSTT
                                    163 	.globl _g_MEXBIh
                                    164 	.globl _g_RSIQLN
                                    165 	.globl _g_RSFCB
                                    166 	.globl _g_TOCNT
                                    167 	.globl _g_RSTMP
                                    168 	.globl _g_YSAVE
                                    169 	.globl _g_XSAVE
                                    170 	.globl _g_NORUSE
                                    171 	.globl _g_MODE
                                    172 	.globl _g_ROMA
                                    173 	.globl _g_CHRCNT
                                    174 	.globl _g_EXBRSA
                                    175 	.globl _g_AVCSAV
                                    176 	.globl _g_ACPAGE
                                    177 	.globl _g_DPPAGE
                                    178 	.globl _g_RS2IQ
                                    179 	.globl _g_VOICCQ
                                    180 	.globl _g_VOICBQ
                                    181 	.globl _g_VOICAQ
                                    182 	.globl _g_QUEBAK
                                    183 	.globl _g_QUETAB
                                    184 	.globl _g_ASPCT2
                                    185 	.globl _g_ASPCT1
                                    186 	.globl _g_HEADER
                                    187 	.globl _g_HIGH
                                    188 	.globl _g_LOW
                                    189 	.globl _g_CS240
                                    190 	.globl _g_CS120
                                    191 	.globl _g_GETPNT
                                    192 	.globl _g_PUTPNT
                                    193 	.globl _g_REPCNT
                                    194 	.globl _g_SCNCNT
                                    195 	.globl _g_FRCNEW
                                    196 	.globl _g_QUEUES
                                    197 	.globl _g_MINUPD
                                    198 	.globl _g_MAXUPD
                                    199 	.globl _g_TRGFLG
                                    200 	.globl _g_STATFL
                                    201 	.globl _g_RG7SAV
                                    202 	.globl _g_RG6SAV
                                    203 	.globl _g_RG5SAV
                                    204 	.globl _g_RG4SAV
                                    205 	.globl _g_RG3SAV
                                    206 	.globl _g_RG2SAV
                                    207 	.globl _g_RG1SAV
                                    208 	.globl _g_RG0SAV
                                    209 	.globl _g_CNSDFG
                                    210 	.globl _g_USRTAB
                                    211 	.globl _g_CLPRIM
                                    212 	.globl _g_WRPRIM
                                    213 	.globl _g_RDPRIM
                                    214 	.globl _FindReceiver
                                    215 ;--------------------------------------------------------
                                    216 ; special function registers
                                    217 ;--------------------------------------------------------
                         000000A8   218 _g_PortPrimarySlot	=	0x00a8
                         000000A9   219 _g_PortReadKeyboard	=	0x00a9
                         000000AA   220 _g_PortAccessKeyboard	=	0x00aa
                         000000AB   221 _g_PortControl	=	0x00ab
                         00000098   222 _g_VDP_DataPort	=	0x0098
                         00000099   223 _g_VDP_RegPort	=	0x0099
                         00000099   224 _g_VDP_AddrPort	=	0x0099
                         00000099   225 _g_VDP_StatPort	=	0x0099
                         0000009A   226 _g_VDP_PalPort	=	0x009a
                         0000009B   227 _g_VDP_IRegPort	=	0x009b
                         000000A0   228 _g_PSG_RegPort	=	0x00a0
                         000000A1   229 _g_PSG_DataPort	=	0x00a1
                         000000A2   230 _g_PSG_StatPort	=	0x00a2
                         00000010   231 _g_PSG_Ext_RegPort	=	0x0010
                         00000011   232 _g_PSG_Ext_DataPort	=	0x0011
                         00000012   233 _g_PSG_Ext_StatPort	=	0x0012
                         0000007C   234 _g_MSXMusic_IndexPort	=	0x007c
                         0000007D   235 _g_MSXMusic_DataPort	=	0x007d
                         000000C0   236 _g_MSXAudio_IndexPort	=	0x00c0
                         000000C1   237 _g_MSXAudio_DataPort	=	0x00c1
                         000000C2   238 _g_MSXAudio_IndexPort2	=	0x00c2
                         000000C3   239 _g_MSXAudio_DataPort2	=	0x00c3
                         000000B4   240 _g_RTC_AddrPort	=	0x00b4
                         000000B5   241 _g_RTC_DataPort	=	0x00b5
                                    242 ;--------------------------------------------------------
                                    243 ; ram data
                                    244 ;--------------------------------------------------------
                                    245 	.area _DATA
                         0000F3AE   246 _g_LINL40	=	0xf3ae
                         0000F3AF   247 _g_LINL32	=	0xf3af
                         0000F3B0   248 _g_LINLEN	=	0xf3b0
                         0000F3B1   249 _g_CRTCNT	=	0xf3b1
                         0000F3B2   250 _g_CLMLST	=	0xf3b2
                         0000F3B3   251 _g_TXTNAM	=	0xf3b3
                         0000F3B5   252 _g_TXTCOL	=	0xf3b5
                         0000F3B7   253 _g_TXTCGP	=	0xf3b7
                         0000F3B9   254 _g_TXTATR	=	0xf3b9
                         0000F3BB   255 _g_TXTPAT	=	0xf3bb
                         0000F3BD   256 _g_T32NAM	=	0xf3bd
                         0000F3BF   257 _g_T32COL	=	0xf3bf
                         0000F3C1   258 _g_T32CGP	=	0xf3c1
                         0000F3C3   259 _g_T32ATR	=	0xf3c3
                         0000F3C5   260 _g_T32PAT	=	0xf3c5
                         0000F3C7   261 _g_GRPNAM	=	0xf3c7
                         0000F3C9   262 _g_GRPCOL	=	0xf3c9
                         0000F3CB   263 _g_GRPCGP	=	0xf3cb
                         0000F3CD   264 _g_GRPATR	=	0xf3cd
                         0000F3CF   265 _g_GRPPAT	=	0xf3cf
                         0000F3D1   266 _g_MLTNAM	=	0xf3d1
                         0000F3D3   267 _g_MLTCOL	=	0xf3d3
                         0000F3D5   268 _g_MLTCGP	=	0xf3d5
                         0000F3D7   269 _g_MLTATR	=	0xf3d7
                         0000F3D9   270 _g_MLTPAT	=	0xf3d9
                         0000F3DB   271 _g_CLIKSW	=	0xf3db
                         0000F3DC   272 _g_CSRY	=	0xf3dc
                         0000F3DD   273 _g_CSRX	=	0xf3dd
                         0000F3E9   274 _g_FORCLR	=	0xf3e9
                         0000F3EA   275 _g_BAKCLR	=	0xf3ea
                         0000F3EB   276 _g_BDRCLR	=	0xf3eb
                         0000F3F2   277 _g_ATRBYT	=	0xf3f2
                         0000F87F   278 _g_FNKSTR	=	0xf87f
                         0000F92A   279 _g_CLOC	=	0xf92a
                         0000F92C   280 _g_CMASK	=	0xf92c
                         0000FB02   281 _g_LOGOPR	=	0xfb02
                         0000FCB7   282 _g_GRPACX	=	0xfcb7
                         0000FCB9   283 _g_GRPACY	=	0xfcb9
                         0000FFFF   284 _g_SLTSL	=	0xffff
                                    285 ;--------------------------------------------------------
                                    286 ; ram data
                                    287 ;--------------------------------------------------------
                                    288 	.area _INITIALIZED
                                    289 ;--------------------------------------------------------
                                    290 ; absolute external ram data
                                    291 ;--------------------------------------------------------
                                    292 	.area _DABS (ABS)
                                    293 ;--------------------------------------------------------
                                    294 ; global & static initialisations
                                    295 ;--------------------------------------------------------
                                    296 	.area _HOME
                                    297 	.area _GSINIT
                                    298 	.area _GSFINAL
                                    299 	.area _GSINIT
                                    300 ;--------------------------------------------------------
                                    301 ; Home
                                    302 ;--------------------------------------------------------
                                    303 	.area _HOME
                                    304 	.area _HOME
                                    305 ;--------------------------------------------------------
                                    306 ; code
                                    307 ;--------------------------------------------------------
                                    308 	.area _SEG20
                                    309 ;E:\Dropbox\FAUSTO\SVILUPPI\MSX\CODE\C\MSXgl\projects\soccerlgMSX2/soccerlg_s20_b3.c:9: u16 FindReceiver(u8 carrier, u8 ignore_player, i8 c_dx, i8 c_dy) 
                                    310 ;	---------------------------------
                                    311 ; Function FindReceiver
                                    312 ; ---------------------------------
    00000000                        313 _FindReceiver::
    00000000 DD E5            [15]  314 	push	ix
    00000002 DD 21 00 00      [14]  315 	ld	ix,#0
    00000006 DD 39            [15]  316 	add	ix,sp
    00000008 FD 21 E4 FF      [14]  317 	ld	iy, #-28
    0000000C FD 39            [15]  318 	add	iy, sp
    0000000E FD F9            [10]  319 	ld	sp, iy
    00000010 DD 77 FE         [19]  320 	ld	-2 (ix), a
    00000013 DD 75 FD         [19]  321 	ld	-3 (ix), l
                                    322 ;E:\Dropbox\FAUSTO\SVILUPPI\MSX\CODE\C\MSXgl\projects\soccerlgMSX2/soccerlg_s20_b3.c:11: u8 start_idx = (carrier < 7) ? 1 : 8; // Esclude i portieri
    00000016 DD 7E FE         [19]  323 	ld	a, -2 (ix)
    00000019 D6 07            [ 7]  324 	sub	a, #0x07
    0000001B 3E 00            [ 7]  325 	ld	a, #0x00
    0000001D 17               [ 4]  326 	rla
    0000001E DD 77 FC         [19]  327 	ld	-4 (ix), a
    00000021 B7               [ 4]  328 	or	a, a
    00000022 28 0B            [12]  329 	jr	Z, 00127$
    00000024 DD 36 FA 01      [19]  330 	ld	-6 (ix), #0x01
    00000028 DD 36 FB 00      [19]  331 	ld	-5 (ix), #0
    0000002C C3r37r00         [10]  332 	jp	00128$
    0000002F                        333 00127$:
    0000002F DD 36 FA 08      [19]  334 	ld	-6 (ix), #0x08
    00000033 DD 36 FB 00      [19]  335 	ld	-5 (ix), #0
    00000037                        336 00128$:
    00000037 DD 7E FA         [19]  337 	ld	a, -6 (ix)
                                    338 ;E:\Dropbox\FAUSTO\SVILUPPI\MSX\CODE\C\MSXgl\projects\soccerlgMSX2/soccerlg_s20_b3.c:12: u8 end_idx = start_idx + 6;
    0000003A DD 77 FF         [19]  339 	ld	-1 (ix), a
    0000003D DD 77 FB         [19]  340 	ld	-5 (ix), a
    00000040 C6 06            [ 7]  341 	add	a, #0x06
    00000042 DD 77 E4         [19]  342 	ld	-28 (ix), a
                                    343 ;E:\Dropbox\FAUSTO\SVILUPPI\MSX\CODE\C\MSXgl\projects\soccerlgMSX2/soccerlg_s20_b3.c:13: u8 best_match = 0xFF;
    00000045 DD 36 E5 FF      [19]  344 	ld	-27 (ix), #0xff
                                    345 ;E:\Dropbox\FAUSTO\SVILUPPI\MSX\CODE\C\MSXgl\projects\soccerlgMSX2/soccerlg_s20_b3.c:14: u16 min_dist = 0xFFFF;
    00000049 DD 36 E6 FF      [19]  346 	ld	-26 (ix), #0xff
    0000004D DD 36 E7 FF      [19]  347 	ld	-25 (ix), #0xff
                                    348 ;E:\Dropbox\FAUSTO\SVILUPPI\MSX\CODE\C\MSXgl\projects\soccerlgMSX2/soccerlg_s20_b3.c:16: if (c_dx == 0 && c_dy == 0) {
    00000051 DD 7E 04         [19]  349 	ld	a, 4 (ix)
    00000054 B7               [ 4]  350 	or	a, a
    00000055 20 25            [12]  351 	jr	NZ, 00149$
    00000057 DD 7E 05         [19]  352 	ld	a, 5 (ix)
    0000005A B7               [ 4]  353 	or	a, a
    0000005B 20 1F            [12]  354 	jr	NZ, 00149$
                                    355 ;E:\Dropbox\FAUSTO\SVILUPPI\MSX\CODE\C\MSXgl\projects\soccerlgMSX2/soccerlg_s20_b3.c:17: c_dy = (carrier < 7) ? 1 : -1;
    0000005D DD 7E FC         [19]  356 	ld	a, -4 (ix)
    00000060 B7               [ 4]  357 	or	a, a
    00000061 28 0B            [12]  358 	jr	Z, 00129$
    00000063 DD 36 FB 01      [19]  359 	ld	-5 (ix), #0x01
    00000067 DD 36 FC 00      [19]  360 	ld	-4 (ix), #0
    0000006B C3r76r00         [10]  361 	jp	00130$
    0000006E                        362 00129$:
    0000006E DD 36 FB FF      [19]  363 	ld	-5 (ix), #0xff
    00000072 DD 36 FC FF      [19]  364 	ld	-4 (ix), #0xff
    00000076                        365 00130$:
    00000076 DD 7E FB         [19]  366 	ld	a, -5 (ix)
    00000079 DD 77 05         [19]  367 	ld	5 (ix), a
                                    368 ;E:\Dropbox\FAUSTO\SVILUPPI\MSX\CODE\C\MSXgl\projects\soccerlgMSX2/soccerlg_s20_b3.c:20: for (u8 i = start_idx; i < end_idx; i++) {
    0000007C                        369 00149$:
    0000007C DD 4E FE         [19]  370 	ld	c, -2 (ix)
    0000007F 06 00            [ 7]  371 	ld	b, #0x00
    00000081 69               [ 4]  372 	ld	l, c
    00000082 60               [ 4]  373 	ld	h, b
    00000083 29               [11]  374 	add	hl, hl
    00000084 29               [11]  375 	add	hl, hl
    00000085 09               [11]  376 	add	hl, bc
    00000086 29               [11]  377 	add	hl, hl
    00000087 09               [11]  378 	add	hl, bc
    00000088 29               [11]  379 	add	hl, hl
    00000089 09               [11]  380 	add	hl, bc
    0000008A DD 75 F8         [19]  381 	ld	-8 (ix), l
    0000008D DD 74 F9         [19]  382 	ld	-7 (ix), h
    00000090 3Er00            [ 7]  383 	ld	a, #<(_SwSprite)
    00000092 DD 86 F8         [19]  384 	add	a, -8 (ix)
    00000095 DD 77 FA         [19]  385 	ld	-6 (ix), a
    00000098 3Es00            [ 7]  386 	ld	a, #>(_SwSprite)
    0000009A DD 8E F9         [19]  387 	adc	a, -7 (ix)
    0000009D DD 77 FB         [19]  388 	ld	-5 (ix), a
    000000A0 DD 6E FA         [19]  389 	ld	l, -6 (ix)
    000000A3 DD 66 FB         [19]  390 	ld	h, -5 (ix)
    000000A6 7E               [ 7]  391 	ld	a, (hl)
    000000A7 DD 77 FC         [19]  392 	ld	-4 (ix), a
    000000AA DD 77 E8         [19]  393 	ld	-24 (ix), a
    000000AD DD 7E FA         [19]  394 	ld	a, -6 (ix)
    000000B0 DD 77 E9         [19]  395 	ld	-23 (ix), a
    000000B3 DD 7E FB         [19]  396 	ld	a, -5 (ix)
    000000B6 DD 77 EA         [19]  397 	ld	-22 (ix), a
    000000B9 AF               [ 4]  398 	xor	a, a
    000000BA DD 96 04         [19]  399 	sub	a, 4 (ix)
    000000BD E2rC2r00         [10]  400 	jp	PO, 00211$
    000000C0 EE 80            [ 7]  401 	xor	a, #0x80
    000000C2                        402 00211$:
    000000C2 07               [ 4]  403 	rlca
    000000C3 E6 01            [ 7]  404 	and	a,#0x01
    000000C5 DD 77 EB         [19]  405 	ld	-21 (ix), a
    000000C8 DD 7E 04         [19]  406 	ld	a, 4 (ix)
    000000CB 07               [ 4]  407 	rlca
    000000CC E6 01            [ 7]  408 	and	a,#0x01
    000000CE DD 77 EC         [19]  409 	ld	-20 (ix), a
    000000D1 AF               [ 4]  410 	xor	a, a
    000000D2 DD 96 05         [19]  411 	sub	a, 5 (ix)
    000000D5 E2rDAr00         [10]  412 	jp	PO, 00212$
    000000D8 EE 80            [ 7]  413 	xor	a, #0x80
    000000DA                        414 00212$:
    000000DA 07               [ 4]  415 	rlca
    000000DB E6 01            [ 7]  416 	and	a,#0x01
    000000DD DD 77 ED         [19]  417 	ld	-19 (ix), a
    000000E0 DD 7E 05         [19]  418 	ld	a, 5 (ix)
    000000E3 07               [ 4]  419 	rlca
    000000E4 E6 01            [ 7]  420 	and	a,#0x01
    000000E6 DD 77 EE         [19]  421 	ld	-18 (ix), a
    000000E9 DD 7E FC         [19]  422 	ld	a, -4 (ix)
    000000EC DD 77 EF         [19]  423 	ld	-17 (ix), a
    000000EF DD 7E FC         [19]  424 	ld	a, -4 (ix)
    000000F2 DD 77 F0         [19]  425 	ld	-16 (ix), a
    000000F5                        426 00124$:
    000000F5 DD 7E FF         [19]  427 	ld	a, -1 (ix)
    000000F8 DD 96 E4         [19]  428 	sub	a, -28 (ix)
    000000FB D2r5Ar02         [10]  429 	jp	NC, 00122$
                                    430 ;E:\Dropbox\FAUSTO\SVILUPPI\MSX\CODE\C\MSXgl\projects\soccerlgMSX2/soccerlg_s20_b3.c:21: if (i == carrier || i == ignore_player) continue; 
    000000FE DD 7E FE         [19]  431 	ld	a, -2 (ix)
    00000101 DD 96 FF         [19]  432 	sub	a, -1 (ix)
    00000104 CAr54r02         [10]  433 	jp	Z,00121$
    00000107 DD 7E FD         [19]  434 	ld	a, -3 (ix)
    0000010A DD 96 FF         [19]  435 	sub	a, -1 (ix)
    0000010D CAr54r02         [10]  436 	jp	Z,00121$
                                    437 ;E:\Dropbox\FAUSTO\SVILUPPI\MSX\CODE\C\MSXgl\projects\soccerlgMSX2/soccerlg_s20_b3.c:23: u16 dx = (SwSprite[i].lx > SwSprite[carrier].lx) ? (SwSprite[i].lx - SwSprite[carrier].lx) : (SwSprite[carrier].lx - SwSprite[i].lx);
    00000110 DD 4E FF         [19]  438 	ld	c, -1 (ix)
    00000113 06 00            [ 7]  439 	ld	b, #0x00
    00000115 69               [ 4]  440 	ld	l, c
    00000116 60               [ 4]  441 	ld	h, b
    00000117 29               [11]  442 	add	hl, hl
    00000118 29               [11]  443 	add	hl, hl
    00000119 09               [11]  444 	add	hl, bc
    0000011A 29               [11]  445 	add	hl, hl
    0000011B 09               [11]  446 	add	hl, bc
    0000011C 29               [11]  447 	add	hl, hl
    0000011D 09               [11]  448 	add	hl, bc
    0000011E 11r00r00         [10]  449 	ld	de, #_SwSprite
    00000121 19               [11]  450 	add	hl, de
                                    451 ;E:\Dropbox\FAUSTO\SVILUPPI\MSX\CODE\C\MSXgl\projects\soccerlgMSX2/soccerlg_s20_b3.c:28: if (c_dx > 0 && SwSprite[i].lx < SwSprite[carrier].lx) continue; 
    00000122 DD 75 F9         [19]  452 	ld	-7 (ix), l
    00000125 DD 74 FA         [19]  453 	ld	-6 (ix), h
    00000128 7E               [ 7]  454 	ld	a, (hl)
                                    455 ;E:\Dropbox\FAUSTO\SVILUPPI\MSX\CODE\C\MSXgl\projects\soccerlgMSX2/soccerlg_s20_b3.c:23: u16 dx = (SwSprite[i].lx > SwSprite[carrier].lx) ? (SwSprite[i].lx - SwSprite[carrier].lx) : (SwSprite[carrier].lx - SwSprite[i].lx);
    00000129 DD 77 F1         [19]  456 	ld	-15 (ix), a
    0000012C DD 77 F5         [19]  457 	ld	-11 (ix), a
    0000012F DD 36 F6 00      [19]  458 	ld	-10 (ix), #0x00
    00000133 DD 7E E8         [19]  459 	ld	a, -24 (ix)
    00000136 DD 77 F7         [19]  460 	ld	-9 (ix), a
    00000139 DD 36 F8 00      [19]  461 	ld	-8 (ix), #0x00
    0000013D DD 7E E8         [19]  462 	ld	a, -24 (ix)
    00000140 DD 96 F1         [19]  463 	sub	a, -15 (ix)
    00000143 30 15            [12]  464 	jr	NC, 00131$
    00000145 DD 7E F5         [19]  465 	ld	a, -11 (ix)
    00000148 DD 96 F7         [19]  466 	sub	a, -9 (ix)
    0000014B DD 77 FB         [19]  467 	ld	-5 (ix), a
    0000014E DD 7E F6         [19]  468 	ld	a, -10 (ix)
    00000151 DD 9E F8         [19]  469 	sbc	a, -8 (ix)
    00000154 DD 77 FC         [19]  470 	ld	-4 (ix), a
    00000157 C3r6Cr01         [10]  471 	jp	00132$
    0000015A                        472 00131$:
    0000015A DD 7E F7         [19]  473 	ld	a, -9 (ix)
    0000015D DD 96 F5         [19]  474 	sub	a, -11 (ix)
    00000160 DD 77 FB         [19]  475 	ld	-5 (ix), a
    00000163 DD 7E F8         [19]  476 	ld	a, -8 (ix)
    00000166 DD 9E F6         [19]  477 	sbc	a, -10 (ix)
    00000169 DD 77 FC         [19]  478 	ld	-4 (ix), a
    0000016C                        479 00132$:
    0000016C DD 7E FB         [19]  480 	ld	a, -5 (ix)
    0000016F DD 77 F2         [19]  481 	ld	-14 (ix), a
    00000172 DD 7E FC         [19]  482 	ld	a, -4 (ix)
    00000175 DD 77 F3         [19]  483 	ld	-13 (ix), a
                                    484 ;E:\Dropbox\FAUSTO\SVILUPPI\MSX\CODE\C\MSXgl\projects\soccerlgMSX2/soccerlg_s20_b3.c:24: u16 dy = (SwSprite[i].ly > SwSprite[carrier].ly) ? (SwSprite[i].ly - SwSprite[carrier].ly) : (SwSprite[carrier].ly - SwSprite[i].ly);
    00000178 DD 4E F9         [19]  485 	ld	c, -7 (ix)
    0000017B DD 46 FA         [19]  486 	ld	b, -6 (ix)
    0000017E 21 04 00         [10]  487 	ld	hl, #4
    00000181 09               [11]  488 	add	hl, bc
    00000182 7E               [ 7]  489 	ld	a, (hl)
    00000183 DD 77 F4         [19]  490 	ld	-12 (ix), a
    00000186 23               [ 6]  491 	inc	hl
    00000187 7E               [ 7]  492 	ld	a, (hl)
    00000188 DD 77 F5         [19]  493 	ld	-11 (ix), a
    0000018B DD 6E E9         [19]  494 	ld	l, -23 (ix)
    0000018E DD 66 EA         [19]  495 	ld	h, -22 (ix)
    00000191 11 04 00         [10]  496 	ld	de, #0x0004
    00000194 19               [11]  497 	add	hl, de
    00000195 7E               [ 7]  498 	ld	a, (hl)
    00000196 DD 77 F6         [19]  499 	ld	-10 (ix), a
    00000199 23               [ 6]  500 	inc	hl
    0000019A 7E               [ 7]  501 	ld	a, (hl)
    0000019B DD 77 F7         [19]  502 	ld	-9 (ix), a
    0000019E DD 7E F6         [19]  503 	ld	a, -10 (ix)
    000001A1 DD 96 F4         [19]  504 	sub	a, -12 (ix)
    000001A4 DD 7E F7         [19]  505 	ld	a, -9 (ix)
    000001A7 DD 9E F5         [19]  506 	sbc	a, -11 (ix)
    000001AA 3E 00            [ 7]  507 	ld	a, #0x00
    000001AC 17               [ 4]  508 	rla
    000001AD DD 77 F8         [19]  509 	ld	-8 (ix), a
    000001B0 B7               [ 4]  510 	or	a, a
    000001B1 28 15            [12]  511 	jr	Z, 00133$
    000001B3 DD 7E F4         [19]  512 	ld	a, -12 (ix)
    000001B6 DD 96 F6         [19]  513 	sub	a, -10 (ix)
    000001B9 DD 77 FB         [19]  514 	ld	-5 (ix), a
    000001BC DD 7E F5         [19]  515 	ld	a, -11 (ix)
    000001BF DD 9E F7         [19]  516 	sbc	a, -9 (ix)
    000001C2 DD 77 FC         [19]  517 	ld	-4 (ix), a
    000001C5 C3rDAr01         [10]  518 	jp	00134$
    000001C8                        519 00133$:
    000001C8 DD 7E F6         [19]  520 	ld	a, -10 (ix)
    000001CB DD 96 F4         [19]  521 	sub	a, -12 (ix)
    000001CE DD 77 FB         [19]  522 	ld	-5 (ix), a
    000001D1 DD 7E F7         [19]  523 	ld	a, -9 (ix)
    000001D4 DD 9E F5         [19]  524 	sbc	a, -11 (ix)
    000001D7 DD 77 FC         [19]  525 	ld	-4 (ix), a
    000001DA                        526 00134$:
    000001DA DD 7E FB         [19]  527 	ld	a, -5 (ix)
    000001DD DD 77 F9         [19]  528 	ld	-7 (ix), a
    000001E0 DD 7E FC         [19]  529 	ld	a, -4 (ix)
    000001E3 DD 77 FA         [19]  530 	ld	-6 (ix), a
                                    531 ;E:\Dropbox\FAUSTO\SVILUPPI\MSX\CODE\C\MSXgl\projects\soccerlgMSX2/soccerlg_s20_b3.c:25: u16 dist = dx + dy; 
    000001E6 DD 7E F2         [19]  532 	ld	a, -14 (ix)
    000001E9 DD 86 F9         [19]  533 	add	a, -7 (ix)
    000001EC DD 77 FB         [19]  534 	ld	-5 (ix), a
    000001EF DD 7E F3         [19]  535 	ld	a, -13 (ix)
    000001F2 DD 8E FA         [19]  536 	adc	a, -6 (ix)
    000001F5 DD 77 FC         [19]  537 	ld	-4 (ix), a
                                    538 ;E:\Dropbox\FAUSTO\SVILUPPI\MSX\CODE\C\MSXgl\projects\soccerlgMSX2/soccerlg_s20_b3.c:28: if (c_dx > 0 && SwSprite[i].lx < SwSprite[carrier].lx) continue; 
    000001F8 DD 7E EB         [19]  539 	ld	a, -21 (ix)
    000001FB B7               [ 4]  540 	or	a, a
    000001FC 28 08            [12]  541 	jr	Z, 00108$
    000001FE DD 7E F1         [19]  542 	ld	a, -15 (ix)
    00000201 DD 96 F0         [19]  543 	sub	a, -16 (ix)
    00000204 38 4E            [12]  544 	jr	C, 00121$
    00000206                        545 00108$:
                                    546 ;E:\Dropbox\FAUSTO\SVILUPPI\MSX\CODE\C\MSXgl\projects\soccerlgMSX2/soccerlg_s20_b3.c:29: if (c_dx < 0 && SwSprite[i].lx > SwSprite[carrier].lx) continue; 
    00000206 DD 7E EC         [19]  547 	ld	a, -20 (ix)
    00000209 B7               [ 4]  548 	or	a, a
    0000020A 28 08            [12]  549 	jr	Z, 00111$
    0000020C DD 7E EF         [19]  550 	ld	a, -17 (ix)
    0000020F DD 96 F1         [19]  551 	sub	a, -15 (ix)
    00000212 38 40            [12]  552 	jr	C, 00121$
    00000214                        553 00111$:
                                    554 ;E:\Dropbox\FAUSTO\SVILUPPI\MSX\CODE\C\MSXgl\projects\soccerlgMSX2/soccerlg_s20_b3.c:31: if (c_dy > 0 && SwSprite[i].ly < SwSprite[carrier].ly) continue; 
    00000214 DD 7E ED         [19]  555 	ld	a, -19 (ix)
    00000217 B7               [ 4]  556 	or	a, a
    00000218 28 0E            [12]  557 	jr	Z, 00114$
    0000021A DD 7E F4         [19]  558 	ld	a, -12 (ix)
    0000021D DD 96 F6         [19]  559 	sub	a, -10 (ix)
    00000220 DD 7E F5         [19]  560 	ld	a, -11 (ix)
    00000223 DD 9E F7         [19]  561 	sbc	a, -9 (ix)
    00000226 38 2C            [12]  562 	jr	C, 00121$
    00000228                        563 00114$:
                                    564 ;E:\Dropbox\FAUSTO\SVILUPPI\MSX\CODE\C\MSXgl\projects\soccerlgMSX2/soccerlg_s20_b3.c:32: if (c_dy < 0 && SwSprite[i].ly > SwSprite[carrier].ly) continue; 
    00000228 DD 7E EE         [19]  565 	ld	a, -18 (ix)
    0000022B B7               [ 4]  566 	or	a, a
    0000022C 28 06            [12]  567 	jr	Z, 00117$
    0000022E DD 7E F8         [19]  568 	ld	a, -8 (ix)
    00000231 B7               [ 4]  569 	or	a, a
    00000232 20 20            [12]  570 	jr	NZ, 00121$
    00000234                        571 00117$:
                                    572 ;E:\Dropbox\FAUSTO\SVILUPPI\MSX\CODE\C\MSXgl\projects\soccerlgMSX2/soccerlg_s20_b3.c:34: if (dist < min_dist) {
    00000234 DD 7E FB         [19]  573 	ld	a, -5 (ix)
    00000237 DD 96 E6         [19]  574 	sub	a, -26 (ix)
    0000023A DD 7E FC         [19]  575 	ld	a, -4 (ix)
    0000023D DD 9E E7         [19]  576 	sbc	a, -25 (ix)
    00000240 30 12            [12]  577 	jr	NC, 00121$
                                    578 ;E:\Dropbox\FAUSTO\SVILUPPI\MSX\CODE\C\MSXgl\projects\soccerlgMSX2/soccerlg_s20_b3.c:35: min_dist = dist;
    00000242 DD 7E FB         [19]  579 	ld	a, -5 (ix)
    00000245 DD 77 E6         [19]  580 	ld	-26 (ix), a
    00000248 DD 7E FC         [19]  581 	ld	a, -4 (ix)
    0000024B DD 77 E7         [19]  582 	ld	-25 (ix), a
                                    583 ;E:\Dropbox\FAUSTO\SVILUPPI\MSX\CODE\C\MSXgl\projects\soccerlgMSX2/soccerlg_s20_b3.c:36: best_match = i;
    0000024E DD 7E FF         [19]  584 	ld	a, -1 (ix)
    00000251 DD 77 E5         [19]  585 	ld	-27 (ix), a
    00000254                        586 00121$:
                                    587 ;E:\Dropbox\FAUSTO\SVILUPPI\MSX\CODE\C\MSXgl\projects\soccerlgMSX2/soccerlg_s20_b3.c:20: for (u8 i = start_idx; i < end_idx; i++) {
    00000254 DD 34 FF         [23]  588 	inc	-1 (ix)
    00000257 C3rF5r00         [10]  589 	jp	00124$
    0000025A                        590 00122$:
                                    591 ;E:\Dropbox\FAUSTO\SVILUPPI\MSX\CODE\C\MSXgl\projects\soccerlgMSX2/soccerlg_s20_b3.c:40: return best_match;
    0000025A DD 5E E5         [19]  592 	ld	e, -27 (ix)
    0000025D 16 00            [ 7]  593 	ld	d, #0x00
                                    594 ;E:\Dropbox\FAUSTO\SVILUPPI\MSX\CODE\C\MSXgl\projects\soccerlgMSX2/soccerlg_s20_b3.c:41: }
    0000025F DD F9            [10]  595 	ld	sp, ix
    00000261 DD E1            [14]  596 	pop	ix
    00000263 E1               [10]  597 	pop	hl
    00000264 F1               [10]  598 	pop	af
    00000265 E9               [ 4]  599 	jp	(hl)
                         0000F380   600 _g_RDPRIM	=	0xf380
                         0000F385   601 _g_WRPRIM	=	0xf385
                         0000F38C   602 _g_CLPRIM	=	0xf38c
                         0000F39A   603 _g_USRTAB	=	0xf39a
                         0000F3DE   604 _g_CNSDFG	=	0xf3de
                         0000F3DF   605 _g_RG0SAV	=	0xf3df
                         0000F3E0   606 _g_RG1SAV	=	0xf3e0
                         0000F3E1   607 _g_RG2SAV	=	0xf3e1
                         0000F3E2   608 _g_RG3SAV	=	0xf3e2
                         0000F3E3   609 _g_RG4SAV	=	0xf3e3
                         0000F3E4   610 _g_RG5SAV	=	0xf3e4
                         0000F3E5   611 _g_RG6SAV	=	0xf3e5
                         0000F3E6   612 _g_RG7SAV	=	0xf3e6
                         0000F3E7   613 _g_STATFL	=	0xf3e7
                         0000F3E8   614 _g_TRGFLG	=	0xf3e8
                         0000F3EC   615 _g_MAXUPD	=	0xf3ec
                         0000F3EF   616 _g_MINUPD	=	0xf3ef
                         0000F3F3   617 _g_QUEUES	=	0xf3f3
                         0000F3F5   618 _g_FRCNEW	=	0xf3f5
                         0000F3F6   619 _g_SCNCNT	=	0xf3f6
                         0000F3F7   620 _g_REPCNT	=	0xf3f7
                         0000F3F8   621 _g_PUTPNT	=	0xf3f8
                         0000F3FA   622 _g_GETPNT	=	0xf3fa
                         0000F3FC   623 _g_CS120	=	0xf3fc
                         0000F401   624 _g_CS240	=	0xf401
                         0000F406   625 _g_LOW	=	0xf406
                         0000F408   626 _g_HIGH	=	0xf408
                         0000F40A   627 _g_HEADER	=	0xf40a
                         0000F40B   628 _g_ASPCT1	=	0xf40b
                         0000F40D   629 _g_ASPCT2	=	0xf40d
                         0000F959   630 _g_QUETAB	=	0xf959
                         0000F971   631 _g_QUEBAK	=	0xf971
                         0000F975   632 _g_VOICAQ	=	0xf975
                         0000F9F5   633 _g_VOICBQ	=	0xf9f5
                         0000FA75   634 _g_VOICCQ	=	0xfa75
                         0000FAF5   635 _g_RS2IQ	=	0xfaf5
                         0000FAF5   636 _g_DPPAGE	=	0xfaf5
                         0000FAF6   637 _g_ACPAGE	=	0xfaf6
                         0000FAF7   638 _g_AVCSAV	=	0xfaf7
                         0000FAF8   639 _g_EXBRSA	=	0xfaf8
                         0000FAF9   640 _g_CHRCNT	=	0xfaf9
                         0000FAFA   641 _g_ROMA	=	0xfafa
                         0000FAFC   642 _g_MODE	=	0xfafc
                         0000FAFD   643 _g_NORUSE	=	0xfafd
                         0000FAFE   644 _g_XSAVE	=	0xfafe
                         0000FB00   645 _g_YSAVE	=	0xfb00
                         0000FB03   646 _g_RSTMP	=	0xfb03
                         0000FB03   647 _g_TOCNT	=	0xfb03
                         0000FB04   648 _g_RSFCB	=	0xfb04
                         0000FB06   649 _g_RSIQLN	=	0xfb06
                         0000FB07   650 _g_MEXBIh	=	0xfb07
                         0000FB0C   651 _g_OLDSTT	=	0xfb0c
                         0000FB0C   652 _g_OLDINT	=	0xfb0c
                         0000FB16   653 _g_DEVNUM	=	0xfb16
                         0000FB17   654 _g_DATCNT	=	0xfb17
                         0000FB1A   655 _g_ERRORS	=	0xfb1a
                         0000FB1B   656 _g_FLAGS	=	0xfb1b
                         0000FB1C   657 _g_ESTBLS	=	0xfb1c
                         0000FB1D   658 _g_COMMSK	=	0xfb1d
                         0000FB1E   659 _g_LSTCOM	=	0xfb1e
                         0000FB1F   660 _g_LSTMOD	=	0xfb1f
                         0000FB35   661 _g_PRSCNT	=	0xfb35
                         0000FB36   662 _g_SAVSP	=	0xfb36
                         0000FB38   663 _g_VOICEN	=	0xfb38
                         0000FB39   664 _g_SAVVOL	=	0xfb39
                         0000FB3B   665 _g_MCLLEN	=	0xfb3b
                         0000FB3C   666 _g_MCLPTR	=	0xfb3c
                         0000FB3E   667 _g_QUEUEN	=	0xfb3e
                         0000FB3F   668 _g_MUSICF	=	0xfb3f
                         0000FB40   669 _g_PLYCNT	=	0xfb40
                         0000FB41   670 _g_VCBA	=	0xfb41
                         0000FB66   671 _g_VCBB	=	0xfb66
                         0000FB8B   672 _g_VCBC	=	0xfb8b
                         0000FBB0   673 _g_ENSTOP	=	0xfbb0
                         0000FBB1   674 _g_BASROM	=	0xfbb1
                         0000FBB2   675 _g_LINTTB	=	0xfbb2
                         0000FBCA   676 _g_FSTPOS	=	0xfbca
                         0000FBCC   677 _g_CODSAV	=	0xfbcc
                         0000FBCD   678 _g_FNKSWI	=	0xfbcd
                         0000FBCE   679 _g_FNKFLG	=	0xfbce
                         0000FBD8   680 _g_ONGSBF	=	0xfbd8
                         0000FBD9   681 _g_CLIKFL	=	0xfbd9
                         0000FBDA   682 _g_OLDKEY	=	0xfbda
                         0000FBE5   683 _g_NEWKEY	=	0xfbe5
                         0000FBF0   684 _g_KEYBUF	=	0xfbf0
                         0000FC18   685 _g_LINWRK	=	0xfc18
                         0000FC40   686 _g_PATWRK	=	0xfc40
                         0000FC48   687 _g_BOTTOM	=	0xfc48
                         0000FC4A   688 _g_HIMEM	=	0xfc4a
                         0000FC4C   689 _g_TRPTBL	=	0xfc4c
                         0000FC9A   690 _g_RTYCNT	=	0xfc9a
                         0000FC9B   691 _g_INTFLG	=	0xfc9b
                         0000FC9C   692 _g_PADY	=	0xfc9c
                         0000FC9D   693 _g_PADX	=	0xfc9d
                         0000FC9E   694 _g_JIFFY	=	0xfc9e
                         0000FCA0   695 _g_INTVAL	=	0xfca0
                         0000FCA2   696 _g_INTCNT	=	0xfca2
                         0000FCA4   697 _g_LOWLIM	=	0xfca4
                         0000FCA5   698 _g_WINWID	=	0xfca5
                         0000FCA6   699 _g_GRPHED	=	0xfca6
                         0000FCA7   700 _g_ESCCNT	=	0xfca7
                         0000FCA8   701 _g_INSFLG	=	0xfca8
                         0000FCA9   702 _g_CSRSW	=	0xfca9
                         0000FCAA   703 _g_CSTYLE	=	0xfcaa
                         0000FCAB   704 _g_CAPST	=	0xfcab
                         0000FCAC   705 _g_KANAST	=	0xfcac
                         0000FCAD   706 _g_KANAMD	=	0xfcad
                         0000FCAE   707 _g_FLBMEM	=	0xfcae
                         0000FCAF   708 _g_SCRMOD	=	0xfcaf
                         0000FCB0   709 _g_OLDSCR	=	0xfcb0
                         0000FCB1   710 _g_CASPRV	=	0xfcb1
                         0000FCB2   711 _g_BRDATR	=	0xfcb2
                         0000FCB3   712 _g_GXPOS	=	0xfcb3
                         0000FCB5   713 _g_GYPOS	=	0xfcb5
                         0000FCBB   714 _g_DRWFLG	=	0xfcbb
                         0000FCBC   715 _g_DRWSCL	=	0xfcbc
                         0000FCBD   716 _g_DRWANG	=	0xfcbd
                         0000FCC1   717 _g_MNROM	=	0xfcc1
                         0000FCC1   718 _g_EXPTBL	=	0xfcc1
                         0000FCC5   719 _g_SLTTBL	=	0xfcc5
                         0000FCC9   720 _g_SLTATR	=	0xfcc9
                         0000FD09   721 _g_SLTWRK	=	0xfd09
                         0000FD89   722 _g_PROCNM	=	0xfd89
                         0000FFE7   723 _g_RG08SAV	=	0xffe7
                         0000FFE8   724 _g_RG09SAV	=	0xffe8
                         0000FFE9   725 _g_RG10SAV	=	0xffe9
                         0000FFEA   726 _g_RG11SAV	=	0xffea
                         0000FFEB   727 _g_RG12SAV	=	0xffeb
                         0000FFEC   728 _g_RG13SAV	=	0xffec
                         0000FFED   729 _g_RG14SAV	=	0xffed
                         0000FFEE   730 _g_RG15SAV	=	0xffee
                         0000FFEF   731 _g_RG16SAV	=	0xffef
                         0000FFF0   732 _g_RG17SAV	=	0xfff0
                         0000FFF1   733 _g_RG18SAV	=	0xfff1
                         0000FFF2   734 _g_RG19SAV	=	0xfff2
                         0000FFF3   735 _g_RG20SAV	=	0xfff3
                         0000FFF4   736 _g_RG21SAV	=	0xfff4
                         0000FFF5   737 _g_RG22SAV	=	0xfff5
                         0000FFF6   738 _g_RG23SAV	=	0xfff6
                         0000FFF7   739 _g_MINROM	=	0xfff7
                         0000FFF8   740 _g_SVFFF8	=	0xfff8
                         0000FFFA   741 _g_RG25SAV	=	0xfffa
                         0000FFFB   742 _g_RG26SAV	=	0xfffb
                         0000FFFC   743 _g_RG27SAV	=	0xfffc
                         0000FFFD   744 _g_SVFFFD	=	0xfffd
                         00000004   745 _g_CGTABL	=	0x0004
                         00000006   746 _g_VDP_DR	=	0x0006
                         00000007   747 _g_VDP_DW	=	0x0007
                         0000002B   748 _g_BASRVN	=	0x002b
                         0000002B   749 _g_ROMVersion	=	0x002b
                         0000002D   750 _g_MSXVER	=	0x002d
                         0000002E   751 _g_MSXMID	=	0x002e
                         00000034   752 _g_CHAR_16	=	0x0034
                         00000000   753 _g_SUBRID	=	0x0000
                         00000002   754 _g_STRSRC	=	0x0002
                         0000F30F   755 _g_KANJTABLE	=	0xf30f
                         0000F323   756 _g_DISKVE	=	0xf323
                         0000F325   757 _g_BREAKV	=	0xf325
                         0000F341   758 _g_RAMAD0	=	0xf341
                         0000F342   759 _g_RAMAD1	=	0xf342
                         0000F343   760 _g_RAMAD2	=	0xf343
                         0000F344   761 _g_RAMAD3	=	0xf344
                         0000F348   762 _g_MASTER	=	0xf348
                         0000F37D   763 _g_BDOS	=	0xf37d
                                    764 	.area _SEG20
                                    765 	.area _INITIALIZER
                                    766 	.area _CABS (ABS)
