                                      1 ;--------------------------------------------------------
                                      2 ; File Created by SDCC : free open source ANSI-C Compiler
                                      3 ; Version 4.2.0 #13081 (MINGW64)
                                      4 ;--------------------------------------------------------
                                      5 	.module soccerlg_s6_b3
                                      6 	.optsdcc -mz80
                                      7 	
                                      8 ;--------------------------------------------------------
                                      9 ; Public variables in this module
                                     10 ;--------------------------------------------------------
                                     11 	.globl _g_SLTSL
                                     12 	.globl _g_GRPACY
                                     13 	.globl _g_GRPACX
                                     14 	.globl _g_LOGOPR
                                     15 	.globl _g_CMASK
                                     16 	.globl _g_CLOC
                                     17 	.globl _g_FNKSTR
                                     18 	.globl _g_ATRBYT
                                     19 	.globl _g_BDRCLR
                                     20 	.globl _g_BAKCLR
                                     21 	.globl _g_FORCLR
                                     22 	.globl _g_CSRX
                                     23 	.globl _g_CSRY
                                     24 	.globl _g_CLIKSW
                                     25 	.globl _g_MLTPAT
                                     26 	.globl _g_MLTATR
                                     27 	.globl _g_MLTCGP
                                     28 	.globl _g_MLTCOL
                                     29 	.globl _g_MLTNAM
                                     30 	.globl _g_GRPPAT
                                     31 	.globl _g_GRPATR
                                     32 	.globl _g_GRPCGP
                                     33 	.globl _g_GRPCOL
                                     34 	.globl _g_GRPNAM
                                     35 	.globl _g_T32PAT
                                     36 	.globl _g_T32ATR
                                     37 	.globl _g_T32CGP
                                     38 	.globl _g_T32COL
                                     39 	.globl _g_T32NAM
                                     40 	.globl _g_TXTPAT
                                     41 	.globl _g_TXTATR
                                     42 	.globl _g_TXTCGP
                                     43 	.globl _g_TXTCOL
                                     44 	.globl _g_TXTNAM
                                     45 	.globl _g_CLMLST
                                     46 	.globl _g_CRTCNT
                                     47 	.globl _g_LINLEN
                                     48 	.globl _g_LINL32
                                     49 	.globl _g_LINL40
                                     50 	.globl _g_BDOS
                                     51 	.globl _g_MASTER
                                     52 	.globl _g_RAMAD3
                                     53 	.globl _g_RAMAD2
                                     54 	.globl _g_RAMAD1
                                     55 	.globl _g_RAMAD0
                                     56 	.globl _g_BREAKV
                                     57 	.globl _g_DISKVE
                                     58 	.globl _g_KANJTABLE
                                     59 	.globl _g_STRSRC
                                     60 	.globl _g_SUBRID
                                     61 	.globl _g_CHAR_16
                                     62 	.globl _g_MSXMID
                                     63 	.globl _g_MSXVER
                                     64 	.globl _g_ROMVersion
                                     65 	.globl _g_BASRVN
                                     66 	.globl _g_VDP_DW
                                     67 	.globl _g_VDP_DR
                                     68 	.globl _g_CGTABL
                                     69 	.globl _g_SVFFFD
                                     70 	.globl _g_RG27SAV
                                     71 	.globl _g_RG26SAV
                                     72 	.globl _g_RG25SAV
                                     73 	.globl _g_SVFFF8
                                     74 	.globl _g_MINROM
                                     75 	.globl _g_RG23SAV
                                     76 	.globl _g_RG22SAV
                                     77 	.globl _g_RG21SAV
                                     78 	.globl _g_RG20SAV
                                     79 	.globl _g_RG19SAV
                                     80 	.globl _g_RG18SAV
                                     81 	.globl _g_RG17SAV
                                     82 	.globl _g_RG16SAV
                                     83 	.globl _g_RG15SAV
                                     84 	.globl _g_RG14SAV
                                     85 	.globl _g_RG13SAV
                                     86 	.globl _g_RG12SAV
                                     87 	.globl _g_RG11SAV
                                     88 	.globl _g_RG10SAV
                                     89 	.globl _g_RG09SAV
                                     90 	.globl _g_RG08SAV
                                     91 	.globl _g_PROCNM
                                     92 	.globl _g_SLTWRK
                                     93 	.globl _g_SLTATR
                                     94 	.globl _g_SLTTBL
                                     95 	.globl _g_EXPTBL
                                     96 	.globl _g_MNROM
                                     97 	.globl _g_DRWANG
                                     98 	.globl _g_DRWSCL
                                     99 	.globl _g_DRWFLG
                                    100 	.globl _g_GYPOS
                                    101 	.globl _g_GXPOS
                                    102 	.globl _g_BRDATR
                                    103 	.globl _g_CASPRV
                                    104 	.globl _g_OLDSCR
                                    105 	.globl _g_SCRMOD
                                    106 	.globl _g_FLBMEM
                                    107 	.globl _g_KANAMD
                                    108 	.globl _g_KANAST
                                    109 	.globl _g_CAPST
                                    110 	.globl _g_CSTYLE
                                    111 	.globl _g_CSRSW
                                    112 	.globl _g_INSFLG
                                    113 	.globl _g_ESCCNT
                                    114 	.globl _g_GRPHED
                                    115 	.globl _g_WINWID
                                    116 	.globl _g_LOWLIM
                                    117 	.globl _g_INTCNT
                                    118 	.globl _g_INTVAL
                                    119 	.globl _g_JIFFY
                                    120 	.globl _g_PADX
                                    121 	.globl _g_PADY
                                    122 	.globl _g_INTFLG
                                    123 	.globl _g_RTYCNT
                                    124 	.globl _g_TRPTBL
                                    125 	.globl _g_HIMEM
                                    126 	.globl _g_BOTTOM
                                    127 	.globl _g_PATWRK
                                    128 	.globl _g_LINWRK
                                    129 	.globl _g_KEYBUF
                                    130 	.globl _g_NEWKEY
                                    131 	.globl _g_OLDKEY
                                    132 	.globl _g_CLIKFL
                                    133 	.globl _g_ONGSBF
                                    134 	.globl _g_FNKFLG
                                    135 	.globl _g_FNKSWI
                                    136 	.globl _g_CODSAV
                                    137 	.globl _g_FSTPOS
                                    138 	.globl _g_LINTTB
                                    139 	.globl _g_BASROM
                                    140 	.globl _g_ENSTOP
                                    141 	.globl _g_VCBC
                                    142 	.globl _g_VCBB
                                    143 	.globl _g_VCBA
                                    144 	.globl _g_PLYCNT
                                    145 	.globl _g_MUSICF
                                    146 	.globl _g_QUEUEN
                                    147 	.globl _g_MCLPTR
                                    148 	.globl _g_MCLLEN
                                    149 	.globl _g_SAVVOL
                                    150 	.globl _g_VOICEN
                                    151 	.globl _g_SAVSP
                                    152 	.globl _g_PRSCNT
                                    153 	.globl _g_LSTMOD
                                    154 	.globl _g_LSTCOM
                                    155 	.globl _g_COMMSK
                                    156 	.globl _g_ESTBLS
                                    157 	.globl _g_FLAGS
                                    158 	.globl _g_ERRORS
                                    159 	.globl _g_DATCNT
                                    160 	.globl _g_DEVNUM
                                    161 	.globl _g_OLDINT
                                    162 	.globl _g_OLDSTT
                                    163 	.globl _g_MEXBIh
                                    164 	.globl _g_RSIQLN
                                    165 	.globl _g_RSFCB
                                    166 	.globl _g_TOCNT
                                    167 	.globl _g_RSTMP
                                    168 	.globl _g_YSAVE
                                    169 	.globl _g_XSAVE
                                    170 	.globl _g_NORUSE
                                    171 	.globl _g_MODE
                                    172 	.globl _g_ROMA
                                    173 	.globl _g_CHRCNT
                                    174 	.globl _g_EXBRSA
                                    175 	.globl _g_AVCSAV
                                    176 	.globl _g_ACPAGE
                                    177 	.globl _g_DPPAGE
                                    178 	.globl _g_RS2IQ
                                    179 	.globl _g_VOICCQ
                                    180 	.globl _g_VOICBQ
                                    181 	.globl _g_VOICAQ
                                    182 	.globl _g_QUEBAK
                                    183 	.globl _g_QUETAB
                                    184 	.globl _g_ASPCT2
                                    185 	.globl _g_ASPCT1
                                    186 	.globl _g_HEADER
                                    187 	.globl _g_HIGH
                                    188 	.globl _g_LOW
                                    189 	.globl _g_CS240
                                    190 	.globl _g_CS120
                                    191 	.globl _g_GETPNT
                                    192 	.globl _g_PUTPNT
                                    193 	.globl _g_REPCNT
                                    194 	.globl _g_SCNCNT
                                    195 	.globl _g_FRCNEW
                                    196 	.globl _g_QUEUES
                                    197 	.globl _g_MINUPD
                                    198 	.globl _g_MAXUPD
                                    199 	.globl _g_TRGFLG
                                    200 	.globl _g_STATFL
                                    201 	.globl _g_RG7SAV
                                    202 	.globl _g_RG6SAV
                                    203 	.globl _g_RG5SAV
                                    204 	.globl _g_RG4SAV
                                    205 	.globl _g_RG3SAV
                                    206 	.globl _g_RG2SAV
                                    207 	.globl _g_RG1SAV
                                    208 	.globl _g_RG0SAV
                                    209 	.globl _g_CNSDFG
                                    210 	.globl _g_USRTAB
                                    211 	.globl _g_CLPRIM
                                    212 	.globl _g_WRPRIM
                                    213 	.globl _g_RDPRIM
                                    214 	.globl _PlayerAI
                                    215 	.globl _FindReceiver
                                    216 ;--------------------------------------------------------
                                    217 ; special function registers
                                    218 ;--------------------------------------------------------
                         000000A8   219 _g_PortPrimarySlot	=	0x00a8
                         000000A9   220 _g_PortReadKeyboard	=	0x00a9
                         000000AA   221 _g_PortAccessKeyboard	=	0x00aa
                         000000AB   222 _g_PortControl	=	0x00ab
                         00000098   223 _g_VDP_DataPort	=	0x0098
                         00000099   224 _g_VDP_RegPort	=	0x0099
                         00000099   225 _g_VDP_AddrPort	=	0x0099
                         00000099   226 _g_VDP_StatPort	=	0x0099
                         0000009A   227 _g_VDP_PalPort	=	0x009a
                         0000009B   228 _g_VDP_IRegPort	=	0x009b
                         000000A0   229 _g_PSG_RegPort	=	0x00a0
                         000000A1   230 _g_PSG_DataPort	=	0x00a1
                         000000A2   231 _g_PSG_StatPort	=	0x00a2
                         00000010   232 _g_PSG_Ext_RegPort	=	0x0010
                         00000011   233 _g_PSG_Ext_DataPort	=	0x0011
                         00000012   234 _g_PSG_Ext_StatPort	=	0x0012
                         0000007C   235 _g_MSXMusic_IndexPort	=	0x007c
                         0000007D   236 _g_MSXMusic_DataPort	=	0x007d
                         000000C0   237 _g_MSXAudio_IndexPort	=	0x00c0
                         000000C1   238 _g_MSXAudio_DataPort	=	0x00c1
                         000000C2   239 _g_MSXAudio_IndexPort2	=	0x00c2
                         000000C3   240 _g_MSXAudio_DataPort2	=	0x00c3
                         000000B4   241 _g_RTC_AddrPort	=	0x00b4
                         000000B5   242 _g_RTC_DataPort	=	0x00b5
                                    243 ;--------------------------------------------------------
                                    244 ; ram data
                                    245 ;--------------------------------------------------------
                                    246 	.area _DATA
                         0000F3AE   247 _g_LINL40	=	0xf3ae
                         0000F3AF   248 _g_LINL32	=	0xf3af
                         0000F3B0   249 _g_LINLEN	=	0xf3b0
                         0000F3B1   250 _g_CRTCNT	=	0xf3b1
                         0000F3B2   251 _g_CLMLST	=	0xf3b2
                         0000F3B3   252 _g_TXTNAM	=	0xf3b3
                         0000F3B5   253 _g_TXTCOL	=	0xf3b5
                         0000F3B7   254 _g_TXTCGP	=	0xf3b7
                         0000F3B9   255 _g_TXTATR	=	0xf3b9
                         0000F3BB   256 _g_TXTPAT	=	0xf3bb
                         0000F3BD   257 _g_T32NAM	=	0xf3bd
                         0000F3BF   258 _g_T32COL	=	0xf3bf
                         0000F3C1   259 _g_T32CGP	=	0xf3c1
                         0000F3C3   260 _g_T32ATR	=	0xf3c3
                         0000F3C5   261 _g_T32PAT	=	0xf3c5
                         0000F3C7   262 _g_GRPNAM	=	0xf3c7
                         0000F3C9   263 _g_GRPCOL	=	0xf3c9
                         0000F3CB   264 _g_GRPCGP	=	0xf3cb
                         0000F3CD   265 _g_GRPATR	=	0xf3cd
                         0000F3CF   266 _g_GRPPAT	=	0xf3cf
                         0000F3D1   267 _g_MLTNAM	=	0xf3d1
                         0000F3D3   268 _g_MLTCOL	=	0xf3d3
                         0000F3D5   269 _g_MLTCGP	=	0xf3d5
                         0000F3D7   270 _g_MLTATR	=	0xf3d7
                         0000F3D9   271 _g_MLTPAT	=	0xf3d9
                         0000F3DB   272 _g_CLIKSW	=	0xf3db
                         0000F3DC   273 _g_CSRY	=	0xf3dc
                         0000F3DD   274 _g_CSRX	=	0xf3dd
                         0000F3E9   275 _g_FORCLR	=	0xf3e9
                         0000F3EA   276 _g_BAKCLR	=	0xf3ea
                         0000F3EB   277 _g_BDRCLR	=	0xf3eb
                         0000F3F2   278 _g_ATRBYT	=	0xf3f2
                         0000F87F   279 _g_FNKSTR	=	0xf87f
                         0000F92A   280 _g_CLOC	=	0xf92a
                         0000F92C   281 _g_CMASK	=	0xf92c
                         0000FB02   282 _g_LOGOPR	=	0xfb02
                         0000FCB7   283 _g_GRPACX	=	0xfcb7
                         0000FCB9   284 _g_GRPACY	=	0xfcb9
                         0000FFFF   285 _g_SLTSL	=	0xffff
                                    286 ;--------------------------------------------------------
                                    287 ; ram data
                                    288 ;--------------------------------------------------------
                                    289 	.area _INITIALIZED
                                    290 ;--------------------------------------------------------
                                    291 ; absolute external ram data
                                    292 ;--------------------------------------------------------
                                    293 	.area _DABS (ABS)
                                    294 ;--------------------------------------------------------
                                    295 ; global & static initialisations
                                    296 ;--------------------------------------------------------
                                    297 	.area _HOME
                                    298 	.area _GSINIT
                                    299 	.area _GSFINAL
                                    300 	.area _GSINIT
                                    301 ;--------------------------------------------------------
                                    302 ; Home
                                    303 ;--------------------------------------------------------
                                    304 	.area _HOME
                                    305 	.area _HOME
                                    306 ;--------------------------------------------------------
                                    307 ; code
                                    308 ;--------------------------------------------------------
                                    309 	.area _SEG6
                                    310 ;E:\Dropbox\FAUSTO\SVILUPPI\MSX\CODE\C\MSXgl\projects\soccerlgMSX2/soccerlg_s6_b3.c:9: void PlayerAI(u8 i) 
                                    311 ;	---------------------------------
                                    312 ; Function PlayerAI
                                    313 ; ---------------------------------
    00000000                        314 _PlayerAI::
    00000000 5F               [ 4]  315 	ld	e, a
                                    316 ;E:\Dropbox\FAUSTO\SVILUPPI\MSX\CODE\C\MSXgl\projects\soccerlgMSX2/soccerlg_s6_b3.c:11: struct ObjectInfo* Player = &SwSprite[i];
    00000001 01r00r00         [10]  317 	ld	bc, #_SwSprite+0
    00000004 16 00            [ 7]  318 	ld	d, #0x00
    00000006 6B               [ 4]  319 	ld	l, e
    00000007 62               [ 4]  320 	ld	h, d
    00000008 29               [11]  321 	add	hl, hl
    00000009 29               [11]  322 	add	hl, hl
    0000000A 19               [11]  323 	add	hl, de
    0000000B 29               [11]  324 	add	hl, hl
    0000000C 19               [11]  325 	add	hl, de
    0000000D 29               [11]  326 	add	hl, hl
    0000000E 19               [11]  327 	add	hl, de
    0000000F 09               [11]  328 	add	hl, bc
    00000010 EB               [ 4]  329 	ex	de, hl
                                    330 ;E:\Dropbox\FAUSTO\SVILUPPI\MSX\CODE\C\MSXgl\projects\soccerlgMSX2/soccerlg_s6_b3.c:12: Player->lx += Player->dx; 
    00000011 1A               [ 7]  331 	ld	a, (de)
    00000012 6F               [ 4]  332 	ld	l, a
                                    333 ;	spillPairReg hl
                                    334 ;	spillPairReg hl
    00000013 7B               [ 4]  335 	ld	a, e
    00000014 C6 11            [ 7]  336 	add	a, #0x11
    00000016 4F               [ 4]  337 	ld	c, a
    00000017 7A               [ 4]  338 	ld	a, d
    00000018 CE 00            [ 7]  339 	adc	a, #0x00
    0000001A 47               [ 4]  340 	ld	b, a
    0000001B 0A               [ 7]  341 	ld	a, (bc)
    0000001C 85               [ 4]  342 	add	a, l
                                    343 ;E:\Dropbox\FAUSTO\SVILUPPI\MSX\CODE\C\MSXgl\projects\soccerlgMSX2/soccerlg_s6_b3.c:13: if  (Player->lx>238 || Player->lx<4) 
    0000001D 12               [ 7]  344 	ld	(de), a
    0000001E 6F               [ 4]  345 	ld	l, a
                                    346 ;	spillPairReg hl
                                    347 ;	spillPairReg hl
    0000001F 3E EE            [ 7]  348 	ld	a, #0xee
    00000021 95               [ 4]  349 	sub	a, l
    00000022 38 05            [12]  350 	jr	C, 00101$
    00000024 7D               [ 4]  351 	ld	a, l
    00000025 D6 04            [ 7]  352 	sub	a, #0x04
    00000027 30 04            [12]  353 	jr	NC, 00102$
    00000029                        354 00101$:
                                    355 ;E:\Dropbox\FAUSTO\SVILUPPI\MSX\CODE\C\MSXgl\projects\soccerlgMSX2/soccerlg_s6_b3.c:14: Player->dx = -Player->dx;
    00000029 0A               [ 7]  356 	ld	a, (bc)
    0000002A ED 44            [ 8]  357 	neg
    0000002C 02               [ 7]  358 	ld	(bc), a
    0000002D                        359 00102$:
                                    360 ;E:\Dropbox\FAUSTO\SVILUPPI\MSX\CODE\C\MSXgl\projects\soccerlgMSX2/soccerlg_s6_b3.c:16: Player->ly += Player->dy; 
    0000002D 21 04 00         [10]  361 	ld	hl, #0x0004
    00000030 19               [11]  362 	add	hl, de
    00000031 4E               [ 7]  363 	ld	c, (hl)
    00000032 23               [ 6]  364 	inc	hl
    00000033 46               [ 7]  365 	ld	b, (hl)
    00000034 2B               [ 6]  366 	dec	hl
    00000035 7B               [ 4]  367 	ld	a, e
    00000036 C6 12            [ 7]  368 	add	a, #0x12
    00000038 5F               [ 4]  369 	ld	e, a
    00000039 30 01            [12]  370 	jr	NC, 00119$
    0000003B 14               [ 4]  371 	inc	d
    0000003C                        372 00119$:
    0000003C 1A               [ 7]  373 	ld	a, (de)
    0000003D F5               [11]  374 	push	af
    0000003E 07               [ 4]  375 	rlca
    0000003F 9F               [ 4]  376 	sbc	a, a
    00000040 FD E5            [15]  377 	push	iy
    00000042 E3               [19]  378 	ex	(sp), hl
    00000043 67               [ 4]  379 	ld	h, a
                                    380 ;	spillPairReg hl
                                    381 ;	spillPairReg hl
    00000044 E3               [19]  382 	ex	(sp), hl
    00000045 FD E1            [14]  383 	pop	iy
    00000047 F1               [10]  384 	pop	af
    00000048 81               [ 4]  385 	add	a, c
    00000049 4F               [ 4]  386 	ld	c, a
    0000004A FD E5            [15]  387 	push	iy
    0000004C E3               [19]  388 	ex	(sp), hl
    0000004D 7C               [ 4]  389 	ld	a, h
    0000004E E3               [19]  390 	ex	(sp), hl
    0000004F FD E1            [14]  391 	pop	iy
    00000051 88               [ 4]  392 	adc	a, b
    00000052 47               [ 4]  393 	ld	b, a
    00000053 71               [ 7]  394 	ld	(hl), c
    00000054 23               [ 6]  395 	inc	hl
    00000055 70               [ 7]  396 	ld	(hl), b
    00000056 2B               [ 6]  397 	dec	hl
                                    398 ;E:\Dropbox\FAUSTO\SVILUPPI\MSX\CODE\C\MSXgl\projects\soccerlgMSX2/soccerlg_s6_b3.c:17: if  (Player->ly>504-16 || Player->ly<=16) 
    00000057 7E               [ 7]  399 	ld	a, (hl)
    00000058 23               [ 6]  400 	inc	hl
    00000059 66               [ 7]  401 	ld	h, (hl)
                                    402 ;	spillPairReg hl
    0000005A 6F               [ 4]  403 	ld	l, a
                                    404 ;	spillPairReg hl
                                    405 ;	spillPairReg hl
    0000005B 3E E8            [ 7]  406 	ld	a, #0xe8
    0000005D B9               [ 4]  407 	cp	a, c
    0000005E 3E 01            [ 7]  408 	ld	a, #0x01
    00000060 98               [ 4]  409 	sbc	a, b
    00000061 38 07            [12]  410 	jr	C, 00104$
    00000063 3E 10            [ 7]  411 	ld	a, #0x10
    00000065 BD               [ 4]  412 	cp	a, l
    00000066 3E 00            [ 7]  413 	ld	a, #0x00
    00000068 9C               [ 4]  414 	sbc	a, h
    00000069 D8               [11]  415 	ret	C
    0000006A                        416 00104$:
                                    417 ;E:\Dropbox\FAUSTO\SVILUPPI\MSX\CODE\C\MSXgl\projects\soccerlgMSX2/soccerlg_s6_b3.c:18: Player->dy = -Player->dy;
    0000006A 1A               [ 7]  418 	ld	a, (de)
    0000006B ED 44            [ 8]  419 	neg
    0000006D 12               [ 7]  420 	ld	(de), a
                                    421 ;E:\Dropbox\FAUSTO\SVILUPPI\MSX\CODE\C\MSXgl\projects\soccerlgMSX2/soccerlg_s6_b3.c:19: }
    0000006E C9               [10]  422 	ret
                         0000F380   423 _g_RDPRIM	=	0xf380
                         0000F385   424 _g_WRPRIM	=	0xf385
                         0000F38C   425 _g_CLPRIM	=	0xf38c
                         0000F39A   426 _g_USRTAB	=	0xf39a
                         0000F3DE   427 _g_CNSDFG	=	0xf3de
                         0000F3DF   428 _g_RG0SAV	=	0xf3df
                         0000F3E0   429 _g_RG1SAV	=	0xf3e0
                         0000F3E1   430 _g_RG2SAV	=	0xf3e1
                         0000F3E2   431 _g_RG3SAV	=	0xf3e2
                         0000F3E3   432 _g_RG4SAV	=	0xf3e3
                         0000F3E4   433 _g_RG5SAV	=	0xf3e4
                         0000F3E5   434 _g_RG6SAV	=	0xf3e5
                         0000F3E6   435 _g_RG7SAV	=	0xf3e6
                         0000F3E7   436 _g_STATFL	=	0xf3e7
                         0000F3E8   437 _g_TRGFLG	=	0xf3e8
                         0000F3EC   438 _g_MAXUPD	=	0xf3ec
                         0000F3EF   439 _g_MINUPD	=	0xf3ef
                         0000F3F3   440 _g_QUEUES	=	0xf3f3
                         0000F3F5   441 _g_FRCNEW	=	0xf3f5
                         0000F3F6   442 _g_SCNCNT	=	0xf3f6
                         0000F3F7   443 _g_REPCNT	=	0xf3f7
                         0000F3F8   444 _g_PUTPNT	=	0xf3f8
                         0000F3FA   445 _g_GETPNT	=	0xf3fa
                         0000F3FC   446 _g_CS120	=	0xf3fc
                         0000F401   447 _g_CS240	=	0xf401
                         0000F406   448 _g_LOW	=	0xf406
                         0000F408   449 _g_HIGH	=	0xf408
                         0000F40A   450 _g_HEADER	=	0xf40a
                         0000F40B   451 _g_ASPCT1	=	0xf40b
                         0000F40D   452 _g_ASPCT2	=	0xf40d
                         0000F959   453 _g_QUETAB	=	0xf959
                         0000F971   454 _g_QUEBAK	=	0xf971
                         0000F975   455 _g_VOICAQ	=	0xf975
                         0000F9F5   456 _g_VOICBQ	=	0xf9f5
                         0000FA75   457 _g_VOICCQ	=	0xfa75
                         0000FAF5   458 _g_RS2IQ	=	0xfaf5
                         0000FAF5   459 _g_DPPAGE	=	0xfaf5
                         0000FAF6   460 _g_ACPAGE	=	0xfaf6
                         0000FAF7   461 _g_AVCSAV	=	0xfaf7
                         0000FAF8   462 _g_EXBRSA	=	0xfaf8
                         0000FAF9   463 _g_CHRCNT	=	0xfaf9
                         0000FAFA   464 _g_ROMA	=	0xfafa
                         0000FAFC   465 _g_MODE	=	0xfafc
                         0000FAFD   466 _g_NORUSE	=	0xfafd
                         0000FAFE   467 _g_XSAVE	=	0xfafe
                         0000FB00   468 _g_YSAVE	=	0xfb00
                         0000FB03   469 _g_RSTMP	=	0xfb03
                         0000FB03   470 _g_TOCNT	=	0xfb03
                         0000FB04   471 _g_RSFCB	=	0xfb04
                         0000FB06   472 _g_RSIQLN	=	0xfb06
                         0000FB07   473 _g_MEXBIh	=	0xfb07
                         0000FB0C   474 _g_OLDSTT	=	0xfb0c
                         0000FB0C   475 _g_OLDINT	=	0xfb0c
                         0000FB16   476 _g_DEVNUM	=	0xfb16
                         0000FB17   477 _g_DATCNT	=	0xfb17
                         0000FB1A   478 _g_ERRORS	=	0xfb1a
                         0000FB1B   479 _g_FLAGS	=	0xfb1b
                         0000FB1C   480 _g_ESTBLS	=	0xfb1c
                         0000FB1D   481 _g_COMMSK	=	0xfb1d
                         0000FB1E   482 _g_LSTCOM	=	0xfb1e
                         0000FB1F   483 _g_LSTMOD	=	0xfb1f
                         0000FB35   484 _g_PRSCNT	=	0xfb35
                         0000FB36   485 _g_SAVSP	=	0xfb36
                         0000FB38   486 _g_VOICEN	=	0xfb38
                         0000FB39   487 _g_SAVVOL	=	0xfb39
                         0000FB3B   488 _g_MCLLEN	=	0xfb3b
                         0000FB3C   489 _g_MCLPTR	=	0xfb3c
                         0000FB3E   490 _g_QUEUEN	=	0xfb3e
                         0000FB3F   491 _g_MUSICF	=	0xfb3f
                         0000FB40   492 _g_PLYCNT	=	0xfb40
                         0000FB41   493 _g_VCBA	=	0xfb41
                         0000FB66   494 _g_VCBB	=	0xfb66
                         0000FB8B   495 _g_VCBC	=	0xfb8b
                         0000FBB0   496 _g_ENSTOP	=	0xfbb0
                         0000FBB1   497 _g_BASROM	=	0xfbb1
                         0000FBB2   498 _g_LINTTB	=	0xfbb2
                         0000FBCA   499 _g_FSTPOS	=	0xfbca
                         0000FBCC   500 _g_CODSAV	=	0xfbcc
                         0000FBCD   501 _g_FNKSWI	=	0xfbcd
                         0000FBCE   502 _g_FNKFLG	=	0xfbce
                         0000FBD8   503 _g_ONGSBF	=	0xfbd8
                         0000FBD9   504 _g_CLIKFL	=	0xfbd9
                         0000FBDA   505 _g_OLDKEY	=	0xfbda
                         0000FBE5   506 _g_NEWKEY	=	0xfbe5
                         0000FBF0   507 _g_KEYBUF	=	0xfbf0
                         0000FC18   508 _g_LINWRK	=	0xfc18
                         0000FC40   509 _g_PATWRK	=	0xfc40
                         0000FC48   510 _g_BOTTOM	=	0xfc48
                         0000FC4A   511 _g_HIMEM	=	0xfc4a
                         0000FC4C   512 _g_TRPTBL	=	0xfc4c
                         0000FC9A   513 _g_RTYCNT	=	0xfc9a
                         0000FC9B   514 _g_INTFLG	=	0xfc9b
                         0000FC9C   515 _g_PADY	=	0xfc9c
                         0000FC9D   516 _g_PADX	=	0xfc9d
                         0000FC9E   517 _g_JIFFY	=	0xfc9e
                         0000FCA0   518 _g_INTVAL	=	0xfca0
                         0000FCA2   519 _g_INTCNT	=	0xfca2
                         0000FCA4   520 _g_LOWLIM	=	0xfca4
                         0000FCA5   521 _g_WINWID	=	0xfca5
                         0000FCA6   522 _g_GRPHED	=	0xfca6
                         0000FCA7   523 _g_ESCCNT	=	0xfca7
                         0000FCA8   524 _g_INSFLG	=	0xfca8
                         0000FCA9   525 _g_CSRSW	=	0xfca9
                         0000FCAA   526 _g_CSTYLE	=	0xfcaa
                         0000FCAB   527 _g_CAPST	=	0xfcab
                         0000FCAC   528 _g_KANAST	=	0xfcac
                         0000FCAD   529 _g_KANAMD	=	0xfcad
                         0000FCAE   530 _g_FLBMEM	=	0xfcae
                         0000FCAF   531 _g_SCRMOD	=	0xfcaf
                         0000FCB0   532 _g_OLDSCR	=	0xfcb0
                         0000FCB1   533 _g_CASPRV	=	0xfcb1
                         0000FCB2   534 _g_BRDATR	=	0xfcb2
                         0000FCB3   535 _g_GXPOS	=	0xfcb3
                         0000FCB5   536 _g_GYPOS	=	0xfcb5
                         0000FCBB   537 _g_DRWFLG	=	0xfcbb
                         0000FCBC   538 _g_DRWSCL	=	0xfcbc
                         0000FCBD   539 _g_DRWANG	=	0xfcbd
                         0000FCC1   540 _g_MNROM	=	0xfcc1
                         0000FCC1   541 _g_EXPTBL	=	0xfcc1
                         0000FCC5   542 _g_SLTTBL	=	0xfcc5
                         0000FCC9   543 _g_SLTATR	=	0xfcc9
                         0000FD09   544 _g_SLTWRK	=	0xfd09
                         0000FD89   545 _g_PROCNM	=	0xfd89
                         0000FFE7   546 _g_RG08SAV	=	0xffe7
                         0000FFE8   547 _g_RG09SAV	=	0xffe8
                         0000FFE9   548 _g_RG10SAV	=	0xffe9
                         0000FFEA   549 _g_RG11SAV	=	0xffea
                         0000FFEB   550 _g_RG12SAV	=	0xffeb
                         0000FFEC   551 _g_RG13SAV	=	0xffec
                         0000FFED   552 _g_RG14SAV	=	0xffed
                         0000FFEE   553 _g_RG15SAV	=	0xffee
                         0000FFEF   554 _g_RG16SAV	=	0xffef
                         0000FFF0   555 _g_RG17SAV	=	0xfff0
                         0000FFF1   556 _g_RG18SAV	=	0xfff1
                         0000FFF2   557 _g_RG19SAV	=	0xfff2
                         0000FFF3   558 _g_RG20SAV	=	0xfff3
                         0000FFF4   559 _g_RG21SAV	=	0xfff4
                         0000FFF5   560 _g_RG22SAV	=	0xfff5
                         0000FFF6   561 _g_RG23SAV	=	0xfff6
                         0000FFF7   562 _g_MINROM	=	0xfff7
                         0000FFF8   563 _g_SVFFF8	=	0xfff8
                         0000FFFA   564 _g_RG25SAV	=	0xfffa
                         0000FFFB   565 _g_RG26SAV	=	0xfffb
                         0000FFFC   566 _g_RG27SAV	=	0xfffc
                         0000FFFD   567 _g_SVFFFD	=	0xfffd
                         00000004   568 _g_CGTABL	=	0x0004
                         00000006   569 _g_VDP_DR	=	0x0006
                         00000007   570 _g_VDP_DW	=	0x0007
                         0000002B   571 _g_BASRVN	=	0x002b
                         0000002B   572 _g_ROMVersion	=	0x002b
                         0000002D   573 _g_MSXVER	=	0x002d
                         0000002E   574 _g_MSXMID	=	0x002e
                         00000034   575 _g_CHAR_16	=	0x0034
                         00000000   576 _g_SUBRID	=	0x0000
                         00000002   577 _g_STRSRC	=	0x0002
                         0000F30F   578 _g_KANJTABLE	=	0xf30f
                         0000F323   579 _g_DISKVE	=	0xf323
                         0000F325   580 _g_BREAKV	=	0xf325
                         0000F341   581 _g_RAMAD0	=	0xf341
                         0000F342   582 _g_RAMAD1	=	0xf342
                         0000F343   583 _g_RAMAD2	=	0xf343
                         0000F344   584 _g_RAMAD3	=	0xf344
                         0000F348   585 _g_MASTER	=	0xf348
                         0000F37D   586 _g_BDOS	=	0xf37d
                                    587 ;E:\Dropbox\FAUSTO\SVILUPPI\MSX\CODE\C\MSXgl\projects\soccerlgMSX2/soccerlg_s6_b3.c:22: u8 FindReceiver(u8 carrier, u8 ignore_player) 
                                    588 ;	---------------------------------
                                    589 ; Function FindReceiver
                                    590 ; ---------------------------------
    0000006F                        591 _FindReceiver::
    0000006F DD E5            [15]  592 	push	ix
    00000071 DD 21 00 00      [14]  593 	ld	ix,#0
    00000075 DD 39            [15]  594 	add	ix,sp
    00000077 FD 21 E6 FF      [14]  595 	ld	iy, #-26
    0000007B FD 39            [15]  596 	add	iy, sp
    0000007D FD F9            [10]  597 	ld	sp, iy
    0000007F DD 77 FE         [19]  598 	ld	-2 (ix), a
    00000082 DD 75 FD         [19]  599 	ld	-3 (ix), l
                                    600 ;E:\Dropbox\FAUSTO\SVILUPPI\MSX\CODE\C\MSXgl\projects\soccerlgMSX2/soccerlg_s6_b3.c:24: u8 start_idx = (carrier < 7) ? 0 : 7;
    00000085 DD 7E FE         [19]  601 	ld	a, -2 (ix)
    00000088 D6 07            [ 7]  602 	sub	a, #0x07
    0000008A 3E 00            [ 7]  603 	ld	a, #0x00
    0000008C 17               [ 4]  604 	rla
    0000008D DD 77 FF         [19]  605 	ld	-1 (ix), a
    00000090 DD 77 E6         [19]  606 	ld	-26 (ix), a
    00000093 DD 7E FF         [19]  607 	ld	a, -1 (ix)
    00000096 B7               [ 4]  608 	or	a, a
    00000097 28 0A            [12]  609 	jr	Z, 00133$
    00000099 AF               [ 4]  610 	xor	a, a
    0000009A DD 77 FB         [19]  611 	ld	-5 (ix), a
    0000009D DD 77 FC         [19]  612 	ld	-4 (ix), a
    000000A0 C3rABr00         [10]  613 	jp	00134$
    000000A3                        614 00133$:
    000000A3 DD 36 FB 07      [19]  615 	ld	-5 (ix), #0x07
    000000A7 DD 36 FC 00      [19]  616 	ld	-4 (ix), #0
    000000AB                        617 00134$:
    000000AB DD 7E FB         [19]  618 	ld	a, -5 (ix)
                                    619 ;E:\Dropbox\FAUSTO\SVILUPPI\MSX\CODE\C\MSXgl\projects\soccerlgMSX2/soccerlg_s6_b3.c:25: u8 end_idx = start_idx + 7;
    000000AE DD 77 E7         [19]  620 	ld	-25 (ix), a
    000000B1 DD 77 FC         [19]  621 	ld	-4 (ix), a
    000000B4 C6 07            [ 7]  622 	add	a, #0x07
    000000B6 DD 77 E8         [19]  623 	ld	-24 (ix), a
                                    624 ;E:\Dropbox\FAUSTO\SVILUPPI\MSX\CODE\C\MSXgl\projects\soccerlgMSX2/soccerlg_s6_b3.c:26: u8 best_match = 0xFF;
    000000B9 DD 36 E9 FF      [19]  625 	ld	-23 (ix), #0xff
                                    626 ;E:\Dropbox\FAUSTO\SVILUPPI\MSX\CODE\C\MSXgl\projects\soccerlgMSX2/soccerlg_s6_b3.c:27: u16 min_dist = 0xFFFF;
    000000BD DD 36 EA FF      [19]  627 	ld	-22 (ix), #0xff
    000000C1 DD 36 EB FF      [19]  628 	ld	-21 (ix), #0xff
                                    629 ;E:\Dropbox\FAUSTO\SVILUPPI\MSX\CODE\C\MSXgl\projects\soccerlgMSX2/soccerlg_s6_b3.c:29: for (u8 i = start_idx; i < end_idx; i++) {
    000000C5 DD 4E FE         [19]  630 	ld	c, -2 (ix)
    000000C8 06 00            [ 7]  631 	ld	b, #0x00
    000000CA 69               [ 4]  632 	ld	l, c
    000000CB 60               [ 4]  633 	ld	h, b
    000000CC 29               [11]  634 	add	hl, hl
    000000CD 29               [11]  635 	add	hl, hl
    000000CE 09               [11]  636 	add	hl, bc
    000000CF 29               [11]  637 	add	hl, hl
    000000D0 09               [11]  638 	add	hl, bc
    000000D1 29               [11]  639 	add	hl, hl
    000000D2 09               [11]  640 	add	hl, bc
    000000D3 DD 75 EC         [19]  641 	ld	-20 (ix), l
    000000D6 DD 74 ED         [19]  642 	ld	-19 (ix), h
    000000D9 3Er00            [ 7]  643 	ld	a, #<(_SwSprite)
    000000DB DD 86 EC         [19]  644 	add	a, -20 (ix)
    000000DE DD 77 FB         [19]  645 	ld	-5 (ix), a
    000000E1 3Es00            [ 7]  646 	ld	a, #>(_SwSprite)
    000000E3 DD 8E ED         [19]  647 	adc	a, -19 (ix)
    000000E6 DD 77 FC         [19]  648 	ld	-4 (ix), a
    000000E9 DD 6E FB         [19]  649 	ld	l, -5 (ix)
    000000EC DD 66 FC         [19]  650 	ld	h, -4 (ix)
    000000EF 7E               [ 7]  651 	ld	a, (hl)
    000000F0 DD 77 EE         [19]  652 	ld	-18 (ix), a
    000000F3 DD 7E FB         [19]  653 	ld	a, -5 (ix)
    000000F6 DD 77 EF         [19]  654 	ld	-17 (ix), a
    000000F9 DD 7E FC         [19]  655 	ld	a, -4 (ix)
    000000FC DD 77 F0         [19]  656 	ld	-16 (ix), a
    000000FF DD 7E FF         [19]  657 	ld	a, -1 (ix)
    00000102 DD 77 F1         [19]  658 	ld	-15 (ix), a
    00000105 DD 7E E7         [19]  659 	ld	a, -25 (ix)
    00000108 DD 77 FF         [19]  660 	ld	-1 (ix), a
    0000010B                        661 00128$:
    0000010B DD 7E FF         [19]  662 	ld	a, -1 (ix)
    0000010E DD 96 E8         [19]  663 	sub	a, -24 (ix)
    00000111 D2r64r02         [10]  664 	jp	NC, 00115$
                                    665 ;E:\Dropbox\FAUSTO\SVILUPPI\MSX\CODE\C\MSXgl\projects\soccerlgMSX2/soccerlg_s6_b3.c:31: if (i == carrier || i == ignore_player || i == 0 || i == 7) continue; 
    00000114 DD 7E FE         [19]  666 	ld	a, -2 (ix)
    00000117 DD 96 FF         [19]  667 	sub	a, -1 (ix)
    0000011A CAr5Er02         [10]  668 	jp	Z,00114$
    0000011D DD 7E FD         [19]  669 	ld	a, -3 (ix)
    00000120 DD 96 FF         [19]  670 	sub	a, -1 (ix)
    00000123 CAr5Er02         [10]  671 	jp	Z,00114$
    00000126 DD 7E FF         [19]  672 	ld	a, -1 (ix)
    00000129 B7               [ 4]  673 	or	a, a
    0000012A CAr5Er02         [10]  674 	jp	Z, 00114$
    0000012D DD 7E FF         [19]  675 	ld	a, -1 (ix)
    00000130 D6 07            [ 7]  676 	sub	a, #0x07
    00000132 CAr5Er02         [10]  677 	jp	Z,00114$
                                    678 ;E:\Dropbox\FAUSTO\SVILUPPI\MSX\CODE\C\MSXgl\projects\soccerlgMSX2/soccerlg_s6_b3.c:33: u16 dx = (SwSprite[i].lx > SwSprite[carrier].lx) ? (SwSprite[i].lx - SwSprite[carrier].lx) : (SwSprite[carrier].lx - SwSprite[i].lx);
    00000135 DD 4E FF         [19]  679 	ld	c, -1 (ix)
    00000138 06 00            [ 7]  680 	ld	b, #0x00
    0000013A 69               [ 4]  681 	ld	l, c
    0000013B 60               [ 4]  682 	ld	h, b
    0000013C 29               [11]  683 	add	hl, hl
    0000013D 29               [11]  684 	add	hl, hl
    0000013E 09               [11]  685 	add	hl, bc
    0000013F 29               [11]  686 	add	hl, hl
    00000140 09               [11]  687 	add	hl, bc
    00000141 29               [11]  688 	add	hl, hl
    00000142 09               [11]  689 	add	hl, bc
    00000143 11r00r00         [10]  690 	ld	de, #_SwSprite
    00000146 19               [11]  691 	add	hl, de
    00000147 DD 75 F9         [19]  692 	ld	-7 (ix), l
    0000014A DD 74 FA         [19]  693 	ld	-6 (ix), h
    0000014D 4E               [ 7]  694 	ld	c, (hl)
    0000014E DD 71 F5         [19]  695 	ld	-11 (ix), c
    00000151 DD 36 F6 00      [19]  696 	ld	-10 (ix), #0x00
    00000155 DD 7E EE         [19]  697 	ld	a, -18 (ix)
    00000158 DD 77 F7         [19]  698 	ld	-9 (ix), a
    0000015B DD 36 F8 00      [19]  699 	ld	-8 (ix), #0x00
    0000015F DD 7E EE         [19]  700 	ld	a, -18 (ix)
    00000162 91               [ 4]  701 	sub	a, c
    00000163 30 15            [12]  702 	jr	NC, 00135$
    00000165 DD 7E F5         [19]  703 	ld	a, -11 (ix)
    00000168 DD 96 F7         [19]  704 	sub	a, -9 (ix)
    0000016B DD 77 FB         [19]  705 	ld	-5 (ix), a
    0000016E DD 7E F6         [19]  706 	ld	a, -10 (ix)
    00000171 DD 9E F8         [19]  707 	sbc	a, -8 (ix)
    00000174 DD 77 FC         [19]  708 	ld	-4 (ix), a
    00000177 C3r8Cr01         [10]  709 	jp	00136$
    0000017A                        710 00135$:
    0000017A DD 7E F7         [19]  711 	ld	a, -9 (ix)
    0000017D DD 96 F5         [19]  712 	sub	a, -11 (ix)
    00000180 DD 77 FB         [19]  713 	ld	-5 (ix), a
    00000183 DD 7E F8         [19]  714 	ld	a, -8 (ix)
    00000186 DD 9E F6         [19]  715 	sbc	a, -10 (ix)
    00000189 DD 77 FC         [19]  716 	ld	-4 (ix), a
    0000018C                        717 00136$:
    0000018C DD 7E FB         [19]  718 	ld	a, -5 (ix)
    0000018F DD 77 F2         [19]  719 	ld	-14 (ix), a
    00000192 DD 7E FC         [19]  720 	ld	a, -4 (ix)
    00000195 DD 77 F3         [19]  721 	ld	-13 (ix), a
                                    722 ;E:\Dropbox\FAUSTO\SVILUPPI\MSX\CODE\C\MSXgl\projects\soccerlgMSX2/soccerlg_s6_b3.c:34: u16 dy = (SwSprite[i].ly > SwSprite[carrier].ly) ? (SwSprite[i].ly - SwSprite[carrier].ly) : (SwSprite[carrier].ly - SwSprite[i].ly);
    00000198 DD 4E F9         [19]  723 	ld	c, -7 (ix)
    0000019B DD 46 FA         [19]  724 	ld	b, -6 (ix)
    0000019E 21 04 00         [10]  725 	ld	hl, #4
    000001A1 09               [11]  726 	add	hl, bc
    000001A2 7E               [ 7]  727 	ld	a, (hl)
    000001A3 DD 77 F4         [19]  728 	ld	-12 (ix), a
    000001A6 23               [ 6]  729 	inc	hl
    000001A7 7E               [ 7]  730 	ld	a, (hl)
    000001A8 DD 77 F5         [19]  731 	ld	-11 (ix), a
    000001AB DD 6E EF         [19]  732 	ld	l, -17 (ix)
    000001AE DD 66 F0         [19]  733 	ld	h, -16 (ix)
    000001B1 11 04 00         [10]  734 	ld	de, #0x0004
    000001B4 19               [11]  735 	add	hl, de
    000001B5 7E               [ 7]  736 	ld	a, (hl)
    000001B6 DD 77 F6         [19]  737 	ld	-10 (ix), a
    000001B9 23               [ 6]  738 	inc	hl
    000001BA 7E               [ 7]  739 	ld	a, (hl)
    000001BB DD 77 F7         [19]  740 	ld	-9 (ix), a
    000001BE DD 7E F6         [19]  741 	ld	a, -10 (ix)
    000001C1 DD 96 F4         [19]  742 	sub	a, -12 (ix)
    000001C4 DD 7E F7         [19]  743 	ld	a, -9 (ix)
    000001C7 DD 9E F5         [19]  744 	sbc	a, -11 (ix)
    000001CA 3E 00            [ 7]  745 	ld	a, #0x00
    000001CC 17               [ 4]  746 	rla
    000001CD DD 77 F8         [19]  747 	ld	-8 (ix), a
    000001D0 B7               [ 4]  748 	or	a, a
    000001D1 28 15            [12]  749 	jr	Z, 00137$
    000001D3 DD 7E F4         [19]  750 	ld	a, -12 (ix)
    000001D6 DD 96 F6         [19]  751 	sub	a, -10 (ix)
    000001D9 DD 77 FB         [19]  752 	ld	-5 (ix), a
    000001DC DD 7E F5         [19]  753 	ld	a, -11 (ix)
    000001DF DD 9E F7         [19]  754 	sbc	a, -9 (ix)
    000001E2 DD 77 FC         [19]  755 	ld	-4 (ix), a
    000001E5 C3rFAr01         [10]  756 	jp	00138$
    000001E8                        757 00137$:
    000001E8 DD 7E F6         [19]  758 	ld	a, -10 (ix)
    000001EB DD 96 F4         [19]  759 	sub	a, -12 (ix)
    000001EE DD 77 FB         [19]  760 	ld	-5 (ix), a
    000001F1 DD 7E F7         [19]  761 	ld	a, -9 (ix)
    000001F4 DD 9E F5         [19]  762 	sbc	a, -11 (ix)
    000001F7 DD 77 FC         [19]  763 	ld	-4 (ix), a
    000001FA                        764 00138$:
    000001FA DD 7E FB         [19]  765 	ld	a, -5 (ix)
    000001FD DD 77 F9         [19]  766 	ld	-7 (ix), a
    00000200 DD 7E FC         [19]  767 	ld	a, -4 (ix)
    00000203 DD 77 FA         [19]  768 	ld	-6 (ix), a
                                    769 ;E:\Dropbox\FAUSTO\SVILUPPI\MSX\CODE\C\MSXgl\projects\soccerlgMSX2/soccerlg_s6_b3.c:35: u16 dist = dx + dy; // Distanza di Manhattan
    00000206 DD 7E F9         [19]  770 	ld	a, -7 (ix)
    00000209 DD 86 F2         [19]  771 	add	a, -14 (ix)
    0000020C DD 77 FB         [19]  772 	ld	-5 (ix), a
    0000020F DD 7E FA         [19]  773 	ld	a, -6 (ix)
    00000212 DD 8E F3         [19]  774 	adc	a, -13 (ix)
    00000215 DD 77 FC         [19]  775 	ld	-4 (ix), a
                                    776 ;E:\Dropbox\FAUSTO\SVILUPPI\MSX\CODE\C\MSXgl\projects\soccerlgMSX2/soccerlg_s6_b3.c:38: if (carrier < 7 && SwSprite[i].ly <= SwSprite[carrier].ly) continue; // Team 1 attacca verso Sud (Y crescente)
    00000218 DD 7E E6         [19]  777 	ld	a, -26 (ix)
    0000021B B7               [ 4]  778 	or	a, a
    0000021C 28 0C            [12]  779 	jr	Z, 00107$
    0000021E DD 7E F8         [19]  780 	ld	a, -8 (ix)
    00000221 DD 77 FA         [19]  781 	ld	-6 (ix), a
    00000224 DD CB FA 46      [20]  782 	bit	0, -6 (ix)
    00000228 28 34            [12]  783 	jr	Z, 00114$
    0000022A                        784 00107$:
                                    785 ;E:\Dropbox\FAUSTO\SVILUPPI\MSX\CODE\C\MSXgl\projects\soccerlgMSX2/soccerlg_s6_b3.c:39: if (carrier >= 7 && SwSprite[i].ly >= SwSprite[carrier].ly) continue; // Team 2 attacca verso Nord (Y decrescente)
    0000022A DD CB F1 46      [20]  786 	bit	0, -15 (ix)
    0000022E 20 0E            [12]  787 	jr	NZ, 00110$
    00000230 DD 7E F4         [19]  788 	ld	a, -12 (ix)
    00000233 DD 96 F6         [19]  789 	sub	a, -10 (ix)
    00000236 DD 7E F5         [19]  790 	ld	a, -11 (ix)
    00000239 DD 9E F7         [19]  791 	sbc	a, -9 (ix)
    0000023C 30 20            [12]  792 	jr	NC, 00114$
    0000023E                        793 00110$:
                                    794 ;E:\Dropbox\FAUSTO\SVILUPPI\MSX\CODE\C\MSXgl\projects\soccerlgMSX2/soccerlg_s6_b3.c:41: if (dist < min_dist) {
    0000023E DD 7E FB         [19]  795 	ld	a, -5 (ix)
    00000241 DD 96 EA         [19]  796 	sub	a, -22 (ix)
    00000244 DD 7E FC         [19]  797 	ld	a, -4 (ix)
    00000247 DD 9E EB         [19]  798 	sbc	a, -21 (ix)
    0000024A 30 12            [12]  799 	jr	NC, 00114$
                                    800 ;E:\Dropbox\FAUSTO\SVILUPPI\MSX\CODE\C\MSXgl\projects\soccerlgMSX2/soccerlg_s6_b3.c:42: min_dist = dist;
    0000024C DD 7E FB         [19]  801 	ld	a, -5 (ix)
    0000024F DD 77 EA         [19]  802 	ld	-22 (ix), a
    00000252 DD 7E FC         [19]  803 	ld	a, -4 (ix)
    00000255 DD 77 EB         [19]  804 	ld	-21 (ix), a
                                    805 ;E:\Dropbox\FAUSTO\SVILUPPI\MSX\CODE\C\MSXgl\projects\soccerlgMSX2/soccerlg_s6_b3.c:43: best_match = i;
    00000258 DD 7E FF         [19]  806 	ld	a, -1 (ix)
    0000025B DD 77 E9         [19]  807 	ld	-23 (ix), a
    0000025E                        808 00114$:
                                    809 ;E:\Dropbox\FAUSTO\SVILUPPI\MSX\CODE\C\MSXgl\projects\soccerlgMSX2/soccerlg_s6_b3.c:29: for (u8 i = start_idx; i < end_idx; i++) {
    0000025E DD 34 FF         [23]  810 	inc	-1 (ix)
    00000261 C3r0Br01         [10]  811 	jp	00128$
    00000264                        812 00115$:
                                    813 ;E:\Dropbox\FAUSTO\SVILUPPI\MSX\CODE\C\MSXgl\projects\soccerlgMSX2/soccerlg_s6_b3.c:48: if (best_match == 0xFF) {
    00000264 DD 7E E9         [19]  814 	ld	a, -23 (ix)
    00000267 3C               [ 4]  815 	inc	a
    00000268 C2r73r03         [10]  816 	jp	NZ,00126$
                                    817 ;E:\Dropbox\FAUSTO\SVILUPPI\MSX\CODE\C\MSXgl\projects\soccerlgMSX2/soccerlg_s6_b3.c:49: for (u8 i = start_idx; i < end_idx; i++) {
                                    818 ;E:\Dropbox\FAUSTO\SVILUPPI\MSX\CODE\C\MSXgl\projects\soccerlgMSX2/soccerlg_s6_b3.c:29: for (u8 i = start_idx; i < end_idx; i++) {
    0000026B 3Er00            [ 7]  819 	ld	a, #<(_SwSprite)
    0000026D DD 86 EC         [19]  820 	add	a, -20 (ix)
    00000270 4F               [ 4]  821 	ld	c, a
    00000271 3Es00            [ 7]  822 	ld	a, #>(_SwSprite)
    00000273 DD 8E ED         [19]  823 	adc	a, -19 (ix)
    00000276 47               [ 4]  824 	ld	b, a
                                    825 ;E:\Dropbox\FAUSTO\SVILUPPI\MSX\CODE\C\MSXgl\projects\soccerlgMSX2/soccerlg_s6_b3.c:49: for (u8 i = start_idx; i < end_idx; i++) {
    00000277 0A               [ 7]  826 	ld	a, (bc)
    00000278 DD 77 FA         [19]  827 	ld	-6 (ix), a
    0000027B DD 71 FB         [19]  828 	ld	-5 (ix), c
    0000027E DD 70 FC         [19]  829 	ld	-4 (ix), b
    00000281 DD 7E E7         [19]  830 	ld	a, -25 (ix)
    00000284 DD 77 FF         [19]  831 	ld	-1 (ix), a
    00000287                        832 00130$:
    00000287 DD 7E FF         [19]  833 	ld	a, -1 (ix)
    0000028A DD 96 E8         [19]  834 	sub	a, -24 (ix)
    0000028D D2r73r03         [10]  835 	jp	NC, 00126$
                                    836 ;E:\Dropbox\FAUSTO\SVILUPPI\MSX\CODE\C\MSXgl\projects\soccerlgMSX2/soccerlg_s6_b3.c:50: if (i == carrier || i == ignore_player || i == 0 || i == 7) continue;
    00000290 DD 7E FF         [19]  837 	ld	a, -1 (ix)
    00000293 DD 96 FE         [19]  838 	sub	a, -2 (ix)
    00000296 CAr6Dr03         [10]  839 	jp	Z,00123$
    00000299 DD 7E FD         [19]  840 	ld	a, -3 (ix)
    0000029C DD 96 FF         [19]  841 	sub	a, -1 (ix)
    0000029F CAr6Dr03         [10]  842 	jp	Z,00123$
    000002A2 DD 7E FF         [19]  843 	ld	a, -1 (ix)
    000002A5 B7               [ 4]  844 	or	a, a
    000002A6 CAr6Dr03         [10]  845 	jp	Z, 00123$
    000002A9 DD 7E FF         [19]  846 	ld	a, -1 (ix)
    000002AC D6 07            [ 7]  847 	sub	a, #0x07
    000002AE CAr6Dr03         [10]  848 	jp	Z,00123$
                                    849 ;E:\Dropbox\FAUSTO\SVILUPPI\MSX\CODE\C\MSXgl\projects\soccerlgMSX2/soccerlg_s6_b3.c:51: u16 dist = ((SwSprite[i].lx > SwSprite[carrier].lx) ? (SwSprite[i].lx - SwSprite[carrier].lx) : (SwSprite[carrier].lx - SwSprite[i].lx)) + ((SwSprite[i].ly > SwSprite[carrier].ly) ? (SwSprite[i].ly - SwSprite[carrier].ly) : (SwSprite[carrier].ly - SwSprite[i].ly));
    000002B1 DD 4E FF         [19]  850 	ld	c, -1 (ix)
    000002B4 06 00            [ 7]  851 	ld	b, #0x00
    000002B6 69               [ 4]  852 	ld	l, c
    000002B7 60               [ 4]  853 	ld	h, b
    000002B8 29               [11]  854 	add	hl, hl
    000002B9 29               [11]  855 	add	hl, hl
    000002BA 09               [11]  856 	add	hl, bc
    000002BB 29               [11]  857 	add	hl, hl
    000002BC 09               [11]  858 	add	hl, bc
    000002BD 29               [11]  859 	add	hl, hl
    000002BE 09               [11]  860 	add	hl, bc
    000002BF 11r00r00         [10]  861 	ld	de, #_SwSprite
    000002C2 19               [11]  862 	add	hl, de
    000002C3 DD 75 F8         [19]  863 	ld	-8 (ix), l
    000002C6 DD 74 F9         [19]  864 	ld	-7 (ix), h
    000002C9 6E               [ 7]  865 	ld	l, (hl)
                                    866 ;	spillPairReg hl
    000002CA 4D               [ 4]  867 	ld	c, l
    000002CB 06 00            [ 7]  868 	ld	b, #0x00
    000002CD DD 5E FA         [19]  869 	ld	e, -6 (ix)
    000002D0 16 00            [ 7]  870 	ld	d, #0x00
    000002D2 DD 7E FA         [19]  871 	ld	a, -6 (ix)
    000002D5 95               [ 4]  872 	sub	a, l
    000002D6 30 0D            [12]  873 	jr	NC, 00139$
    000002D8 79               [ 4]  874 	ld	a, c
    000002D9 93               [ 4]  875 	sub	a, e
    000002DA DD 77 F2         [19]  876 	ld	-14 (ix), a
    000002DD 78               [ 4]  877 	ld	a, b
    000002DE 9A               [ 4]  878 	sbc	a, d
    000002DF DD 77 F3         [19]  879 	ld	-13 (ix), a
    000002E2 C3rEFr02         [10]  880 	jp	00140$
    000002E5                        881 00139$:
    000002E5 7B               [ 4]  882 	ld	a, e
    000002E6 91               [ 4]  883 	sub	a, c
    000002E7 DD 77 F2         [19]  884 	ld	-14 (ix), a
    000002EA 7A               [ 4]  885 	ld	a, d
    000002EB 98               [ 4]  886 	sbc	a, b
    000002EC DD 77 F3         [19]  887 	ld	-13 (ix), a
    000002EF                        888 00140$:
    000002EF DD 4E F8         [19]  889 	ld	c, -8 (ix)
    000002F2 DD 46 F9         [19]  890 	ld	b, -7 (ix)
    000002F5 21 04 00         [10]  891 	ld	hl, #4
    000002F8 09               [11]  892 	add	hl, bc
    000002F9 7E               [ 7]  893 	ld	a, (hl)
    000002FA DD 77 F4         [19]  894 	ld	-12 (ix), a
    000002FD 23               [ 6]  895 	inc	hl
    000002FE 7E               [ 7]  896 	ld	a, (hl)
    000002FF DD 77 F5         [19]  897 	ld	-11 (ix), a
    00000302 DD 6E FB         [19]  898 	ld	l, -5 (ix)
    00000305 DD 66 FC         [19]  899 	ld	h, -4 (ix)
    00000308 11 04 00         [10]  900 	ld	de, #0x0004
    0000030B 19               [11]  901 	add	hl, de
    0000030C 7E               [ 7]  902 	ld	a, (hl)
    0000030D DD 77 F6         [19]  903 	ld	-10 (ix), a
    00000310 23               [ 6]  904 	inc	hl
    00000311 7E               [ 7]  905 	ld	a, (hl)
    00000312 DD 77 F7         [19]  906 	ld	-9 (ix), a
    00000315 DD 7E F6         [19]  907 	ld	a, -10 (ix)
    00000318 DD 96 F4         [19]  908 	sub	a, -12 (ix)
    0000031B DD 7E F7         [19]  909 	ld	a, -9 (ix)
    0000031E DD 9E F5         [19]  910 	sbc	a, -11 (ix)
    00000321 30 15            [12]  911 	jr	NC, 00141$
    00000323 DD 7E F4         [19]  912 	ld	a, -12 (ix)
    00000326 DD 96 F6         [19]  913 	sub	a, -10 (ix)
    00000329 DD 77 F8         [19]  914 	ld	-8 (ix), a
    0000032C DD 7E F5         [19]  915 	ld	a, -11 (ix)
    0000032F DD 9E F7         [19]  916 	sbc	a, -9 (ix)
    00000332 DD 77 F9         [19]  917 	ld	-7 (ix), a
    00000335 C3r4Ar03         [10]  918 	jp	00142$
    00000338                        919 00141$:
    00000338 DD 7E F6         [19]  920 	ld	a, -10 (ix)
    0000033B DD 96 F4         [19]  921 	sub	a, -12 (ix)
    0000033E DD 77 F8         [19]  922 	ld	-8 (ix), a
    00000341 DD 7E F7         [19]  923 	ld	a, -9 (ix)
    00000344 DD 9E F5         [19]  924 	sbc	a, -11 (ix)
    00000347 DD 77 F9         [19]  925 	ld	-7 (ix), a
    0000034A                        926 00142$:
    0000034A DD 4E F2         [19]  927 	ld	c, -14 (ix)
    0000034D DD 46 F3         [19]  928 	ld	b, -13 (ix)
    00000350 DD 6E F8         [19]  929 	ld	l, -8 (ix)
    00000353 DD 66 F9         [19]  930 	ld	h, -7 (ix)
    00000356 09               [11]  931 	add	hl, bc
                                    932 ;E:\Dropbox\FAUSTO\SVILUPPI\MSX\CODE\C\MSXgl\projects\soccerlgMSX2/soccerlg_s6_b3.c:52: if (dist < min_dist) {
    00000357 7D               [ 4]  933 	ld	a, l
    00000358 DD 96 EA         [19]  934 	sub	a, -22 (ix)
    0000035B 7C               [ 4]  935 	ld	a, h
    0000035C DD 9E EB         [19]  936 	sbc	a, -21 (ix)
    0000035F 30 0C            [12]  937 	jr	NC, 00123$
                                    938 ;E:\Dropbox\FAUSTO\SVILUPPI\MSX\CODE\C\MSXgl\projects\soccerlgMSX2/soccerlg_s6_b3.c:53: min_dist = dist;
    00000361 DD 75 EA         [19]  939 	ld	-22 (ix), l
    00000364 DD 74 EB         [19]  940 	ld	-21 (ix), h
                                    941 ;E:\Dropbox\FAUSTO\SVILUPPI\MSX\CODE\C\MSXgl\projects\soccerlgMSX2/soccerlg_s6_b3.c:54: best_match = i;
    00000367 DD 7E FF         [19]  942 	ld	a, -1 (ix)
    0000036A DD 77 E9         [19]  943 	ld	-23 (ix), a
    0000036D                        944 00123$:
                                    945 ;E:\Dropbox\FAUSTO\SVILUPPI\MSX\CODE\C\MSXgl\projects\soccerlgMSX2/soccerlg_s6_b3.c:49: for (u8 i = start_idx; i < end_idx; i++) {
    0000036D DD 34 FF         [23]  946 	inc	-1 (ix)
    00000370 C3r87r02         [10]  947 	jp	00130$
    00000373                        948 00126$:
                                    949 ;E:\Dropbox\FAUSTO\SVILUPPI\MSX\CODE\C\MSXgl\projects\soccerlgMSX2/soccerlg_s6_b3.c:58: return best_match;
    00000373 DD 7E E9         [19]  950 	ld	a, -23 (ix)
                                    951 ;E:\Dropbox\FAUSTO\SVILUPPI\MSX\CODE\C\MSXgl\projects\soccerlgMSX2/soccerlg_s6_b3.c:59: }
    00000376 DD F9            [10]  952 	ld	sp, ix
    00000378 DD E1            [14]  953 	pop	ix
    0000037A C9               [10]  954 	ret
                                    955 	.area _SEG6
                                    956 	.area _INITIALIZER
                                    957 	.area _CABS (ABS)
