                                      1 ;--------------------------------------------------------
                                      2 ; File Created by SDCC : free open source ANSI-C Compiler
                                      3 ; Version 4.2.0 #13081 (MINGW64)
                                      4 ;--------------------------------------------------------
                                      5 	.module soccerlg_s4_b3
                                      6 	.optsdcc -mz80
                                      7 	
                                      8 ;--------------------------------------------------------
                                      9 ; Public variables in this module
                                     10 ;--------------------------------------------------------
                                     11 	.globl _g_Fonts
                                     12 ;--------------------------------------------------------
                                     13 ; special function registers
                                     14 ;--------------------------------------------------------
                                     15 ;--------------------------------------------------------
                                     16 ; ram data
                                     17 ;--------------------------------------------------------
                                     18 	.area _DATA
                                     19 ;--------------------------------------------------------
                                     20 ; ram data
                                     21 ;--------------------------------------------------------
                                     22 	.area _INITIALIZED
                                     23 ;--------------------------------------------------------
                                     24 ; absolute external ram data
                                     25 ;--------------------------------------------------------
                                     26 	.area _DABS (ABS)
                                     27 ;--------------------------------------------------------
                                     28 ; global & static initialisations
                                     29 ;--------------------------------------------------------
                                     30 	.area _HOME
                                     31 	.area _GSINIT
                                     32 	.area _GSFINAL
                                     33 	.area _GSINIT
                                     34 ;--------------------------------------------------------
                                     35 ; Home
                                     36 ;--------------------------------------------------------
                                     37 	.area _HOME
                                     38 	.area _HOME
                                     39 ;--------------------------------------------------------
                                     40 ; code
                                     41 ;--------------------------------------------------------
                                     42 	.area _SEG4
                                     43 	.area _SEG4
    00000000                         44 _g_Fonts:
    00000000 88                      45 	.db #0x88	; 136
    00000001 88                      46 	.db #0x88	; 136
    00000002 21                      47 	.db #0x21	; 33
    00000003 7E                      48 	.db #0x7e	; 126
    00000004 78                      49 	.db #0x78	; 120	'x'
    00000005 48                      50 	.db #0x48	; 72	'H'
    00000006 48                      51 	.db #0x48	; 72	'H'
    00000007 48                      52 	.db #0x48	; 72	'H'
    00000008 78                      53 	.db #0x78	; 120	'x'
    00000009 48                      54 	.db #0x48	; 72	'H'
    0000000A 78                      55 	.db #0x78	; 120	'x'
    0000000B 00                      56 	.db #0x00	; 0
    0000000C 7C                      57 	.db #0x7c	; 124
    0000000D 54                      58 	.db #0x54	; 84	'T'
    0000000E 54                      59 	.db #0x54	; 84	'T'
    0000000F 7C                      60 	.db #0x7c	; 124
    00000010 00                      61 	.db #0x00	; 0
    00000011 00                      62 	.db #0x00	; 0
    00000012 00                      63 	.db #0x00	; 0
    00000013 00                      64 	.db #0x00	; 0
    00000014 7C                      65 	.db #0x7c	; 124
    00000015 D6                      66 	.db #0xd6	; 214
    00000016 82                      67 	.db #0x82	; 130
    00000017 D6                      68 	.db #0xd6	; 214
    00000018 82                      69 	.db #0x82	; 130
    00000019 D6                      70 	.db #0xd6	; 214
    0000001A 7C                      71 	.db #0x7c	; 124
    0000001B 00                      72 	.db #0x00	; 0
    0000001C 6E                      73 	.db #0x6e	; 110	'n'
    0000001D C2                      74 	.db #0xc2	; 194
    0000001E AE                      75 	.db #0xae	; 174
    0000001F C6                      76 	.db #0xc6	; 198
    00000020 EA                      77 	.db #0xea	; 234
    00000021 86                      78 	.db #0x86	; 134
    00000022 EC                      79 	.db #0xec	; 236
    00000023 00                      80 	.db #0x00	; 0
    00000024 EE                      81 	.db #0xee	; 238
    00000025 BA                      82 	.db #0xba	; 186
    00000026 F6                      83 	.db #0xf6	; 246
    00000027 6C                      84 	.db #0x6c	; 108	'l'
    00000028 DE                      85 	.db #0xde	; 222
    00000029 BA                      86 	.db #0xba	; 186
    0000002A EE                      87 	.db #0xee	; 238
    0000002B 00                      88 	.db #0x00	; 0
    0000002C 78                      89 	.db #0x78	; 120	'x'
    0000002D C8                      90 	.db #0xc8	; 200
    0000002E AE                      91 	.db #0xae	; 174
    0000002F CA                      92 	.db #0xca	; 202
    00000030 B6                      93 	.db #0xb6	; 182
    00000031 CA                      94 	.db #0xca	; 202
    00000032 7E                      95 	.db #0x7e	; 126
    00000033 00                      96 	.db #0x00	; 0
    00000034 78                      97 	.db #0x78	; 120	'x'
    00000035 48                      98 	.db #0x48	; 72	'H'
    00000036 58                      99 	.db #0x58	; 88	'X'
    00000037 70                     100 	.db #0x70	; 112	'p'
    00000038 00                     101 	.db #0x00	; 0
    00000039 00                     102 	.db #0x00	; 0
    0000003A 00                     103 	.db #0x00	; 0
    0000003B 00                     104 	.db #0x00	; 0
    0000003C 1C                     105 	.db #0x1c	; 28
    0000003D 34                     106 	.db #0x34	; 52	'4'
    0000003E 2C                     107 	.db #0x2c	; 44
    0000003F 28                     108 	.db #0x28	; 40
    00000040 2C                     109 	.db #0x2c	; 44
    00000041 34                     110 	.db #0x34	; 52	'4'
    00000042 1C                     111 	.db #0x1c	; 28
    00000043 00                     112 	.db #0x00	; 0
    00000044 38                     113 	.db #0x38	; 56	'8'
    00000045 2C                     114 	.db #0x2c	; 44
    00000046 34                     115 	.db #0x34	; 52	'4'
    00000047 14                     116 	.db #0x14	; 20
    00000048 34                     117 	.db #0x34	; 52	'4'
    00000049 2C                     118 	.db #0x2c	; 44
    0000004A 38                     119 	.db #0x38	; 56	'8'
    0000004B 00                     120 	.db #0x00	; 0
    0000004C 00                     121 	.db #0x00	; 0
    0000004D 7C                     122 	.db #0x7c	; 124
    0000004E 54                     123 	.db #0x54	; 84	'T'
    0000004F 6C                     124 	.db #0x6c	; 108	'l'
    00000050 54                     125 	.db #0x54	; 84	'T'
    00000051 7C                     126 	.db #0x7c	; 124
    00000052 00                     127 	.db #0x00	; 0
    00000053 00                     128 	.db #0x00	; 0
    00000054 00                     129 	.db #0x00	; 0
    00000055 38                     130 	.db #0x38	; 56	'8'
    00000056 6C                     131 	.db #0x6c	; 108	'l'
    00000057 44                     132 	.db #0x44	; 68	'D'
    00000058 6C                     133 	.db #0x6c	; 108	'l'
    00000059 38                     134 	.db #0x38	; 56	'8'
    0000005A 00                     135 	.db #0x00	; 0
    0000005B 00                     136 	.db #0x00	; 0
    0000005C 00                     137 	.db #0x00	; 0
    0000005D 00                     138 	.db #0x00	; 0
    0000005E 00                     139 	.db #0x00	; 0
    0000005F 00                     140 	.db #0x00	; 0
    00000060 70                     141 	.db #0x70	; 112	'p'
    00000061 D0                     142 	.db #0xd0	; 208
    00000062 90                     143 	.db #0x90	; 144
    00000063 F0                     144 	.db #0xf0	; 240
    00000064 00                     145 	.db #0x00	; 0
    00000065 00                     146 	.db #0x00	; 0
    00000066 7C                     147 	.db #0x7c	; 124
    00000067 44                     148 	.db #0x44	; 68	'D'
    00000068 7C                     149 	.db #0x7c	; 124
    00000069 00                     150 	.db #0x00	; 0
    0000006A 00                     151 	.db #0x00	; 0
    0000006B 00                     152 	.db #0x00	; 0
    0000006C 00                     153 	.db #0x00	; 0
    0000006D 00                     154 	.db #0x00	; 0
    0000006E 00                     155 	.db #0x00	; 0
    0000006F 00                     156 	.db #0x00	; 0
    00000070 70                     157 	.db #0x70	; 112	'p'
    00000071 50                     158 	.db #0x50	; 80	'P'
    00000072 70                     159 	.db #0x70	; 112	'p'
    00000073 00                     160 	.db #0x00	; 0
    00000074 0E                     161 	.db #0x0e	; 14
    00000075 1A                     162 	.db #0x1a	; 26
    00000076 36                     163 	.db #0x36	; 54	'6'
    00000077 6C                     164 	.db #0x6c	; 108	'l'
    00000078 D8                     165 	.db #0xd8	; 216
    00000079 B0                     166 	.db #0xb0	; 176
    0000007A E0                     167 	.db #0xe0	; 224
    0000007B 00                     168 	.db #0x00	; 0
    0000007C 3C                     169 	.db #0x3c	; 60
    0000007D 66                     170 	.db #0x66	; 102	'f'
    0000007E 5A                     171 	.db #0x5a	; 90	'Z'
    0000007F 5A                     172 	.db #0x5a	; 90	'Z'
    00000080 5A                     173 	.db #0x5a	; 90	'Z'
    00000081 66                     174 	.db #0x66	; 102	'f'
    00000082 3C                     175 	.db #0x3c	; 60
    00000083 00                     176 	.db #0x00	; 0
    00000084 38                     177 	.db #0x38	; 56	'8'
    00000085 68                     178 	.db #0x68	; 104	'h'
    00000086 48                     179 	.db #0x48	; 72	'H'
    00000087 68                     180 	.db #0x68	; 104	'h'
    00000088 6C                     181 	.db #0x6c	; 108	'l'
    00000089 44                     182 	.db #0x44	; 68	'D'
    0000008A 7C                     183 	.db #0x7c	; 124
    0000008B 00                     184 	.db #0x00	; 0
    0000008C 7C                     185 	.db #0x7c	; 124
    0000008D 46                     186 	.db #0x46	; 70	'F'
    0000008E 7A                     187 	.db #0x7a	; 122	'z'
    0000008F 66                     188 	.db #0x66	; 102	'f'
    00000090 5E                     189 	.db #0x5e	; 94
    00000091 42                     190 	.db #0x42	; 66	'B'
    00000092 7E                     191 	.db #0x7e	; 126
    00000093 00                     192 	.db #0x00	; 0
    00000094 7C                     193 	.db #0x7c	; 124
    00000095 46                     194 	.db #0x46	; 70	'F'
    00000096 7A                     195 	.db #0x7a	; 122	'z'
    00000097 26                     196 	.db #0x26	; 38
    00000098 7A                     197 	.db #0x7a	; 122	'z'
    00000099 46                     198 	.db #0x46	; 70	'F'
    0000009A 7C                     199 	.db #0x7c	; 124
    0000009B 00                     200 	.db #0x00	; 0
    0000009C 70                     201 	.db #0x70	; 112	'p'
    0000009D 5C                     202 	.db #0x5c	; 92
    0000009E 56                     203 	.db #0x56	; 86	'V'
    0000009F 42                     204 	.db #0x42	; 66	'B'
    000000A0 76                     205 	.db #0x76	; 118	'v'
    000000A1 14                     206 	.db #0x14	; 20
    000000A2 1C                     207 	.db #0x1c	; 28
    000000A3 00                     208 	.db #0x00	; 0
    000000A4 7E                     209 	.db #0x7e	; 126
    000000A5 42                     210 	.db #0x42	; 66	'B'
    000000A6 5E                     211 	.db #0x5e	; 94
    000000A7 46                     212 	.db #0x46	; 70	'F'
    000000A8 7A                     213 	.db #0x7a	; 122	'z'
    000000A9 46                     214 	.db #0x46	; 70	'F'
    000000AA 7C                     215 	.db #0x7c	; 124
    000000AB 00                     216 	.db #0x00	; 0
    000000AC 3E                     217 	.db #0x3e	; 62
    000000AD 62                     218 	.db #0x62	; 98	'b'
    000000AE 5E                     219 	.db #0x5e	; 94
    000000AF 46                     220 	.db #0x46	; 70	'F'
    000000B0 5A                     221 	.db #0x5a	; 90	'Z'
    000000B1 66                     222 	.db #0x66	; 102	'f'
    000000B2 3C                     223 	.db #0x3c	; 60
    000000B3 00                     224 	.db #0x00	; 0
    000000B4 7E                     225 	.db #0x7e	; 126
    000000B5 42                     226 	.db #0x42	; 66	'B'
    000000B6 7A                     227 	.db #0x7a	; 122	'z'
    000000B7 36                     228 	.db #0x36	; 54	'6'
    000000B8 6C                     229 	.db #0x6c	; 108	'l'
    000000B9 58                     230 	.db #0x58	; 88	'X'
    000000BA 70                     231 	.db #0x70	; 112	'p'
    000000BB 00                     232 	.db #0x00	; 0
    000000BC 3C                     233 	.db #0x3c	; 60
    000000BD 66                     234 	.db #0x66	; 102	'f'
    000000BE 5A                     235 	.db #0x5a	; 90	'Z'
    000000BF 66                     236 	.db #0x66	; 102	'f'
    000000C0 5A                     237 	.db #0x5a	; 90	'Z'
    000000C1 66                     238 	.db #0x66	; 102	'f'
    000000C2 3C                     239 	.db #0x3c	; 60
    000000C3 00                     240 	.db #0x00	; 0
    000000C4 3C                     241 	.db #0x3c	; 60
    000000C5 66                     242 	.db #0x66	; 102	'f'
    000000C6 5A                     243 	.db #0x5a	; 90	'Z'
    000000C7 62                     244 	.db #0x62	; 98	'b'
    000000C8 7A                     245 	.db #0x7a	; 122	'z'
    000000C9 46                     246 	.db #0x46	; 70	'F'
    000000CA 7C                     247 	.db #0x7c	; 124
    000000CB 00                     248 	.db #0x00	; 0
    000000CC 00                     249 	.db #0x00	; 0
    000000CD 70                     250 	.db #0x70	; 112	'p'
    000000CE 50                     251 	.db #0x50	; 80	'P'
    000000CF 70                     252 	.db #0x70	; 112	'p'
    000000D0 50                     253 	.db #0x50	; 80	'P'
    000000D1 70                     254 	.db #0x70	; 112	'p'
    000000D2 00                     255 	.db #0x00	; 0
    000000D3 00                     256 	.db #0x00	; 0
    000000D4 00                     257 	.db #0x00	; 0
    000000D5 00                     258 	.db #0x00	; 0
    000000D6 70                     259 	.db #0x70	; 112	'p'
    000000D7 50                     260 	.db #0x50	; 80	'P'
    000000D8 70                     261 	.db #0x70	; 112	'p'
    000000D9 D0                     262 	.db #0xd0	; 208
    000000DA 90                     263 	.db #0x90	; 144
    000000DB F0                     264 	.db #0xf0	; 240
    000000DC 1C                     265 	.db #0x1c	; 28
    000000DD 34                     266 	.db #0x34	; 52	'4'
    000000DE 6C                     267 	.db #0x6c	; 108	'l'
    000000DF 58                     268 	.db #0x58	; 88	'X'
    000000E0 6C                     269 	.db #0x6c	; 108	'l'
    000000E1 34                     270 	.db #0x34	; 52	'4'
    000000E2 1C                     271 	.db #0x1c	; 28
    000000E3 00                     272 	.db #0x00	; 0
    000000E4 00                     273 	.db #0x00	; 0
    000000E5 7C                     274 	.db #0x7c	; 124
    000000E6 44                     275 	.db #0x44	; 68	'D'
    000000E7 7C                     276 	.db #0x7c	; 124
    000000E8 44                     277 	.db #0x44	; 68	'D'
    000000E9 7C                     278 	.db #0x7c	; 124
    000000EA 00                     279 	.db #0x00	; 0
    000000EB 00                     280 	.db #0x00	; 0
    000000EC 70                     281 	.db #0x70	; 112	'p'
    000000ED 58                     282 	.db #0x58	; 88	'X'
    000000EE 6C                     283 	.db #0x6c	; 108	'l'
    000000EF 34                     284 	.db #0x34	; 52	'4'
    000000F0 6C                     285 	.db #0x6c	; 108	'l'
    000000F1 58                     286 	.db #0x58	; 88	'X'
    000000F2 70                     287 	.db #0x70	; 112	'p'
    000000F3 00                     288 	.db #0x00	; 0
    000000F4 78                     289 	.db #0x78	; 120	'x'
    000000F5 4C                     290 	.db #0x4c	; 76	'L'
    000000F6 74                     291 	.db #0x74	; 116	't'
    000000F7 2C                     292 	.db #0x2c	; 44
    000000F8 38                     293 	.db #0x38	; 56	'8'
    000000F9 28                     294 	.db #0x28	; 40
    000000FA 38                     295 	.db #0x38	; 56	'8'
    000000FB 00                     296 	.db #0x00	; 0
    000000FC 7C                     297 	.db #0x7c	; 124
    000000FD C6                     298 	.db #0xc6	; 198
    000000FE BA                     299 	.db #0xba	; 186
    000000FF FA                     300 	.db #0xfa	; 250
    00000100 4A                     301 	.db #0x4a	; 74	'J'
    00000101 46                     302 	.db #0x46	; 70	'F'
    00000102 7C                     303 	.db #0x7c	; 124
    00000103 00                     304 	.db #0x00	; 0
    00000104 3C                     305 	.db #0x3c	; 60
    00000105 66                     306 	.db #0x66	; 102	'f'
    00000106 5A                     307 	.db #0x5a	; 90	'Z'
    00000107 5A                     308 	.db #0x5a	; 90	'Z'
    00000108 42                     309 	.db #0x42	; 66	'B'
    00000109 5A                     310 	.db #0x5a	; 90	'Z'
    0000010A 7E                     311 	.db #0x7e	; 126
    0000010B 00                     312 	.db #0x00	; 0
    0000010C 7C                     313 	.db #0x7c	; 124
    0000010D 46                     314 	.db #0x46	; 70	'F'
    0000010E 5A                     315 	.db #0x5a	; 90	'Z'
    0000010F 46                     316 	.db #0x46	; 70	'F'
    00000110 5A                     317 	.db #0x5a	; 90	'Z'
    00000111 46                     318 	.db #0x46	; 70	'F'
    00000112 7C                     319 	.db #0x7c	; 124
    00000113 00                     320 	.db #0x00	; 0
    00000114 3C                     321 	.db #0x3c	; 60
    00000115 66                     322 	.db #0x66	; 102	'f'
    00000116 5A                     323 	.db #0x5a	; 90	'Z'
    00000117 5E                     324 	.db #0x5e	; 94
    00000118 5A                     325 	.db #0x5a	; 90	'Z'
    00000119 66                     326 	.db #0x66	; 102	'f'
    0000011A 3C                     327 	.db #0x3c	; 60
    0000011B 00                     328 	.db #0x00	; 0
    0000011C 7C                     329 	.db #0x7c	; 124
    0000011D 46                     330 	.db #0x46	; 70	'F'
    0000011E 5A                     331 	.db #0x5a	; 90	'Z'
    0000011F 5A                     332 	.db #0x5a	; 90	'Z'
    00000120 5A                     333 	.db #0x5a	; 90	'Z'
    00000121 46                     334 	.db #0x46	; 70	'F'
    00000122 7C                     335 	.db #0x7c	; 124
    00000123 00                     336 	.db #0x00	; 0
    00000124 7E                     337 	.db #0x7e	; 126
    00000125 42                     338 	.db #0x42	; 66	'B'
    00000126 5E                     339 	.db #0x5e	; 94
    00000127 44                     340 	.db #0x44	; 68	'D'
    00000128 5E                     341 	.db #0x5e	; 94
    00000129 42                     342 	.db #0x42	; 66	'B'
    0000012A 7E                     343 	.db #0x7e	; 126
    0000012B 00                     344 	.db #0x00	; 0
    0000012C 7E                     345 	.db #0x7e	; 126
    0000012D 42                     346 	.db #0x42	; 66	'B'
    0000012E 5E                     347 	.db #0x5e	; 94
    0000012F 44                     348 	.db #0x44	; 68	'D'
    00000130 5C                     349 	.db #0x5c	; 92
    00000131 50                     350 	.db #0x50	; 80	'P'
    00000132 70                     351 	.db #0x70	; 112	'p'
    00000133 00                     352 	.db #0x00	; 0
    00000134 3C                     353 	.db #0x3c	; 60
    00000135 66                     354 	.db #0x66	; 102	'f'
    00000136 5E                     355 	.db #0x5e	; 94
    00000137 52                     356 	.db #0x52	; 82	'R'
    00000138 5A                     357 	.db #0x5a	; 90	'Z'
    00000139 66                     358 	.db #0x66	; 102	'f'
    0000013A 3C                     359 	.db #0x3c	; 60
    0000013B 00                     360 	.db #0x00	; 0
    0000013C 7E                     361 	.db #0x7e	; 126
    0000013D 5A                     362 	.db #0x5a	; 90	'Z'
    0000013E 5A                     363 	.db #0x5a	; 90	'Z'
    0000013F 42                     364 	.db #0x42	; 66	'B'
    00000140 5A                     365 	.db #0x5a	; 90	'Z'
    00000141 5A                     366 	.db #0x5a	; 90	'Z'
    00000142 7E                     367 	.db #0x7e	; 126
    00000143 00                     368 	.db #0x00	; 0
    00000144 7C                     369 	.db #0x7c	; 124
    00000145 44                     370 	.db #0x44	; 68	'D'
    00000146 6C                     371 	.db #0x6c	; 108	'l'
    00000147 28                     372 	.db #0x28	; 40
    00000148 6C                     373 	.db #0x6c	; 108	'l'
    00000149 44                     374 	.db #0x44	; 68	'D'
    0000014A 7C                     375 	.db #0x7c	; 124
    0000014B 00                     376 	.db #0x00	; 0
    0000014C 7E                     377 	.db #0x7e	; 126
    0000014D 42                     378 	.db #0x42	; 66	'B'
    0000014E 76                     379 	.db #0x76	; 118	'v'
    0000014F 74                     380 	.db #0x74	; 116	't'
    00000150 54                     381 	.db #0x54	; 84	'T'
    00000151 6C                     382 	.db #0x6c	; 108	'l'
    00000152 38                     383 	.db #0x38	; 56	'8'
    00000153 00                     384 	.db #0x00	; 0
    00000154 7E                     385 	.db #0x7e	; 126
    00000155 5A                     386 	.db #0x5a	; 90	'Z'
    00000156 56                     387 	.db #0x56	; 86	'V'
    00000157 4C                     388 	.db #0x4c	; 76	'L'
    00000158 56                     389 	.db #0x56	; 86	'V'
    00000159 5A                     390 	.db #0x5a	; 90	'Z'
    0000015A 7E                     391 	.db #0x7e	; 126
    0000015B 00                     392 	.db #0x00	; 0
    0000015C 70                     393 	.db #0x70	; 112	'p'
    0000015D 50                     394 	.db #0x50	; 80	'P'
    0000015E 50                     395 	.db #0x50	; 80	'P'
    0000015F 50                     396 	.db #0x50	; 80	'P'
    00000160 5E                     397 	.db #0x5e	; 94
    00000161 42                     398 	.db #0x42	; 66	'B'
    00000162 7E                     399 	.db #0x7e	; 126
    00000163 00                     400 	.db #0x00	; 0
    00000164 EE                     401 	.db #0xee	; 238
    00000165 BA                     402 	.db #0xba	; 186
    00000166 92                     403 	.db #0x92	; 146
    00000167 AA                     404 	.db #0xaa	; 170
    00000168 BA                     405 	.db #0xba	; 186
    00000169 AA                     406 	.db #0xaa	; 170
    0000016A EE                     407 	.db #0xee	; 238
    0000016B 00                     408 	.db #0x00	; 0
    0000016C EE                     409 	.db #0xee	; 238
    0000016D BA                     410 	.db #0xba	; 186
    0000016E 9A                     411 	.db #0x9a	; 154
    0000016F AA                     412 	.db #0xaa	; 170
    00000170 B2                     413 	.db #0xb2	; 178
    00000171 BA                     414 	.db #0xba	; 186
    00000172 EE                     415 	.db #0xee	; 238
    00000173 00                     416 	.db #0x00	; 0
    00000174 7C                     417 	.db #0x7c	; 124
    00000175 C6                     418 	.db #0xc6	; 198
    00000176 BA                     419 	.db #0xba	; 186
    00000177 BA                     420 	.db #0xba	; 186
    00000178 BA                     421 	.db #0xba	; 186
    00000179 C6                     422 	.db #0xc6	; 198
    0000017A 7C                     423 	.db #0x7c	; 124
    0000017B 00                     424 	.db #0x00	; 0
    0000017C 7C                     425 	.db #0x7c	; 124
    0000017D 46                     426 	.db #0x46	; 70	'F'
    0000017E 5A                     427 	.db #0x5a	; 90	'Z'
    0000017F 46                     428 	.db #0x46	; 70	'F'
    00000180 5C                     429 	.db #0x5c	; 92
    00000181 50                     430 	.db #0x50	; 80	'P'
    00000182 70                     431 	.db #0x70	; 112	'p'
    00000183 00                     432 	.db #0x00	; 0
    00000184 3E                     433 	.db #0x3e	; 62
    00000185 62                     434 	.db #0x62	; 98	'b'
    00000186 5A                     435 	.db #0x5a	; 90	'Z'
    00000187 62                     436 	.db #0x62	; 98	'b'
    00000188 3A                     437 	.db #0x3a	; 58
    00000189 0A                     438 	.db #0x0a	; 10
    0000018A 0E                     439 	.db #0x0e	; 14
    0000018B 00                     440 	.db #0x00	; 0
    0000018C 7C                     441 	.db #0x7c	; 124
    0000018D 46                     442 	.db #0x46	; 70	'F'
    0000018E 5A                     443 	.db #0x5a	; 90	'Z'
    0000018F 46                     444 	.db #0x46	; 70	'F'
    00000190 5A                     445 	.db #0x5a	; 90	'Z'
    00000191 5A                     446 	.db #0x5a	; 90	'Z'
    00000192 7E                     447 	.db #0x7e	; 126
    00000193 00                     448 	.db #0x00	; 0
    00000194 3E                     449 	.db #0x3e	; 62
    00000195 62                     450 	.db #0x62	; 98	'b'
    00000196 5E                     451 	.db #0x5e	; 94
    00000197 66                     452 	.db #0x66	; 102	'f'
    00000198 7A                     453 	.db #0x7a	; 122	'z'
    00000199 46                     454 	.db #0x46	; 70	'F'
    0000019A 7C                     455 	.db #0x7c	; 124
    0000019B 00                     456 	.db #0x00	; 0
    0000019C FE                     457 	.db #0xfe	; 254
    0000019D 82                     458 	.db #0x82	; 130
    0000019E EE                     459 	.db #0xee	; 238
    0000019F 28                     460 	.db #0x28	; 40
    000001A0 28                     461 	.db #0x28	; 40
    000001A1 28                     462 	.db #0x28	; 40
    000001A2 38                     463 	.db #0x38	; 56	'8'
    000001A3 00                     464 	.db #0x00	; 0
    000001A4 7E                     465 	.db #0x7e	; 126
    000001A5 5A                     466 	.db #0x5a	; 90	'Z'
    000001A6 5A                     467 	.db #0x5a	; 90	'Z'
    000001A7 5A                     468 	.db #0x5a	; 90	'Z'
    000001A8 5A                     469 	.db #0x5a	; 90	'Z'
    000001A9 66                     470 	.db #0x66	; 102	'f'
    000001AA 3C                     471 	.db #0x3c	; 60
    000001AB 00                     472 	.db #0x00	; 0
    000001AC EE                     473 	.db #0xee	; 238
    000001AD AA                     474 	.db #0xaa	; 170
    000001AE BA                     475 	.db #0xba	; 186
    000001AF D6                     476 	.db #0xd6	; 214
    000001B0 54                     477 	.db #0x54	; 84	'T'
    000001B1 6C                     478 	.db #0x6c	; 108	'l'
    000001B2 38                     479 	.db #0x38	; 56	'8'
    000001B3 00                     480 	.db #0x00	; 0
    000001B4 EE                     481 	.db #0xee	; 238
    000001B5 AA                     482 	.db #0xaa	; 170
    000001B6 BA                     483 	.db #0xba	; 186
    000001B7 AA                     484 	.db #0xaa	; 170
    000001B8 AA                     485 	.db #0xaa	; 170
    000001B9 D6                     486 	.db #0xd6	; 214
    000001BA 7C                     487 	.db #0x7c	; 124
    000001BB 00                     488 	.db #0x00	; 0
    000001BC EE                     489 	.db #0xee	; 238
    000001BD BA                     490 	.db #0xba	; 186
    000001BE D6                     491 	.db #0xd6	; 214
    000001BF 6C                     492 	.db #0x6c	; 108	'l'
    000001C0 D6                     493 	.db #0xd6	; 214
    000001C1 BA                     494 	.db #0xba	; 186
    000001C2 EE                     495 	.db #0xee	; 238
    000001C3 00                     496 	.db #0x00	; 0
    000001C4 7E                     497 	.db #0x7e	; 126
    000001C5 5A                     498 	.db #0x5a	; 90	'Z'
    000001C6 5A                     499 	.db #0x5a	; 90	'Z'
    000001C7 66                     500 	.db #0x66	; 102	'f'
    000001C8 34                     501 	.db #0x34	; 52	'4'
    000001C9 14                     502 	.db #0x14	; 20
    000001CA 1C                     503 	.db #0x1c	; 28
    000001CB 00                     504 	.db #0x00	; 0
    000001CC 7E                     505 	.db #0x7e	; 126
    000001CD 42                     506 	.db #0x42	; 66	'B'
    000001CE 7A                     507 	.db #0x7a	; 122	'z'
    000001CF 66                     508 	.db #0x66	; 102	'f'
    000001D0 5E                     509 	.db #0x5e	; 94
    000001D1 42                     510 	.db #0x42	; 66	'B'
    000001D2 7E                     511 	.db #0x7e	; 126
    000001D3 00                     512 	.db #0x00	; 0
    000001D4 3C                     513 	.db #0x3c	; 60
    000001D5 24                     514 	.db #0x24	; 36
    000001D6 2C                     515 	.db #0x2c	; 44
    000001D7 28                     516 	.db #0x28	; 40
    000001D8 2C                     517 	.db #0x2c	; 44
    000001D9 24                     518 	.db #0x24	; 36
    000001DA 3C                     519 	.db #0x3c	; 60
    000001DB 00                     520 	.db #0x00	; 0
    000001DC E0                     521 	.db #0xe0	; 224
    000001DD B0                     522 	.db #0xb0	; 176
    000001DE D8                     523 	.db #0xd8	; 216
    000001DF 6C                     524 	.db #0x6c	; 108	'l'
    000001E0 36                     525 	.db #0x36	; 54	'6'
    000001E1 1A                     526 	.db #0x1a	; 26
    000001E2 0E                     527 	.db #0x0e	; 14
    000001E3 00                     528 	.db #0x00	; 0
    000001E4 3C                     529 	.db #0x3c	; 60
    000001E5 24                     530 	.db #0x24	; 36
    000001E6 34                     531 	.db #0x34	; 52	'4'
    000001E7 14                     532 	.db #0x14	; 20
    000001E8 34                     533 	.db #0x34	; 52	'4'
    000001E9 24                     534 	.db #0x24	; 36
    000001EA 3C                     535 	.db #0x3c	; 60
    000001EB 00                     536 	.db #0x00	; 0
    000001EC 38                     537 	.db #0x38	; 56	'8'
    000001ED 6C                     538 	.db #0x6c	; 108	'l'
    000001EE D6                     539 	.db #0xd6	; 214
    000001EF BA                     540 	.db #0xba	; 186
    000001F0 EE                     541 	.db #0xee	; 238
    000001F1 00                     542 	.db #0x00	; 0
    000001F2 00                     543 	.db #0x00	; 0
    000001F3 00                     544 	.db #0x00	; 0
    000001F4 00                     545 	.db #0x00	; 0
    000001F5 00                     546 	.db #0x00	; 0
    000001F6 00                     547 	.db #0x00	; 0
    000001F7 00                     548 	.db #0x00	; 0
    000001F8 00                     549 	.db #0x00	; 0
    000001F9 FE                     550 	.db #0xfe	; 254
    000001FA 82                     551 	.db #0x82	; 130
    000001FB FE                     552 	.db #0xfe	; 254
    000001FC 78                     553 	.db #0x78	; 120	'x'
    000001FD 48                     554 	.db #0x48	; 72	'H'
    000001FE 68                     555 	.db #0x68	; 104	'h'
    000001FF 38                     556 	.db #0x38	; 56	'8'
    00000200 00                     557 	.db #0x00	; 0
    00000201 00                     558 	.db #0x00	; 0
    00000202 00                     559 	.db #0x00	; 0
    00000203 00                     560 	.db #0x00	; 0
    00000204 3C                     561 	.db #0x3c	; 60
    00000205 26                     562 	.db #0x26	; 38
    00000206 3A                     563 	.db #0x3a	; 58
    00000207 62                     564 	.db #0x62	; 98	'b'
    00000208 5A                     565 	.db #0x5a	; 90	'Z'
    00000209 62                     566 	.db #0x62	; 98	'b'
    0000020A 3E                     567 	.db #0x3e	; 62
    0000020B 00                     568 	.db #0x00	; 0
    0000020C 70                     569 	.db #0x70	; 112	'p'
    0000020D 50                     570 	.db #0x50	; 80	'P'
    0000020E 5C                     571 	.db #0x5c	; 92
    0000020F 46                     572 	.db #0x46	; 70	'F'
    00000210 5A                     573 	.db #0x5a	; 90	'Z'
    00000211 46                     574 	.db #0x46	; 70	'F'
    00000212 7C                     575 	.db #0x7c	; 124
    00000213 00                     576 	.db #0x00	; 0
    00000214 00                     577 	.db #0x00	; 0
    00000215 3E                     578 	.db #0x3e	; 62
    00000216 62                     579 	.db #0x62	; 98	'b'
    00000217 5E                     580 	.db #0x5e	; 94
    00000218 5E                     581 	.db #0x5e	; 94
    00000219 62                     582 	.db #0x62	; 98	'b'
    0000021A 3E                     583 	.db #0x3e	; 62
    0000021B 00                     584 	.db #0x00	; 0
    0000021C 0E                     585 	.db #0x0e	; 14
    0000021D 0A                     586 	.db #0x0a	; 10
    0000021E 3A                     587 	.db #0x3a	; 58
    0000021F 62                     588 	.db #0x62	; 98	'b'
    00000220 5A                     589 	.db #0x5a	; 90	'Z'
    00000221 62                     590 	.db #0x62	; 98	'b'
    00000222 3E                     591 	.db #0x3e	; 62
    00000223 00                     592 	.db #0x00	; 0
    00000224 3C                     593 	.db #0x3c	; 60
    00000225 66                     594 	.db #0x66	; 102	'f'
    00000226 5A                     595 	.db #0x5a	; 90	'Z'
    00000227 46                     596 	.db #0x46	; 70	'F'
    00000228 5E                     597 	.db #0x5e	; 94
    00000229 62                     598 	.db #0x62	; 98	'b'
    0000022A 3E                     599 	.db #0x3e	; 62
    0000022B 00                     600 	.db #0x00	; 0
    0000022C 3E                     601 	.db #0x3e	; 62
    0000022D 62                     602 	.db #0x62	; 98	'b'
    0000022E 5E                     603 	.db #0x5e	; 94
    0000022F 44                     604 	.db #0x44	; 68	'D'
    00000230 5C                     605 	.db #0x5c	; 92
    00000231 50                     606 	.db #0x50	; 80	'P'
    00000232 70                     607 	.db #0x70	; 112	'p'
    00000233 00                     608 	.db #0x00	; 0
    00000234 00                     609 	.db #0x00	; 0
    00000235 3E                     610 	.db #0x3e	; 62
    00000236 62                     611 	.db #0x62	; 98	'b'
    00000237 5A                     612 	.db #0x5a	; 90	'Z'
    00000238 62                     613 	.db #0x62	; 98	'b'
    00000239 7A                     614 	.db #0x7a	; 122	'z'
    0000023A 46                     615 	.db #0x46	; 70	'F'
    0000023B 7C                     616 	.db #0x7c	; 124
    0000023C 70                     617 	.db #0x70	; 112	'p'
    0000023D 50                     618 	.db #0x50	; 80	'P'
    0000023E 5C                     619 	.db #0x5c	; 92
    0000023F 46                     620 	.db #0x46	; 70	'F'
    00000240 5A                     621 	.db #0x5a	; 90	'Z'
    00000241 5A                     622 	.db #0x5a	; 90	'Z'
    00000242 7E                     623 	.db #0x7e	; 126
    00000243 00                     624 	.db #0x00	; 0
    00000244 00                     625 	.db #0x00	; 0
    00000245 38                     626 	.db #0x38	; 56	'8'
    00000246 28                     627 	.db #0x28	; 40
    00000247 38                     628 	.db #0x38	; 56	'8'
    00000248 2C                     629 	.db #0x2c	; 44
    00000249 24                     630 	.db #0x24	; 36
    0000024A 3C                     631 	.db #0x3c	; 60
    0000024B 00                     632 	.db #0x00	; 0
    0000024C 00                     633 	.db #0x00	; 0
    0000024D 0E                     634 	.db #0x0e	; 14
    0000024E 0A                     635 	.db #0x0a	; 10
    0000024F 0E                     636 	.db #0x0e	; 14
    00000250 7A                     637 	.db #0x7a	; 122	'z'
    00000251 5A                     638 	.db #0x5a	; 90	'Z'
    00000252 66                     639 	.db #0x66	; 102	'f'
    00000253 3C                     640 	.db #0x3c	; 60
    00000254 70                     641 	.db #0x70	; 112	'p'
    00000255 50                     642 	.db #0x50	; 80	'P'
    00000256 5E                     643 	.db #0x5e	; 94
    00000257 52                     644 	.db #0x52	; 82	'R'
    00000258 4E                     645 	.db #0x4e	; 78	'N'
    00000259 52                     646 	.db #0x52	; 82	'R'
    0000025A 7E                     647 	.db #0x7e	; 126
    0000025B 00                     648 	.db #0x00	; 0
    0000025C 38                     649 	.db #0x38	; 56	'8'
    0000025D 28                     650 	.db #0x28	; 40
    0000025E 28                     651 	.db #0x28	; 40
    0000025F 28                     652 	.db #0x28	; 40
    00000260 2C                     653 	.db #0x2c	; 44
    00000261 34                     654 	.db #0x34	; 52	'4'
    00000262 1C                     655 	.db #0x1c	; 28
    00000263 00                     656 	.db #0x00	; 0
    00000264 00                     657 	.db #0x00	; 0
    00000265 00                     658 	.db #0x00	; 0
    00000266 FC                     659 	.db #0xfc	; 252
    00000267 86                     660 	.db #0x86	; 134
    00000268 AA                     661 	.db #0xaa	; 170
    00000269 AA                     662 	.db #0xaa	; 170
    0000026A FE                     663 	.db #0xfe	; 254
    0000026B 00                     664 	.db #0x00	; 0
    0000026C 00                     665 	.db #0x00	; 0
    0000026D 00                     666 	.db #0x00	; 0
    0000026E 7C                     667 	.db #0x7c	; 124
    0000026F 46                     668 	.db #0x46	; 70	'F'
    00000270 5A                     669 	.db #0x5a	; 90	'Z'
    00000271 5A                     670 	.db #0x5a	; 90	'Z'
    00000272 7E                     671 	.db #0x7e	; 126
    00000273 00                     672 	.db #0x00	; 0
    00000274 00                     673 	.db #0x00	; 0
    00000275 00                     674 	.db #0x00	; 0
    00000276 3C                     675 	.db #0x3c	; 60
    00000277 66                     676 	.db #0x66	; 102	'f'
    00000278 5A                     677 	.db #0x5a	; 90	'Z'
    00000279 66                     678 	.db #0x66	; 102	'f'
    0000027A 3C                     679 	.db #0x3c	; 60
    0000027B 00                     680 	.db #0x00	; 0
    0000027C 00                     681 	.db #0x00	; 0
    0000027D 00                     682 	.db #0x00	; 0
    0000027E 7C                     683 	.db #0x7c	; 124
    0000027F 46                     684 	.db #0x46	; 70	'F'
    00000280 5A                     685 	.db #0x5a	; 90	'Z'
    00000281 46                     686 	.db #0x46	; 70	'F'
    00000282 5C                     687 	.db #0x5c	; 92
    00000283 70                     688 	.db #0x70	; 112	'p'
    00000284 00                     689 	.db #0x00	; 0
    00000285 00                     690 	.db #0x00	; 0
    00000286 3C                     691 	.db #0x3c	; 60
    00000287 62                     692 	.db #0x62	; 98	'b'
    00000288 5A                     693 	.db #0x5a	; 90	'Z'
    00000289 62                     694 	.db #0x62	; 98	'b'
    0000028A 3A                     695 	.db #0x3a	; 58
    0000028B 0E                     696 	.db #0x0e	; 14
    0000028C 00                     697 	.db #0x00	; 0
    0000028D 7E                     698 	.db #0x7e	; 126
    0000028E 52                     699 	.db #0x52	; 82	'R'
    0000028F 4E                     700 	.db #0x4e	; 78	'N'
    00000290 58                     701 	.db #0x58	; 88	'X'
    00000291 50                     702 	.db #0x50	; 80	'P'
    00000292 70                     703 	.db #0x70	; 112	'p'
    00000293 00                     704 	.db #0x00	; 0
    00000294 3C                     705 	.db #0x3c	; 60
    00000295 64                     706 	.db #0x64	; 100	'd'
    00000296 5C                     707 	.db #0x5c	; 92
    00000297 66                     708 	.db #0x66	; 102	'f'
    00000298 3A                     709 	.db #0x3a	; 58
    00000299 26                     710 	.db #0x26	; 38
    0000029A 3C                     711 	.db #0x3c	; 60
    0000029B 00                     712 	.db #0x00	; 0
    0000029C 70                     713 	.db #0x70	; 112	'p'
    0000029D 58                     714 	.db #0x58	; 88	'X'
    0000029E 48                     715 	.db #0x48	; 72	'H'
    0000029F 58                     716 	.db #0x58	; 88	'X'
    000002A0 5C                     717 	.db #0x5c	; 92
    000002A1 64                     718 	.db #0x64	; 100	'd'
    000002A2 3C                     719 	.db #0x3c	; 60
    000002A3 00                     720 	.db #0x00	; 0
    000002A4 00                     721 	.db #0x00	; 0
    000002A5 00                     722 	.db #0x00	; 0
    000002A6 7E                     723 	.db #0x7e	; 126
    000002A7 5A                     724 	.db #0x5a	; 90	'Z'
    000002A8 5A                     725 	.db #0x5a	; 90	'Z'
    000002A9 62                     726 	.db #0x62	; 98	'b'
    000002AA 3E                     727 	.db #0x3e	; 62
    000002AB 00                     728 	.db #0x00	; 0
    000002AC 00                     729 	.db #0x00	; 0
    000002AD 00                     730 	.db #0x00	; 0
    000002AE 7E                     731 	.db #0x7e	; 126
    000002AF 5A                     732 	.db #0x5a	; 90	'Z'
    000002B0 56                     733 	.db #0x56	; 86	'V'
    000002B1 6C                     734 	.db #0x6c	; 108	'l'
    000002B2 38                     735 	.db #0x38	; 56	'8'
    000002B3 00                     736 	.db #0x00	; 0
    000002B4 00                     737 	.db #0x00	; 0
    000002B5 00                     738 	.db #0x00	; 0
    000002B6 FE                     739 	.db #0xfe	; 254
    000002B7 AA                     740 	.db #0xaa	; 170
    000002B8 AA                     741 	.db #0xaa	; 170
    000002B9 D6                     742 	.db #0xd6	; 214
    000002BA 7C                     743 	.db #0x7c	; 124
    000002BB 00                     744 	.db #0x00	; 0
    000002BC 00                     745 	.db #0x00	; 0
    000002BD 00                     746 	.db #0x00	; 0
    000002BE 7C                     747 	.db #0x7c	; 124
    000002BF 54                     748 	.db #0x54	; 84	'T'
    000002C0 6C                     749 	.db #0x6c	; 108	'l'
    000002C1 54                     750 	.db #0x54	; 84	'T'
    000002C2 7C                     751 	.db #0x7c	; 124
    000002C3 00                     752 	.db #0x00	; 0
    000002C4 00                     753 	.db #0x00	; 0
    000002C5 00                     754 	.db #0x00	; 0
    000002C6 7E                     755 	.db #0x7e	; 126
    000002C7 4A                     756 	.db #0x4a	; 74	'J'
    000002C8 72                     757 	.db #0x72	; 114	'r'
    000002C9 7A                     758 	.db #0x7a	; 122	'z'
    000002CA 46                     759 	.db #0x46	; 70	'F'
    000002CB 7C                     760 	.db #0x7c	; 124
    000002CC 00                     761 	.db #0x00	; 0
    000002CD 00                     762 	.db #0x00	; 0
    000002CE 7E                     763 	.db #0x7e	; 126
    000002CF 42                     764 	.db #0x42	; 66	'B'
    000002D0 76                     765 	.db #0x76	; 118	'v'
    000002D1 6E                     766 	.db #0x6e	; 110	'n'
    000002D2 42                     767 	.db #0x42	; 66	'B'
    000002D3 7E                     768 	.db #0x7e	; 126
    000002D4 3C                     769 	.db #0x3c	; 60
    000002D5 24                     770 	.db #0x24	; 36
    000002D6 6C                     771 	.db #0x6c	; 108	'l'
    000002D7 48                     772 	.db #0x48	; 72	'H'
    000002D8 6C                     773 	.db #0x6c	; 108	'l'
    000002D9 24                     774 	.db #0x24	; 36
    000002DA 3C                     775 	.db #0x3c	; 60
    000002DB 00                     776 	.db #0x00	; 0
    000002DC 38                     777 	.db #0x38	; 56	'8'
    000002DD 28                     778 	.db #0x28	; 40
    000002DE 28                     779 	.db #0x28	; 40
    000002DF 28                     780 	.db #0x28	; 40
    000002E0 28                     781 	.db #0x28	; 40
    000002E1 28                     782 	.db #0x28	; 40
    000002E2 38                     783 	.db #0x38	; 56	'8'
    000002E3 00                     784 	.db #0x00	; 0
    000002E4 78                     785 	.db #0x78	; 120	'x'
    000002E5 48                     786 	.db #0x48	; 72	'H'
    000002E6 6C                     787 	.db #0x6c	; 108	'l'
    000002E7 24                     788 	.db #0x24	; 36
    000002E8 6C                     789 	.db #0x6c	; 108	'l'
    000002E9 48                     790 	.db #0x48	; 72	'H'
    000002EA 78                     791 	.db #0x78	; 120	'x'
    000002EB 00                     792 	.db #0x00	; 0
    000002EC 00                     793 	.db #0x00	; 0
    000002ED 3E                     794 	.db #0x3e	; 62
    000002EE 6A                     795 	.db #0x6a	; 106	'j'
    000002EF 56                     796 	.db #0x56	; 86	'V'
    000002F0 7C                     797 	.db #0x7c	; 124
    000002F1 00                     798 	.db #0x00	; 0
    000002F2 00                     799 	.db #0x00	; 0
    000002F3 00                     800 	.db #0x00	; 0
                                    801 	.area _INITIALIZER
                                    802 	.area _CABS (ABS)
